{"/app/src/App.tsx": {"path":"/app/src/App.tsx","all":false,"statementMap":{"0":{"start":{"line":1,"column":0},"end":{"line":1,"column":49}},"1":{"start":{"line":2,"column":0},"end":{"line":2,"column":52}},"2":{"start":{"line":3,"column":0},"end":{"line":3,"column":54}},"3":{"start":{"line":4,"column":0},"end":{"line":4,"column":60}},"4":{"start":{"line":5,"column":0},"end":{"line":5,"column":36}},"6":{"start":{"line":7,"column":0},"end":{"line":7,"column":23}},"7":{"start":{"line":8,"column":0},"end":{"line":8,"column":10}},"8":{"start":{"line":9,"column":0},"end":{"line":9,"column":19}},"9":{"start":{"line":10,"column":0},"end":{"line":10,"column":21}},"10":{"start":{"line":11,"column":0},"end":{"line":11,"column":20}},"11":{"start":{"line":12,"column":0},"end":{"line":12,"column":25}},"12":{"start":{"line":13,"column":0},"end":{"line":13,"column":39}},"13":{"start":{"line":14,"column":0},"end":{"line":14,"column":24}},"14":{"start":{"line":15,"column":0},"end":{"line":15,"column":16}},"15":{"start":{"line":16,"column":0},"end":{"line":16,"column":26}},"16":{"start":{"line":17,"column":0},"end":{"line":17,"column":21}},"17":{"start":{"line":18,"column":0},"end":{"line":18,"column":20}},"19":{"start":{"line":20,"column":0},"end":{"line":20,"column":1}}},"s":{"0":1,"1":1,"2":1,"3":1,"4":1,"6":1,"7":1,"8":1,"9":1,"10":1,"11":1,"12":1,"13":1,"14":1,"15":1,"16":1,"17":1,"19":1},"branchMap":{"0":{"type":"branch","line":7,"loc":{"start":{"line":7,"column":7},"end":{"line":20,"column":1}},"locations":[{"start":{"line":7,"column":7},"end":{"line":20,"column":1}}]}},"b":{"0":[1]},"fnMap":{"0":{"name":"App","decl":{"start":{"line":7,"column":7},"end":{"line":20,"column":1}},"loc":{"start":{"line":7,"column":7},"end":{"line":20,"column":1}},"line":7}},"f":{"0":1}}
,"/app/src/main.tsx": {"path":"/app/src/main.tsx","all":false,"statementMap":{"0":{"start":{"line":1,"column":0},"end":{"line":1,"column":26}},"1":{"start":{"line":2,"column":0},"end":{"line":2,"column":40}},"2":{"start":{"line":3,"column":0},"end":{"line":3,"column":28}},"4":{"start":{"line":5,"column":0},"end":{"line":5,"column":61}},"5":{"start":{"line":6,"column":0},"end":{"line":6,"column":20}},"6":{"start":{"line":7,"column":0},"end":{"line":7,"column":11}},"7":{"start":{"line":8,"column":0},"end":{"line":8,"column":21}},"8":{"start":{"line":9,"column":0},"end":{"line":9,"column":2}}},"s":{"0":1,"1":1,"2":1,"4":1,"5":1,"6":1,"7":1,"8":1},"branchMap":{},"b":{},"fnMap":{},"f":{}}
,"/app/src/components/AdminReservationCrud/AdminReservationCrud.tsx": {"path":"/app/src/components/AdminReservationCrud/AdminReservationCrud.tsx","all":false,"statementMap":{"0":{"start":{"line":1,"column":0},"end":{"line":1,"column":40}},"1":{"start":{"line":2,"column":0},"end":{"line":2,"column":58}},"2":{"start":{"line":3,"column":0},"end":{"line":3,"column":180}},"4":{"start":{"line":5,"column":0},"end":{"line":5,"column":46}},"5":{"start":{"line":6,"column":0},"end":{"line":6,"column":68}},"6":{"start":{"line":7,"column":0},"end":{"line":7,"column":44}},"7":{"start":{"line":8,"column":0},"end":{"line":8,"column":11}},"8":{"start":{"line":9,"column":0},"end":{"line":9,"column":14}},"9":{"start":{"line":10,"column":0},"end":{"line":10,"column":16}},"10":{"start":{"line":11,"column":0},"end":{"line":11,"column":16}},"11":{"start":{"line":12,"column":0},"end":{"line":12,"column":17}},"12":{"start":{"line":13,"column":0},"end":{"line":13,"column":70}},"13":{"start":{"line":14,"column":0},"end":{"line":14,"column":5}},"15":{"start":{"line":16,"column":0},"end":{"line":16,"column":38}},"16":{"start":{"line":17,"column":0},"end":{"line":17,"column":21}},"17":{"start":{"line":18,"column":0},"end":{"line":18,"column":22}},"18":{"start":{"line":19,"column":0},"end":{"line":19,"column":7}},"19":{"start":{"line":20,"column":0},"end":{"line":20,"column":20}},"20":{"start":{"line":21,"column":0},"end":{"line":21,"column":41}},"21":{"start":{"line":22,"column":0},"end":{"line":22,"column":8}},"22":{"start":{"line":23,"column":0},"end":{"line":23,"column":7}},"23":{"start":{"line":24,"column":0},"end":{"line":24,"column":17}},"24":{"start":{"line":25,"column":0},"end":{"line":25,"column":13}},"25":{"start":{"line":26,"column":0},"end":{"line":26,"column":16}},"26":{"start":{"line":27,"column":0},"end":{"line":27,"column":18}},"27":{"start":{"line":28,"column":0},"end":{"line":28,"column":18}},"28":{"start":{"line":29,"column":0},"end":{"line":29,"column":19}},"29":{"start":{"line":30,"column":0},"end":{"line":30,"column":27}},"30":{"start":{"line":31,"column":0},"end":{"line":31,"column":7}},"31":{"start":{"line":32,"column":0},"end":{"line":32,"column":4}},"33":{"start":{"line":34,"column":0},"end":{"line":34,"column":51}},"34":{"start":{"line":35,"column":0},"end":{"line":35,"column":65}},"35":{"start":{"line":36,"column":0},"end":{"line":36,"column":4}},"37":{"start":{"line":38,"column":0},"end":{"line":38,"column":49}},"38":{"start":{"line":39,"column":0},"end":{"line":39,"column":66}},"39":{"start":{"line":40,"column":0},"end":{"line":40,"column":22}},"40":{"start":{"line":41,"column":0},"end":{"line":41,"column":31}},"41":{"start":{"line":42,"column":0},"end":{"line":42,"column":5}},"42":{"start":{"line":43,"column":0},"end":{"line":43,"column":4}},"44":{"start":{"line":45,"column":0},"end":{"line":45,"column":41}},"45":{"start":{"line":46,"column":0},"end":{"line":46,"column":20}},"46":{"start":{"line":47,"column":0},"end":{"line":47,"column":74}},"47":{"start":{"line":48,"column":0},"end":{"line":48,"column":6}},"48":{"start":{"line":49,"column":0},"end":{"line":49,"column":17}},"49":{"start":{"line":50,"column":0},"end":{"line":50,"column":13}},"50":{"start":{"line":51,"column":0},"end":{"line":51,"column":16}},"51":{"start":{"line":52,"column":0},"end":{"line":52,"column":18}},"52":{"start":{"line":53,"column":0},"end":{"line":53,"column":18}},"53":{"start":{"line":54,"column":0},"end":{"line":54,"column":19}},"54":{"start":{"line":55,"column":0},"end":{"line":55,"column":27}},"55":{"start":{"line":56,"column":0},"end":{"line":56,"column":7}},"56":{"start":{"line":57,"column":0},"end":{"line":57,"column":4}},"58":{"start":{"line":59,"column":0},"end":{"line":59,"column":51}},"59":{"start":{"line":60,"column":0},"end":{"line":60,"column":20}},"60":{"start":{"line":61,"column":0},"end":{"line":61,"column":31}},"61":{"start":{"line":62,"column":0},"end":{"line":62,"column":61}},"62":{"start":{"line":63,"column":0},"end":{"line":63,"column":7}},"63":{"start":{"line":64,"column":0},"end":{"line":64,"column":6}},"64":{"start":{"line":65,"column":0},"end":{"line":65,"column":4}},"66":{"start":{"line":67,"column":0},"end":{"line":67,"column":10}},"67":{"start":{"line":68,"column":0},"end":{"line":68,"column":15}},"68":{"start":{"line":69,"column":0},"end":{"line":69,"column":82}},"69":{"start":{"line":70,"column":0},"end":{"line":70,"column":46}},"71":{"start":{"line":72,"column":0},"end":{"line":72,"column":21}},"72":{"start":{"line":73,"column":0},"end":{"line":73,"column":14}},"73":{"start":{"line":74,"column":0},"end":{"line":74,"column":21}},"74":{"start":{"line":75,"column":0},"end":{"line":75,"column":30}},"75":{"start":{"line":76,"column":0},"end":{"line":76,"column":32}},"76":{"start":{"line":77,"column":0},"end":{"line":77,"column":79}},"77":{"start":{"line":78,"column":0},"end":{"line":78,"column":10}},"78":{"start":{"line":79,"column":0},"end":{"line":79,"column":14}},"79":{"start":{"line":80,"column":0},"end":{"line":80,"column":21}},"80":{"start":{"line":81,"column":0},"end":{"line":81,"column":32}},"81":{"start":{"line":82,"column":0},"end":{"line":82,"column":34}},"82":{"start":{"line":83,"column":0},"end":{"line":83,"column":26}},"83":{"start":{"line":84,"column":0},"end":{"line":84,"column":65}},"85":{"start":{"line":86,"column":0},"end":{"line":86,"column":10}},"86":{"start":{"line":87,"column":0},"end":{"line":87,"column":14}},"87":{"start":{"line":88,"column":0},"end":{"line":88,"column":21}},"88":{"start":{"line":89,"column":0},"end":{"line":89,"column":32}},"89":{"start":{"line":90,"column":0},"end":{"line":90,"column":34}},"90":{"start":{"line":91,"column":0},"end":{"line":91,"column":26}},"91":{"start":{"line":92,"column":0},"end":{"line":92,"column":65}},"93":{"start":{"line":94,"column":0},"end":{"line":94,"column":10}},"94":{"start":{"line":95,"column":0},"end":{"line":95,"column":14}},"95":{"start":{"line":96,"column":0},"end":{"line":96,"column":21}},"96":{"start":{"line":97,"column":0},"end":{"line":97,"column":33}},"97":{"start":{"line":98,"column":0},"end":{"line":98,"column":35}},"98":{"start":{"line":99,"column":0},"end":{"line":99,"column":26}},"99":{"start":{"line":100,"column":0},"end":{"line":100,"column":66}},"101":{"start":{"line":102,"column":0},"end":{"line":102,"column":10}},"102":{"start":{"line":103,"column":0},"end":{"line":103,"column":15}},"103":{"start":{"line":104,"column":0},"end":{"line":104,"column":33}},"104":{"start":{"line":105,"column":0},"end":{"line":105,"column":26}},"105":{"start":{"line":106,"column":0},"end":{"line":106,"column":109}},"108":{"start":{"line":109,"column":0},"end":{"line":109,"column":56}},"109":{"start":{"line":110,"column":0},"end":{"line":110,"column":54}},"110":{"start":{"line":111,"column":0},"end":{"line":111,"column":56}},"111":{"start":{"line":112,"column":0},"end":{"line":112,"column":17}},"112":{"start":{"line":113,"column":0},"end":{"line":113,"column":87}},"113":{"start":{"line":114,"column":0},"end":{"line":114,"column":51}},"114":{"start":{"line":115,"column":0},"end":{"line":115,"column":17}},"115":{"start":{"line":116,"column":0},"end":{"line":116,"column":22}},"117":{"start":{"line":118,"column":0},"end":{"line":118,"column":23}},"118":{"start":{"line":119,"column":0},"end":{"line":119,"column":44}},"119":{"start":{"line":120,"column":0},"end":{"line":120,"column":48}},"120":{"start":{"line":121,"column":0},"end":{"line":121,"column":40}},"121":{"start":{"line":122,"column":0},"end":{"line":122,"column":67}},"122":{"start":{"line":123,"column":0},"end":{"line":123,"column":67}},"123":{"start":{"line":124,"column":0},"end":{"line":124,"column":69}},"124":{"start":{"line":125,"column":0},"end":{"line":125,"column":53}},"125":{"start":{"line":126,"column":0},"end":{"line":126,"column":34}},"126":{"start":{"line":127,"column":0},"end":{"line":127,"column":26}},"127":{"start":{"line":128,"column":0},"end":{"line":128,"column":29}},"128":{"start":{"line":129,"column":0},"end":{"line":129,"column":83}},"130":{"start":{"line":131,"column":0},"end":{"line":131,"column":30}},"132":{"start":{"line":133,"column":0},"end":{"line":133,"column":84}},"134":{"start":{"line":135,"column":0},"end":{"line":135,"column":29}},"135":{"start":{"line":136,"column":0},"end":{"line":136,"column":84}},"137":{"start":{"line":138,"column":0},"end":{"line":138,"column":29}},"138":{"start":{"line":139,"column":0},"end":{"line":139,"column":30}},"139":{"start":{"line":140,"column":0},"end":{"line":140,"column":28}},"140":{"start":{"line":141,"column":0},"end":{"line":141,"column":11}},"141":{"start":{"line":142,"column":0},"end":{"line":142,"column":24}},"142":{"start":{"line":143,"column":0},"end":{"line":143,"column":16}},"144":{"start":{"line":145,"column":0},"end":{"line":145,"column":2}},"146":{"start":{"line":147,"column":0},"end":{"line":147,"column":36}}},"s":{"0":1,"1":1,"2":1,"4":1,"5":67,"6":67,"7":67,"8":67,"9":67,"10":67,"11":67,"12":67,"13":67,"15":67,"16":1,"17":1,"18":1,"19":1,"20":1,"21":1,"22":1,"23":1,"24":1,"25":1,"26":1,"27":1,"28":1,"29":1,"30":1,"31":1,"33":67,"34":1,"35":1,"37":67,"38":1,"39":1,"40":1,"41":1,"42":1,"44":67,"45":1,"46":1,"47":1,"48":1,"49":1,"50":1,"51":1,"52":1,"53":1,"54":1,"55":1,"56":1,"58":67,"59":0,"60":0,"61":0,"62":0,"63":0,"64":0,"66":67,"67":67,"68":67,"69":67,"71":67,"72":67,"73":67,"74":67,"75":67,"76":67,"77":67,"78":67,"79":67,"80":67,"81":67,"82":67,"83":10,"85":67,"86":67,"87":67,"88":67,"89":67,"90":67,"91":10,"93":67,"94":67,"95":67,"96":67,"97":67,"98":67,"99":10,"101":67,"102":67,"103":67,"104":67,"105":1,"108":67,"109":67,"110":67,"111":67,"112":67,"113":67,"114":67,"115":67,"117":67,"118":67,"119":70,"120":70,"121":70,"122":70,"123":70,"124":70,"125":70,"126":70,"127":70,"128":70,"130":70,"132":70,"134":70,"135":70,"137":70,"138":70,"139":70,"140":67,"141":67,"142":67,"144":67,"146":1},"branchMap":{"0":{"type":"branch","line":5,"loc":{"start":{"line":5,"column":39},"end":{"line":145,"column":2}},"locations":[{"start":{"line":5,"column":39},"end":{"line":145,"column":2}}]},"1":{"type":"branch","line":113,"loc":{"start":{"line":113,"column":34},"end":{"line":113,"column":65}},"locations":[{"start":{"line":113,"column":34},"end":{"line":113,"column":65}}]},"2":{"type":"branch","line":113,"loc":{"start":{"line":113,"column":39},"end":{"line":113,"column":87}},"locations":[{"start":{"line":113,"column":39},"end":{"line":113,"column":87}}]},"3":{"type":"branch","line":114,"loc":{"start":{"line":114,"column":20},"end":{"line":114,"column":39}},"locations":[{"start":{"line":114,"column":20},"end":{"line":114,"column":39}}]},"4":{"type":"branch","line":114,"loc":{"start":{"line":114,"column":25},"end":{"line":114,"column":51}},"locations":[{"start":{"line":114,"column":25},"end":{"line":114,"column":51}}]},"5":{"type":"branch","line":16,"loc":{"start":{"line":16,"column":31},"end":{"line":32,"column":4}},"locations":[{"start":{"line":16,"column":31},"end":{"line":32,"column":4}}]},"6":{"type":"branch","line":34,"loc":{"start":{"line":34,"column":34},"end":{"line":36,"column":4}},"locations":[{"start":{"line":34,"column":34},"end":{"line":36,"column":4}}]},"7":{"type":"branch","line":35,"loc":{"start":{"line":35,"column":40},"end":{"line":35,"column":62}},"locations":[{"start":{"line":35,"column":40},"end":{"line":35,"column":62}}]},"8":{"type":"branch","line":38,"loc":{"start":{"line":38,"column":32},"end":{"line":43,"column":4}},"locations":[{"start":{"line":38,"column":32},"end":{"line":43,"column":4}}]},"9":{"type":"branch","line":39,"loc":{"start":{"line":39,"column":42},"end":{"line":39,"column":64}},"locations":[{"start":{"line":39,"column":42},"end":{"line":39,"column":64}}]},"10":{"type":"branch","line":45,"loc":{"start":{"line":45,"column":34},"end":{"line":57,"column":4}},"locations":[{"start":{"line":45,"column":34},"end":{"line":57,"column":4}}]},"11":{"type":"branch","line":47,"loc":{"start":{"line":47,"column":23},"end":{"line":47,"column":73}},"locations":[{"start":{"line":47,"column":23},"end":{"line":47,"column":73}}]},"12":{"type":"branch","line":47,"loc":{"start":{"line":47,"column":58},"end":{"line":47,"column":73}},"locations":[{"start":{"line":47,"column":58},"end":{"line":47,"column":73}}]},"13":{"type":"branch","line":77,"loc":{"start":{"line":77,"column":20},"end":{"line":77,"column":79}},"locations":[{"start":{"line":77,"column":20},"end":{"line":77,"column":79}}]},"14":{"type":"branch","line":83,"loc":{"start":{"line":83,"column":20},"end":{"line":84,"column":65}},"locations":[{"start":{"line":83,"column":20},"end":{"line":84,"column":65}}]},"15":{"type":"branch","line":91,"loc":{"start":{"line":91,"column":20},"end":{"line":92,"column":65}},"locations":[{"start":{"line":91,"column":20},"end":{"line":92,"column":65}}]},"16":{"type":"branch","line":99,"loc":{"start":{"line":99,"column":20},"end":{"line":100,"column":66}},"locations":[{"start":{"line":99,"column":20},"end":{"line":100,"column":66}}]},"17":{"type":"branch","line":105,"loc":{"start":{"line":105,"column":20},"end":{"line":106,"column":109}},"locations":[{"start":{"line":105,"column":20},"end":{"line":106,"column":109}}]},"18":{"type":"branch","line":119,"loc":{"start":{"line":119,"column":26},"end":{"line":140,"column":28}},"locations":[{"start":{"line":119,"column":26},"end":{"line":140,"column":28}}]},"19":{"type":"branch","line":129,"loc":{"start":{"line":129,"column":38},"end":{"line":129,"column":83}},"locations":[{"start":{"line":129,"column":38},"end":{"line":129,"column":83}}]},"20":{"type":"branch","line":136,"loc":{"start":{"line":136,"column":37},"end":{"line":136,"column":84}},"locations":[{"start":{"line":136,"column":37},"end":{"line":136,"column":84}}]}},"b":{"0":[67],"1":[17],"2":[50],"3":[17],"4":[50],"5":[1],"6":[1],"7":[1],"8":[1],"9":[1],"10":[1],"11":[1],"12":[0],"13":[28],"14":[10],"15":[10],"16":[10],"17":[1],"18":[70],"19":[1],"20":[1]},"fnMap":{"0":{"name":"AdminReservationCrud","decl":{"start":{"line":5,"column":39},"end":{"line":145,"column":2}},"loc":{"start":{"line":5,"column":39},"end":{"line":145,"column":2}},"line":5},"1":{"name":"handleAddReservation","decl":{"start":{"line":16,"column":31},"end":{"line":32,"column":4}},"loc":{"start":{"line":16,"column":31},"end":{"line":32,"column":4}},"line":16},"2":{"name":"handleDeleteReservation","decl":{"start":{"line":34,"column":34},"end":{"line":36,"column":4}},"loc":{"start":{"line":34,"column":34},"end":{"line":36,"column":4}},"line":34},"3":{"name":"handleEditReservation","decl":{"start":{"line":38,"column":32},"end":{"line":43,"column":4}},"loc":{"start":{"line":38,"column":32},"end":{"line":43,"column":4}},"line":38},"4":{"name":"handleUpdateReservation","decl":{"start":{"line":45,"column":34},"end":{"line":57,"column":4}},"loc":{"start":{"line":45,"column":34},"end":{"line":57,"column":4}},"line":45},"5":{"name":"handleCancelReservation","decl":{"start":{"line":59,"column":34},"end":{"line":65,"column":4}},"loc":{"start":{"line":59,"column":34},"end":{"line":65,"column":4}},"line":59},"6":{"name":"onChange","decl":{"start":{"line":77,"column":20},"end":{"line":77,"column":79}},"loc":{"start":{"line":77,"column":20},"end":{"line":77,"column":79}},"line":77},"7":{"name":"onChange","decl":{"start":{"line":83,"column":20},"end":{"line":84,"column":65}},"loc":{"start":{"line":83,"column":20},"end":{"line":84,"column":65}},"line":83},"8":{"name":"onChange","decl":{"start":{"line":91,"column":20},"end":{"line":92,"column":65}},"loc":{"start":{"line":91,"column":20},"end":{"line":92,"column":65}},"line":91},"9":{"name":"onChange","decl":{"start":{"line":99,"column":20},"end":{"line":100,"column":66}},"loc":{"start":{"line":99,"column":20},"end":{"line":100,"column":66}},"line":99},"10":{"name":"onChange","decl":{"start":{"line":105,"column":20},"end":{"line":106,"column":109}},"loc":{"start":{"line":105,"column":20},"end":{"line":106,"column":109}},"line":105},"11":{"name":"onClick","decl":{"start":{"line":129,"column":38},"end":{"line":129,"column":83}},"loc":{"start":{"line":129,"column":38},"end":{"line":129,"column":83}},"line":129},"12":{"name":"onClick","decl":{"start":{"line":133,"column":37},"end":{"line":133,"column":84}},"loc":{"start":{"line":133,"column":37},"end":{"line":133,"column":84}},"line":133},"13":{"name":"onClick","decl":{"start":{"line":136,"column":37},"end":{"line":136,"column":84}},"loc":{"start":{"line":136,"column":37},"end":{"line":136,"column":84}},"line":136}},"f":{"0":67,"1":1,"2":1,"3":1,"4":1,"5":0,"6":28,"7":10,"8":10,"9":10,"10":1,"11":1,"12":0,"13":1}}
,"/app/src/components/AdminReservationCrud/styles.ts": {"path":"/app/src/components/AdminReservationCrud/styles.ts","all":false,"statementMap":{"0":{"start":{"line":1,"column":0},"end":{"line":1,"column":39}},"6":{"start":{"line":7,"column":0},"end":{"line":7,"column":36}},"10":{"start":{"line":11,"column":0},"end":{"line":11,"column":38}},"18":{"start":{"line":19,"column":0},"end":{"line":19,"column":31}},"26":{"start":{"line":27,"column":0},"end":{"line":27,"column":40}},"34":{"start":{"line":35,"column":0},"end":{"line":35,"column":34}},"44":{"start":{"line":45,"column":0},"end":{"line":45,"column":36}},"54":{"start":{"line":55,"column":0},"end":{"line":55,"column":41}},"63":{"start":{"line":64,"column":0},"end":{"line":64,"column":41}},"73":{"start":{"line":74,"column":0},"end":{"line":74,"column":57}},"74":{"start":{"line":75,"column":0},"end":{"line":75,"column":37}},"75":{"start":{"line":76,"column":0},"end":{"line":76,"column":27}},"76":{"start":{"line":77,"column":0},"end":{"line":77,"column":15}},"77":{"start":{"line":78,"column":0},"end":{"line":78,"column":30}},"78":{"start":{"line":79,"column":0},"end":{"line":79,"column":13}},"79":{"start":{"line":80,"column":0},"end":{"line":80,"column":16}},"88":{"start":{"line":89,"column":0},"end":{"line":89,"column":45}},"92":{"start":{"line":93,"column":0},"end":{"line":93,"column":41}},"98":{"start":{"line":99,"column":0},"end":{"line":99,"column":43}},"113":{"start":{"line":114,"column":0},"end":{"line":114,"column":42}},"128":{"start":{"line":129,"column":0},"end":{"line":129,"column":42}},"143":{"start":{"line":144,"column":0},"end":{"line":144,"column":42}}},"s":{"0":1,"6":1,"10":1,"18":1,"26":1,"34":1,"44":1,"54":1,"63":1,"73":1,"74":1,"75":70,"76":68,"77":2,"78":1,"79":1,"88":1,"92":1,"98":1,"113":1,"128":1,"143":1},"branchMap":{"0":{"type":"branch","line":75,"loc":{"start":{"line":75,"column":22},"end":{"line":80,"column":14}},"locations":[{"start":{"line":75,"column":22},"end":{"line":80,"column":14}}]},"1":{"type":"branch","line":76,"loc":{"start":{"line":76,"column":15},"end":{"line":77,"column":15}},"locations":[{"start":{"line":76,"column":15},"end":{"line":77,"column":15}}]},"2":{"type":"branch","line":77,"loc":{"start":{"line":77,"column":8},"end":{"line":80,"column":14}},"locations":[{"start":{"line":77,"column":8},"end":{"line":80,"column":14}}]},"3":{"type":"branch","line":78,"loc":{"start":{"line":78,"column":19},"end":{"line":79,"column":13}},"locations":[{"start":{"line":78,"column":19},"end":{"line":79,"column":13}}]},"4":{"type":"branch","line":79,"loc":{"start":{"line":79,"column":8},"end":{"line":80,"column":14}},"locations":[{"start":{"line":79,"column":8},"end":{"line":80,"column":14}}]}},"b":{"0":[70],"1":[68],"2":[2],"3":[1],"4":[1]},"fnMap":{},"f":{}}
,"/app/src/components/BackButton/index.tsx": {"path":"/app/src/components/BackButton/index.tsx","all":false,"statementMap":{"0":{"start":{"line":1,"column":0},"end":{"line":1,"column":50}},"1":{"start":{"line":2,"column":0},"end":{"line":2,"column":61}},"3":{"start":{"line":4,"column":0},"end":{"line":4,"column":30}},"4":{"start":{"line":5,"column":0},"end":{"line":5,"column":29}},"6":{"start":{"line":7,"column":0},"end":{"line":7,"column":10}},"7":{"start":{"line":8,"column":0},"end":{"line":8,"column":25}},"8":{"start":{"line":9,"column":0},"end":{"line":9,"column":37}},"10":{"start":{"line":11,"column":0},"end":{"line":11,"column":21}},"11":{"start":{"line":12,"column":0},"end":{"line":12,"column":26}},"13":{"start":{"line":14,"column":0},"end":{"line":14,"column":1}}},"s":{"0":1,"1":1,"3":1,"4":4,"6":4,"7":4,"8":4,"10":4,"11":4,"13":4},"branchMap":{"0":{"type":"branch","line":4,"loc":{"start":{"line":4,"column":7},"end":{"line":14,"column":1}},"locations":[{"start":{"line":4,"column":7},"end":{"line":14,"column":1}}]}},"b":{"0":[4]},"fnMap":{"0":{"name":"BackButton","decl":{"start":{"line":4,"column":7},"end":{"line":14,"column":1}},"loc":{"start":{"line":4,"column":7},"end":{"line":14,"column":1}},"line":4}},"f":{"0":4}}
,"/app/src/components/BackButton/styles.ts": {"path":"/app/src/components/BackButton/styles.ts","all":false,"statementMap":{"0":{"start":{"line":1,"column":0},"end":{"line":1,"column":39}},"2":{"start":{"line":3,"column":0},"end":{"line":3,"column":46}},"9":{"start":{"line":10,"column":0},"end":{"line":10,"column":42}}},"s":{"0":1,"2":1,"9":1},"branchMap":{},"b":{},"fnMap":{},"f":{}}
,"/app/src/components/BedroomCard/index.tsx": {"path":"/app/src/components/BedroomCard/index.tsx","all":false,"statementMap":{"0":{"start":{"line":1,"column":0},"end":{"line":1,"column":40}},"1":{"start":{"line":2,"column":0},"end":{"line":2,"column":48}},"2":{"start":{"line":3,"column":0},"end":{"line":3,"column":46}},"4":{"start":{"line":5,"column":0},"end":{"line":5,"column":31}},"5":{"start":{"line":6,"column":0},"end":{"line":6,"column":10}},"6":{"start":{"line":7,"column":0},"end":{"line":7,"column":19}},"7":{"start":{"line":8,"column":0},"end":{"line":8,"column":39}},"8":{"start":{"line":9,"column":0},"end":{"line":9,"column":27}},"9":{"start":{"line":10,"column":0},"end":{"line":10,"column":40}},"10":{"start":{"line":11,"column":0},"end":{"line":11,"column":21}},"11":{"start":{"line":12,"column":0},"end":{"line":12,"column":74}},"12":{"start":{"line":13,"column":0},"end":{"line":13,"column":37}},"13":{"start":{"line":14,"column":0},"end":{"line":14,"column":41}},"14":{"start":{"line":15,"column":0},"end":{"line":15,"column":22}},"15":{"start":{"line":16,"column":0},"end":{"line":16,"column":17}},"16":{"start":{"line":17,"column":0},"end":{"line":17,"column":16}},"17":{"start":{"line":18,"column":0},"end":{"line":18,"column":9}},"18":{"start":{"line":19,"column":0},"end":{"line":19,"column":20}},"20":{"start":{"line":21,"column":0},"end":{"line":21,"column":1}}},"s":{"0":1,"1":1,"2":1,"4":1,"5":2,"6":2,"7":2,"8":12,"9":12,"10":12,"11":12,"12":12,"13":12,"14":12,"15":12,"16":12,"17":2,"18":2,"20":2},"branchMap":{"0":{"type":"branch","line":5,"loc":{"start":{"line":5,"column":7},"end":{"line":21,"column":1}},"locations":[{"start":{"line":5,"column":7},"end":{"line":21,"column":1}}]},"1":{"type":"branch","line":8,"loc":{"start":{"line":8,"column":19},"end":{"line":17,"column":16}},"locations":[{"start":{"line":8,"column":19},"end":{"line":17,"column":16}}]}},"b":{"0":[2],"1":[12]},"fnMap":{"0":{"name":"BedroomCard","decl":{"start":{"line":5,"column":7},"end":{"line":21,"column":1}},"loc":{"start":{"line":5,"column":7},"end":{"line":21,"column":1}},"line":5}},"f":{"0":2}}
,"/app/src/components/BedroomCard/styles.ts": {"path":"/app/src/components/BedroomCard/styles.ts","all":false,"statementMap":{"0":{"start":{"line":1,"column":0},"end":{"line":1,"column":39}},"2":{"start":{"line":3,"column":0},"end":{"line":3,"column":39}},"16":{"start":{"line":17,"column":0},"end":{"line":17,"column":31}}},"s":{"0":1,"2":1,"16":1},"branchMap":{},"b":{},"fnMap":{},"f":{}}
,"/app/src/components/Footer/index.tsx": {"path":"/app/src/components/Footer/index.tsx","all":false,"statementMap":{"0":{"start":{"line":1,"column":0},"end":{"line":1,"column":35}},"2":{"start":{"line":3,"column":0},"end":{"line":3,"column":26}},"3":{"start":{"line":4,"column":0},"end":{"line":4,"column":10}},"4":{"start":{"line":5,"column":0},"end":{"line":5,"column":13}},"5":{"start":{"line":6,"column":0},"end":{"line":6,"column":30}},"6":{"start":{"line":7,"column":0},"end":{"line":7,"column":58}},"7":{"start":{"line":8,"column":0},"end":{"line":8,"column":14}},"9":{"start":{"line":10,"column":0},"end":{"line":10,"column":1}}},"s":{"0":1,"2":1,"3":6,"4":6,"5":6,"6":6,"7":6,"9":6},"branchMap":{"0":{"type":"branch","line":3,"loc":{"start":{"line":3,"column":7},"end":{"line":10,"column":1}},"locations":[{"start":{"line":3,"column":7},"end":{"line":10,"column":1}}]}},"b":{"0":[6]},"fnMap":{"0":{"name":"Footer","decl":{"start":{"line":3,"column":7},"end":{"line":10,"column":1}},"loc":{"start":{"line":3,"column":7},"end":{"line":10,"column":1}},"line":3}},"f":{"0":6}}
,"/app/src/components/Footer/styles.ts": {"path":"/app/src/components/Footer/styles.ts","all":false,"statementMap":{"0":{"start":{"line":1,"column":0},"end":{"line":1,"column":39}},"2":{"start":{"line":3,"column":0},"end":{"line":3,"column":37}}},"s":{"0":1,"2":1},"branchMap":{},"b":{},"fnMap":{},"f":{}}
,"/app/src/components/LoginForm/index.tsx": {"path":"/app/src/components/LoginForm/index.tsx","all":false,"statementMap":{"2":{"start":{"line":3,"column":0},"end":{"line":3,"column":49}},"3":{"start":{"line":4,"column":0},"end":{"line":4,"column":53}},"4":{"start":{"line":5,"column":0},"end":{"line":5,"column":42}},"5":{"start":{"line":6,"column":0},"end":{"line":6,"column":8}},"16":{"start":{"line":17,"column":0},"end":{"line":17,"column":29}},"17":{"start":{"line":18,"column":0},"end":{"line":18,"column":41}},"18":{"start":{"line":19,"column":0},"end":{"line":19,"column":47}},"19":{"start":{"line":20,"column":0},"end":{"line":20,"column":41}},"20":{"start":{"line":21,"column":0},"end":{"line":21,"column":52}},"22":{"start":{"line":23,"column":0},"end":{"line":23,"column":30}},"23":{"start":{"line":24,"column":0},"end":{"line":24,"column":33}},"25":{"start":{"line":26,"column":0},"end":{"line":26,"column":48}},"26":{"start":{"line":27,"column":0},"end":{"line":27,"column":23}},"28":{"start":{"line":29,"column":0},"end":{"line":29,"column":36}},"30":{"start":{"line":31,"column":0},"end":{"line":31,"column":23}},"31":{"start":{"line":32,"column":0},"end":{"line":32,"column":17}},"33":{"start":{"line":34,"column":0},"end":{"line":34,"column":9}},"34":{"start":{"line":35,"column":0},"end":{"line":35,"column":35}},"35":{"start":{"line":36,"column":0},"end":{"line":36,"column":25}},"36":{"start":{"line":37,"column":0},"end":{"line":37,"column":19}},"37":{"start":{"line":38,"column":0},"end":{"line":38,"column":70}},"38":{"start":{"line":39,"column":0},"end":{"line":39,"column":15}},"39":{"start":{"line":40,"column":0},"end":{"line":40,"column":26}},"40":{"start":{"line":41,"column":0},"end":{"line":41,"column":5}},"41":{"start":{"line":42,"column":0},"end":{"line":42,"column":4}},"43":{"start":{"line":44,"column":0},"end":{"line":44,"column":10}},"44":{"start":{"line":45,"column":0},"end":{"line":45,"column":34}},"45":{"start":{"line":46,"column":0},"end":{"line":46,"column":27}},"47":{"start":{"line":48,"column":0},"end":{"line":48,"column":53}},"49":{"start":{"line":50,"column":0},"end":{"line":50,"column":17}},"50":{"start":{"line":51,"column":0},"end":{"line":51,"column":45}},"51":{"start":{"line":52,"column":0},"end":{"line":52,"column":14}},"52":{"start":{"line":53,"column":0},"end":{"line":53,"column":20}},"53":{"start":{"line":54,"column":0},"end":{"line":54,"column":22}},"54":{"start":{"line":55,"column":0},"end":{"line":55,"column":23}},"55":{"start":{"line":56,"column":0},"end":{"line":56,"column":52}},"56":{"start":{"line":57,"column":0},"end":{"line":57,"column":18}},"57":{"start":{"line":58,"column":0},"end":{"line":58,"column":10}},"58":{"start":{"line":59,"column":0},"end":{"line":59,"column":18}},"60":{"start":{"line":61,"column":0},"end":{"line":61,"column":17}},"61":{"start":{"line":62,"column":0},"end":{"line":62,"column":47}},"62":{"start":{"line":63,"column":0},"end":{"line":63,"column":14}},"63":{"start":{"line":64,"column":0},"end":{"line":64,"column":23}},"64":{"start":{"line":65,"column":0},"end":{"line":65,"column":25}},"65":{"start":{"line":66,"column":0},"end":{"line":66,"column":26}},"66":{"start":{"line":67,"column":0},"end":{"line":67,"column":55}},"67":{"start":{"line":68,"column":0},"end":{"line":68,"column":18}},"68":{"start":{"line":69,"column":0},"end":{"line":69,"column":10}},"69":{"start":{"line":70,"column":0},"end":{"line":70,"column":18}},"71":{"start":{"line":72,"column":0},"end":{"line":72,"column":49}},"72":{"start":{"line":73,"column":0},"end":{"line":73,"column":46}},"73":{"start":{"line":74,"column":0},"end":{"line":74,"column":15}},"75":{"start":{"line":76,"column":0},"end":{"line":76,"column":20}},"76":{"start":{"line":77,"column":0},"end":{"line":77,"column":73}},"77":{"start":{"line":78,"column":0},"end":{"line":78,"column":21}},"78":{"start":{"line":79,"column":0},"end":{"line":79,"column":11}},"80":{"start":{"line":81,"column":0},"end":{"line":81,"column":1}}},"s":{"2":1,"3":1,"4":1,"5":1,"16":1,"17":6,"18":6,"19":6,"20":6,"22":6,"23":6,"25":6,"26":1,"28":1,"30":1,"31":1,"33":1,"34":1,"35":1,"36":1,"37":0,"38":1,"39":1,"40":1,"41":1,"43":6,"44":6,"45":6,"47":6,"49":6,"50":6,"51":6,"52":6,"53":6,"54":6,"55":6,"56":6,"57":6,"58":6,"60":6,"61":6,"62":6,"63":6,"64":6,"65":6,"66":6,"67":6,"68":6,"69":6,"71":6,"72":6,"73":6,"75":6,"76":6,"77":6,"78":6,"80":6},"branchMap":{"0":{"type":"branch","line":17,"loc":{"start":{"line":17,"column":7},"end":{"line":81,"column":1}},"locations":[{"start":{"line":17,"column":7},"end":{"line":81,"column":1}}]},"1":{"type":"branch","line":48,"loc":{"start":{"line":48,"column":7},"end":{"line":48,"column":53}},"locations":[{"start":{"line":48,"column":7},"end":{"line":48,"column":53}}]},"2":{"type":"branch","line":73,"loc":{"start":{"line":73,"column":9},"end":{"line":73,"column":37}},"locations":[{"start":{"line":73,"column":9},"end":{"line":73,"column":37}}]},"3":{"type":"branch","line":73,"loc":{"start":{"line":73,"column":21},"end":{"line":73,"column":46}},"locations":[{"start":{"line":73,"column":21},"end":{"line":73,"column":46}}]},"4":{"type":"branch","line":26,"loc":{"start":{"line":26,"column":23},"end":{"line":42,"column":4}},"locations":[{"start":{"line":26,"column":23},"end":{"line":42,"column":4}}]},"5":{"type":"branch","line":29,"loc":{"start":{"line":29,"column":29},"end":{"line":29,"column":36}},"locations":[{"start":{"line":29,"column":29},"end":{"line":29,"column":36}}]},"6":{"type":"branch","line":37,"loc":{"start":{"line":37,"column":4},"end":{"line":39,"column":6}},"locations":[{"start":{"line":37,"column":4},"end":{"line":39,"column":6}}]},"7":{"type":"branch","line":56,"loc":{"start":{"line":56,"column":20},"end":{"line":56,"column":52}},"locations":[{"start":{"line":56,"column":20},"end":{"line":56,"column":52}}]},"8":{"type":"branch","line":67,"loc":{"start":{"line":67,"column":20},"end":{"line":67,"column":55}},"locations":[{"start":{"line":67,"column":20},"end":{"line":67,"column":55}}]}},"b":{"0":[6],"1":[0],"2":[1],"3":[5],"4":[1],"5":[0],"6":[0],"7":[1],"8":[1]},"fnMap":{"0":{"name":"LoginForm","decl":{"start":{"line":17,"column":7},"end":{"line":81,"column":1}},"loc":{"start":{"line":17,"column":7},"end":{"line":81,"column":1}},"line":17},"1":{"name":"handleSubmit","decl":{"start":{"line":26,"column":23},"end":{"line":42,"column":4}},"loc":{"start":{"line":26,"column":23},"end":{"line":42,"column":4}},"line":26},"2":{"name":"onChange","decl":{"start":{"line":56,"column":20},"end":{"line":56,"column":52}},"loc":{"start":{"line":56,"column":20},"end":{"line":56,"column":52}},"line":56},"3":{"name":"onChange","decl":{"start":{"line":67,"column":20},"end":{"line":67,"column":55}},"loc":{"start":{"line":67,"column":20},"end":{"line":67,"column":55}},"line":67}},"f":{"0":6,"1":1,"2":1,"3":1}}
,"/app/src/components/LoginForm/styles.tsx": {"path":"/app/src/components/LoginForm/styles.tsx","all":false,"statementMap":{"0":{"start":{"line":1,"column":0},"end":{"line":1,"column":39}},"2":{"start":{"line":3,"column":0},"end":{"line":3,"column":36}},"12":{"start":{"line":13,"column":0},"end":{"line":13,"column":31}},"20":{"start":{"line":21,"column":0},"end":{"line":21,"column":37}},"27":{"start":{"line":28,"column":0},"end":{"line":28,"column":32}},"40":{"start":{"line":41,"column":0},"end":{"line":41,"column":36}},"46":{"start":{"line":47,"column":0},"end":{"line":47,"column":34}},"51":{"start":{"line":52,"column":0},"end":{"line":52,"column":34}},"59":{"start":{"line":60,"column":0},"end":{"line":60,"column":36}},"80":{"start":{"line":81,"column":0},"end":{"line":81,"column":37}}},"s":{"0":1,"2":1,"12":1,"20":1,"27":1,"40":1,"46":1,"51":1,"59":1,"80":1},"branchMap":{},"b":{},"fnMap":{},"f":{}}
,"/app/src/components/NavbarWithAvatar/index.tsx": {"path":"/app/src/components/NavbarWithAvatar/index.tsx","all":false,"statementMap":{"0":{"start":{"line":1,"column":0},"end":{"line":1,"column":35}},"1":{"start":{"line":2,"column":0},"end":{"line":2,"column":44}},"2":{"start":{"line":3,"column":0},"end":{"line":3,"column":65}},"3":{"start":{"line":4,"column":0},"end":{"line":4,"column":40}},"6":{"start":{"line":7,"column":0},"end":{"line":7,"column":35}},"7":{"start":{"line":8,"column":0},"end":{"line":8,"column":10}},"8":{"start":{"line":9,"column":0},"end":{"line":9,"column":13}},"9":{"start":{"line":10,"column":0},"end":{"line":10,"column":11}},"10":{"start":{"line":11,"column":0},"end":{"line":11,"column":12}},"11":{"start":{"line":12,"column":0},"end":{"line":12,"column":23}},"12":{"start":{"line":13,"column":0},"end":{"line":13,"column":39}},"13":{"start":{"line":14,"column":0},"end":{"line":14,"column":17}},"15":{"start":{"line":16,"column":0},"end":{"line":16,"column":14}},"16":{"start":{"line":17,"column":0},"end":{"line":17,"column":65}},"17":{"start":{"line":18,"column":0},"end":{"line":18,"column":45}},"18":{"start":{"line":19,"column":0},"end":{"line":19,"column":49}},"19":{"start":{"line":20,"column":0},"end":{"line":20,"column":20}},"21":{"start":{"line":22,"column":0},"end":{"line":22,"column":42}},"22":{"start":{"line":23,"column":0},"end":{"line":23,"column":66}},"23":{"start":{"line":24,"column":0},"end":{"line":24,"column":43}},"24":{"start":{"line":25,"column":0},"end":{"line":25,"column":17}},"25":{"start":{"line":26,"column":0},"end":{"line":26,"column":15}},"26":{"start":{"line":27,"column":0},"end":{"line":27,"column":13}},"27":{"start":{"line":28,"column":0},"end":{"line":28,"column":12}},"28":{"start":{"line":29,"column":0},"end":{"line":29,"column":14}},"30":{"start":{"line":31,"column":0},"end":{"line":31,"column":1}}},"s":{"0":1,"1":1,"2":1,"3":1,"6":1,"7":6,"8":6,"9":6,"10":6,"11":6,"12":6,"13":6,"15":6,"16":6,"17":6,"18":6,"19":6,"21":6,"22":6,"23":6,"24":6,"25":6,"26":6,"27":6,"28":6,"30":6},"branchMap":{"0":{"type":"branch","line":7,"loc":{"start":{"line":7,"column":7},"end":{"line":31,"column":1}},"locations":[{"start":{"line":7,"column":7},"end":{"line":31,"column":1}}]}},"b":{"0":[6]},"fnMap":{"0":{"name":"NavbarComAvatar","decl":{"start":{"line":7,"column":7},"end":{"line":31,"column":1}},"loc":{"start":{"line":7,"column":7},"end":{"line":31,"column":1}},"line":7}},"f":{"0":6}}
,"/app/src/components/NavbarWithAvatar/styles.ts": {"path":"/app/src/components/NavbarWithAvatar/styles.ts","all":false,"statementMap":{"0":{"start":{"line":1,"column":0},"end":{"line":1,"column":39}},"2":{"start":{"line":3,"column":0},"end":{"line":3,"column":37}}},"s":{"0":1,"2":1},"branchMap":{},"b":{},"fnMap":{},"f":{}}
,"/app/src/components/NavbarWithoutAvatar/index.tsx": {"path":"/app/src/components/NavbarWithoutAvatar/index.tsx","all":false,"statementMap":{"0":{"start":{"line":1,"column":0},"end":{"line":1,"column":35}},"1":{"start":{"line":2,"column":0},"end":{"line":2,"column":44}},"2":{"start":{"line":3,"column":0},"end":{"line":3,"column":71}},"3":{"start":{"line":4,"column":0},"end":{"line":4,"column":40}},"5":{"start":{"line":6,"column":0},"end":{"line":6,"column":35}},"6":{"start":{"line":7,"column":0},"end":{"line":7,"column":10}},"7":{"start":{"line":8,"column":0},"end":{"line":8,"column":13}},"8":{"start":{"line":9,"column":0},"end":{"line":9,"column":11}},"9":{"start":{"line":10,"column":0},"end":{"line":10,"column":12}},"10":{"start":{"line":11,"column":0},"end":{"line":11,"column":14}},"11":{"start":{"line":12,"column":0},"end":{"line":12,"column":25}},"12":{"start":{"line":13,"column":0},"end":{"line":13,"column":43}},"13":{"start":{"line":14,"column":0},"end":{"line":14,"column":19}},"14":{"start":{"line":15,"column":0},"end":{"line":15,"column":15}},"16":{"start":{"line":17,"column":0},"end":{"line":17,"column":14}},"17":{"start":{"line":18,"column":0},"end":{"line":18,"column":65}},"18":{"start":{"line":19,"column":0},"end":{"line":19,"column":45}},"19":{"start":{"line":20,"column":0},"end":{"line":20,"column":52}},"20":{"start":{"line":21,"column":0},"end":{"line":21,"column":20}},"22":{"start":{"line":23,"column":0},"end":{"line":23,"column":42}},"23":{"start":{"line":24,"column":0},"end":{"line":24,"column":18}},"24":{"start":{"line":25,"column":0},"end":{"line":25,"column":47}},"25":{"start":{"line":26,"column":0},"end":{"line":26,"column":19}},"26":{"start":{"line":27,"column":0},"end":{"line":27,"column":18}},"27":{"start":{"line":28,"column":0},"end":{"line":28,"column":53}},"28":{"start":{"line":29,"column":0},"end":{"line":29,"column":19}},"29":{"start":{"line":30,"column":0},"end":{"line":30,"column":17}},"30":{"start":{"line":31,"column":0},"end":{"line":31,"column":15}},"31":{"start":{"line":32,"column":0},"end":{"line":32,"column":13}},"32":{"start":{"line":33,"column":0},"end":{"line":33,"column":12}},"33":{"start":{"line":34,"column":0},"end":{"line":34,"column":14}},"35":{"start":{"line":36,"column":0},"end":{"line":36,"column":1}}},"s":{"0":1,"1":1,"2":1,"3":1,"5":1,"6":5,"7":5,"8":5,"9":5,"10":5,"11":5,"12":5,"13":5,"14":5,"16":5,"17":5,"18":5,"19":5,"20":5,"22":5,"23":5,"24":5,"25":5,"26":5,"27":5,"28":5,"29":5,"30":5,"31":5,"32":5,"33":5,"35":5},"branchMap":{"0":{"type":"branch","line":6,"loc":{"start":{"line":6,"column":7},"end":{"line":36,"column":1}},"locations":[{"start":{"line":6,"column":7},"end":{"line":36,"column":1}}]}},"b":{"0":[5]},"fnMap":{"0":{"name":"NavbarSemAvatar","decl":{"start":{"line":6,"column":7},"end":{"line":36,"column":1}},"loc":{"start":{"line":6,"column":7},"end":{"line":36,"column":1}},"line":6}},"f":{"0":5}}
,"/app/src/components/NavbarWithoutAvatar/styles.ts": {"path":"/app/src/components/NavbarWithoutAvatar/styles.ts","all":false,"statementMap":{"0":{"start":{"line":1,"column":0},"end":{"line":1,"column":39}},"2":{"start":{"line":3,"column":0},"end":{"line":3,"column":37}}},"s":{"0":1,"2":1},"branchMap":{},"b":{},"fnMap":{},"f":{}}
,"/app/src/components/ProfileInfo/index.tsx": {"path":"/app/src/components/ProfileInfo/index.tsx","all":false,"statementMap":{"0":{"start":{"line":1,"column":0},"end":{"line":1,"column":26}},"1":{"start":{"line":2,"column":0},"end":{"line":2,"column":58}},"5":{"start":{"line":6,"column":0},"end":{"line":6,"column":37}},"6":{"start":{"line":7,"column":0},"end":{"line":7,"column":34}},"8":{"start":{"line":9,"column":0},"end":{"line":9,"column":10}},"11":{"start":{"line":12,"column":0},"end":{"line":12,"column":39}},"12":{"start":{"line":13,"column":0},"end":{"line":13,"column":12}},"13":{"start":{"line":14,"column":0},"end":{"line":14,"column":14}},"14":{"start":{"line":15,"column":0},"end":{"line":15,"column":62}},"15":{"start":{"line":16,"column":0},"end":{"line":16,"column":15}},"16":{"start":{"line":17,"column":0},"end":{"line":17,"column":14}},"17":{"start":{"line":18,"column":0},"end":{"line":18,"column":52}},"18":{"start":{"line":19,"column":0},"end":{"line":19,"column":15}},"19":{"start":{"line":20,"column":0},"end":{"line":20,"column":14}},"20":{"start":{"line":21,"column":0},"end":{"line":21,"column":68}},"21":{"start":{"line":22,"column":0},"end":{"line":22,"column":15}},"22":{"start":{"line":23,"column":0},"end":{"line":23,"column":14}},"23":{"start":{"line":24,"column":0},"end":{"line":24,"column":54}},"24":{"start":{"line":25,"column":0},"end":{"line":25,"column":15}},"25":{"start":{"line":26,"column":0},"end":{"line":26,"column":14}},"26":{"start":{"line":27,"column":0},"end":{"line":27,"column":58}},"27":{"start":{"line":28,"column":0},"end":{"line":28,"column":15}},"28":{"start":{"line":29,"column":0},"end":{"line":29,"column":14}},"29":{"start":{"line":30,"column":0},"end":{"line":30,"column":56}},"30":{"start":{"line":31,"column":0},"end":{"line":31,"column":15}},"31":{"start":{"line":32,"column":0},"end":{"line":32,"column":13}},"32":{"start":{"line":33,"column":0},"end":{"line":33,"column":12}},"35":{"start":{"line":36,"column":0},"end":{"line":36,"column":2}},"37":{"start":{"line":38,"column":0},"end":{"line":38,"column":27}}},"s":{"0":1,"1":1,"5":1,"6":1,"8":1,"11":1,"12":1,"13":1,"14":1,"15":1,"16":1,"17":1,"18":1,"19":1,"20":1,"21":1,"22":1,"23":1,"24":1,"25":1,"26":1,"27":1,"28":1,"29":1,"30":1,"31":1,"32":1,"35":1,"37":1},"branchMap":{"0":{"type":"branch","line":6,"loc":{"start":{"line":6,"column":30},"end":{"line":36,"column":2}},"locations":[{"start":{"line":6,"column":30},"end":{"line":36,"column":2}}]}},"b":{"0":[1]},"fnMap":{"0":{"name":"ProfileInfo","decl":{"start":{"line":6,"column":30},"end":{"line":36,"column":2}},"loc":{"start":{"line":6,"column":30},"end":{"line":36,"column":2}},"line":6}},"f":{"0":1}}
,"/app/src/components/RegisterForm/index.tsx": {"path":"/app/src/components/RegisterForm/index.tsx","all":false,"statementMap":{"0":{"start":{"line":1,"column":0},"end":{"line":1,"column":49}},"1":{"start":{"line":2,"column":0},"end":{"line":2,"column":47}},"2":{"start":{"line":3,"column":0},"end":{"line":3,"column":46}},"3":{"start":{"line":4,"column":0},"end":{"line":4,"column":8}},"14":{"start":{"line":15,"column":0},"end":{"line":15,"column":32}},"16":{"start":{"line":17,"column":0},"end":{"line":17,"column":62}},"17":{"start":{"line":18,"column":0},"end":{"line":18,"column":107}},"18":{"start":{"line":19,"column":0},"end":{"line":19,"column":4}},"19":{"start":{"line":20,"column":0},"end":{"line":20,"column":41}},"20":{"start":{"line":21,"column":0},"end":{"line":21,"column":52}},"22":{"start":{"line":23,"column":0},"end":{"line":23,"column":33}},"23":{"start":{"line":24,"column":0},"end":{"line":24,"column":33}},"24":{"start":{"line":25,"column":0},"end":{"line":25,"column":73}},"25":{"start":{"line":26,"column":0},"end":{"line":26,"column":56}},"26":{"start":{"line":27,"column":0},"end":{"line":27,"column":3}},"28":{"start":{"line":29,"column":0},"end":{"line":29,"column":27}},"29":{"start":{"line":30,"column":0},"end":{"line":30,"column":122}},"30":{"start":{"line":31,"column":0},"end":{"line":31,"column":3}},"32":{"start":{"line":33,"column":0},"end":{"line":33,"column":48}},"33":{"start":{"line":34,"column":0},"end":{"line":34,"column":23}},"35":{"start":{"line":36,"column":0},"end":{"line":36,"column":95}},"36":{"start":{"line":37,"column":0},"end":{"line":37,"column":57}},"37":{"start":{"line":38,"column":0},"end":{"line":38,"column":13}},"38":{"start":{"line":39,"column":0},"end":{"line":39,"column":5}},"40":{"start":{"line":41,"column":0},"end":{"line":41,"column":57}},"41":{"start":{"line":42,"column":0},"end":{"line":42,"column":43}},"42":{"start":{"line":43,"column":0},"end":{"line":43,"column":13}},"43":{"start":{"line":44,"column":0},"end":{"line":44,"column":5}},"45":{"start":{"line":46,"column":0},"end":{"line":46,"column":23}},"46":{"start":{"line":47,"column":0},"end":{"line":47,"column":17}},"48":{"start":{"line":49,"column":0},"end":{"line":49,"column":9}},"49":{"start":{"line":50,"column":0},"end":{"line":50,"column":71}},"50":{"start":{"line":51,"column":0},"end":{"line":51,"column":25}},"51":{"start":{"line":52,"column":0},"end":{"line":52,"column":18}},"52":{"start":{"line":53,"column":0},"end":{"line":53,"column":19}},"53":{"start":{"line":54,"column":0},"end":{"line":54,"column":74}},"54":{"start":{"line":55,"column":0},"end":{"line":55,"column":15}},"55":{"start":{"line":56,"column":0},"end":{"line":56,"column":26}},"56":{"start":{"line":57,"column":0},"end":{"line":57,"column":5}},"57":{"start":{"line":58,"column":0},"end":{"line":58,"column":4}},"59":{"start":{"line":60,"column":0},"end":{"line":60,"column":10}},"60":{"start":{"line":61,"column":0},"end":{"line":61,"column":34}},"61":{"start":{"line":62,"column":0},"end":{"line":62,"column":29}},"63":{"start":{"line":64,"column":0},"end":{"line":64,"column":53}},"65":{"start":{"line":66,"column":0},"end":{"line":66,"column":17}},"66":{"start":{"line":67,"column":0},"end":{"line":67,"column":51}},"67":{"start":{"line":68,"column":0},"end":{"line":68,"column":14}},"68":{"start":{"line":69,"column":0},"end":{"line":69,"column":19}},"69":{"start":{"line":70,"column":0},"end":{"line":70,"column":21}},"70":{"start":{"line":71,"column":0},"end":{"line":71,"column":31}},"71":{"start":{"line":72,"column":0},"end":{"line":72,"column":63}},"72":{"start":{"line":73,"column":0},"end":{"line":73,"column":18}},"73":{"start":{"line":74,"column":0},"end":{"line":74,"column":10}},"74":{"start":{"line":75,"column":0},"end":{"line":75,"column":18}},"76":{"start":{"line":77,"column":0},"end":{"line":77,"column":17}},"77":{"start":{"line":78,"column":0},"end":{"line":78,"column":45}},"78":{"start":{"line":79,"column":0},"end":{"line":79,"column":14}},"79":{"start":{"line":80,"column":0},"end":{"line":80,"column":20}},"80":{"start":{"line":81,"column":0},"end":{"line":81,"column":22}},"81":{"start":{"line":82,"column":0},"end":{"line":82,"column":32}},"82":{"start":{"line":83,"column":0},"end":{"line":83,"column":64}},"83":{"start":{"line":84,"column":0},"end":{"line":84,"column":18}},"84":{"start":{"line":85,"column":0},"end":{"line":85,"column":10}},"85":{"start":{"line":86,"column":0},"end":{"line":86,"column":18}},"87":{"start":{"line":88,"column":0},"end":{"line":88,"column":17}},"88":{"start":{"line":89,"column":0},"end":{"line":89,"column":61}},"89":{"start":{"line":90,"column":0},"end":{"line":90,"column":14}},"90":{"start":{"line":91,"column":0},"end":{"line":91,"column":24}},"91":{"start":{"line":92,"column":0},"end":{"line":92,"column":21}},"92":{"start":{"line":93,"column":0},"end":{"line":93,"column":36}},"93":{"start":{"line":94,"column":0},"end":{"line":94,"column":68}},"94":{"start":{"line":95,"column":0},"end":{"line":95,"column":10}},"95":{"start":{"line":96,"column":0},"end":{"line":96,"column":18}},"97":{"start":{"line":98,"column":0},"end":{"line":98,"column":17}},"98":{"start":{"line":99,"column":0},"end":{"line":99,"column":47}},"99":{"start":{"line":100,"column":0},"end":{"line":100,"column":14}},"100":{"start":{"line":101,"column":0},"end":{"line":101,"column":20}},"101":{"start":{"line":102,"column":0},"end":{"line":102,"column":20}},"102":{"start":{"line":103,"column":0},"end":{"line":103,"column":32}},"103":{"start":{"line":104,"column":0},"end":{"line":104,"column":64}},"104":{"start":{"line":105,"column":0},"end":{"line":105,"column":10}},"105":{"start":{"line":106,"column":0},"end":{"line":106,"column":18}},"107":{"start":{"line":108,"column":0},"end":{"line":108,"column":17}},"108":{"start":{"line":109,"column":0},"end":{"line":109,"column":51}},"109":{"start":{"line":110,"column":0},"end":{"line":110,"column":14}},"110":{"start":{"line":111,"column":0},"end":{"line":111,"column":23}},"111":{"start":{"line":112,"column":0},"end":{"line":112,"column":21}},"112":{"start":{"line":113,"column":0},"end":{"line":113,"column":35}},"113":{"start":{"line":114,"column":0},"end":{"line":114,"column":67}},"114":{"start":{"line":115,"column":0},"end":{"line":115,"column":10}},"115":{"start":{"line":116,"column":0},"end":{"line":116,"column":18}},"117":{"start":{"line":118,"column":0},"end":{"line":118,"column":17}},"118":{"start":{"line":119,"column":0},"end":{"line":119,"column":49}},"119":{"start":{"line":120,"column":0},"end":{"line":120,"column":14}},"120":{"start":{"line":121,"column":0},"end":{"line":121,"column":22}},"121":{"start":{"line":122,"column":0},"end":{"line":122,"column":21}},"122":{"start":{"line":123,"column":0},"end":{"line":123,"column":34}},"123":{"start":{"line":124,"column":0},"end":{"line":124,"column":66}},"124":{"start":{"line":125,"column":0},"end":{"line":125,"column":10}},"125":{"start":{"line":126,"column":0},"end":{"line":126,"column":18}},"127":{"start":{"line":128,"column":0},"end":{"line":128,"column":17}},"128":{"start":{"line":129,"column":0},"end":{"line":129,"column":47}},"129":{"start":{"line":130,"column":0},"end":{"line":130,"column":14}},"130":{"start":{"line":131,"column":0},"end":{"line":131,"column":23}},"131":{"start":{"line":132,"column":0},"end":{"line":132,"column":25}},"132":{"start":{"line":133,"column":0},"end":{"line":133,"column":35}},"133":{"start":{"line":134,"column":0},"end":{"line":134,"column":67}},"134":{"start":{"line":135,"column":0},"end":{"line":135,"column":18}},"135":{"start":{"line":136,"column":0},"end":{"line":136,"column":28}},"136":{"start":{"line":137,"column":0},"end":{"line":137,"column":10}},"137":{"start":{"line":138,"column":0},"end":{"line":138,"column":18}},"139":{"start":{"line":140,"column":0},"end":{"line":140,"column":17}},"140":{"start":{"line":141,"column":0},"end":{"line":141,"column":64}},"141":{"start":{"line":142,"column":0},"end":{"line":142,"column":14}},"142":{"start":{"line":143,"column":0},"end":{"line":143,"column":30}},"143":{"start":{"line":144,"column":0},"end":{"line":144,"column":25}},"144":{"start":{"line":145,"column":0},"end":{"line":145,"column":42}},"145":{"start":{"line":146,"column":0},"end":{"line":146,"column":74}},"146":{"start":{"line":147,"column":0},"end":{"line":147,"column":18}},"147":{"start":{"line":148,"column":0},"end":{"line":148,"column":38}},"148":{"start":{"line":149,"column":0},"end":{"line":149,"column":10}},"149":{"start":{"line":150,"column":0},"end":{"line":150,"column":18}},"151":{"start":{"line":152,"column":0},"end":{"line":152,"column":49}},"152":{"start":{"line":153,"column":0},"end":{"line":153,"column":52}},"153":{"start":{"line":154,"column":0},"end":{"line":154,"column":15}},"154":{"start":{"line":155,"column":0},"end":{"line":155,"column":11}},"156":{"start":{"line":157,"column":0},"end":{"line":157,"column":1}}},"s":{"0":1,"1":1,"2":1,"3":1,"14":1,"16":37,"17":37,"18":37,"19":37,"20":37,"22":37,"23":37,"24":37,"25":20,"26":20,"28":37,"29":2,"30":2,"32":37,"33":5,"35":5,"36":1,"37":1,"38":1,"40":5,"41":1,"42":1,"43":1,"45":3,"46":3,"48":3,"49":3,"50":2,"51":2,"52":2,"53":1,"54":5,"55":3,"56":3,"57":5,"59":37,"60":37,"61":37,"63":37,"65":37,"66":37,"67":37,"68":37,"69":37,"70":37,"71":37,"72":37,"73":37,"74":37,"76":37,"77":37,"78":37,"79":37,"80":37,"81":37,"82":37,"83":37,"84":37,"85":37,"87":37,"88":37,"89":37,"90":37,"91":37,"92":37,"93":37,"94":37,"95":37,"97":37,"98":37,"99":37,"100":37,"101":37,"102":37,"103":37,"104":37,"105":37,"107":37,"108":37,"109":37,"110":37,"111":37,"112":37,"113":37,"114":37,"115":37,"117":37,"118":37,"119":37,"120":37,"121":37,"122":37,"123":37,"124":37,"125":37,"127":37,"128":37,"129":37,"130":37,"131":37,"132":37,"133":37,"134":37,"135":37,"136":37,"137":37,"139":37,"140":37,"141":37,"142":37,"143":37,"144":37,"145":37,"146":37,"147":37,"148":37,"149":37,"151":37,"152":37,"153":37,"154":37,"156":37},"branchMap":{"0":{"type":"branch","line":15,"loc":{"start":{"line":15,"column":7},"end":{"line":157,"column":1}},"locations":[{"start":{"line":15,"column":7},"end":{"line":157,"column":1}}]},"1":{"type":"branch","line":64,"loc":{"start":{"line":64,"column":7},"end":{"line":64,"column":53}},"locations":[{"start":{"line":64,"column":7},"end":{"line":64,"column":53}}]},"2":{"type":"branch","line":153,"loc":{"start":{"line":153,"column":9},"end":{"line":153,"column":40}},"locations":[{"start":{"line":153,"column":9},"end":{"line":153,"column":40}}]},"3":{"type":"branch","line":153,"loc":{"start":{"line":153,"column":21},"end":{"line":153,"column":52}},"locations":[{"start":{"line":153,"column":21},"end":{"line":153,"column":52}}]},"4":{"type":"branch","line":25,"loc":{"start":{"line":25,"column":22},"end":{"line":27,"column":3}},"locations":[{"start":{"line":25,"column":22},"end":{"line":27,"column":3}}]},"5":{"type":"branch","line":26,"loc":{"start":{"line":26,"column":16},"end":{"line":26,"column":55}},"locations":[{"start":{"line":26,"column":16},"end":{"line":26,"column":55}}]},"6":{"type":"branch","line":29,"loc":{"start":{"line":29,"column":20},"end":{"line":31,"column":3}},"locations":[{"start":{"line":29,"column":20},"end":{"line":31,"column":3}}]},"7":{"type":"branch","line":33,"loc":{"start":{"line":33,"column":23},"end":{"line":58,"column":4}},"locations":[{"start":{"line":33,"column":23},"end":{"line":58,"column":4}}]},"8":{"type":"branch","line":36,"loc":{"start":{"line":36,"column":18},"end":{"line":36,"column":45}},"locations":[{"start":{"line":36,"column":18},"end":{"line":36,"column":45}}]},"9":{"type":"branch","line":36,"loc":{"start":{"line":36,"column":36},"end":{"line":36,"column":67}},"locations":[{"start":{"line":36,"column":36},"end":{"line":36,"column":67}}]},"10":{"type":"branch","line":36,"loc":{"start":{"line":36,"column":55},"end":{"line":36,"column":94}},"locations":[{"start":{"line":36,"column":55},"end":{"line":36,"column":94}}]},"11":{"type":"branch","line":36,"loc":{"start":{"line":36,"column":94},"end":{"line":39,"column":5}},"locations":[{"start":{"line":36,"column":94},"end":{"line":39,"column":5}}]},"12":{"type":"branch","line":39,"loc":{"start":{"line":39,"column":4},"end":{"line":41,"column":56}},"locations":[{"start":{"line":39,"column":4},"end":{"line":41,"column":56}}]},"13":{"type":"branch","line":41,"loc":{"start":{"line":41,"column":56},"end":{"line":44,"column":5}},"locations":[{"start":{"line":41,"column":56},"end":{"line":44,"column":5}}]},"14":{"type":"branch","line":44,"loc":{"start":{"line":44,"column":4},"end":{"line":50,"column":71}},"locations":[{"start":{"line":44,"column":4},"end":{"line":50,"column":71}}]},"15":{"type":"branch","line":50,"loc":{"start":{"line":50,"column":69},"end":{"line":55,"column":6}},"locations":[{"start":{"line":50,"column":69},"end":{"line":55,"column":6}}]},"16":{"type":"branch","line":53,"loc":{"start":{"line":53,"column":4},"end":{"line":55,"column":6}},"locations":[{"start":{"line":53,"column":4},"end":{"line":55,"column":6}}]},"17":{"type":"branch","line":54,"loc":{"start":{"line":54,"column":42},"end":{"line":54,"column":72}},"locations":[{"start":{"line":54,"column":42},"end":{"line":54,"column":72}}]},"18":{"type":"branch","line":55,"loc":{"start":{"line":55,"column":4},"end":{"line":57,"column":5}},"locations":[{"start":{"line":55,"column":4},"end":{"line":57,"column":5}}]},"19":{"type":"branch","line":72,"loc":{"start":{"line":72,"column":20},"end":{"line":72,"column":63}},"locations":[{"start":{"line":72,"column":20},"end":{"line":72,"column":63}}]},"20":{"type":"branch","line":83,"loc":{"start":{"line":83,"column":20},"end":{"line":83,"column":64}},"locations":[{"start":{"line":83,"column":20},"end":{"line":83,"column":64}}]},"21":{"type":"branch","line":134,"loc":{"start":{"line":134,"column":20},"end":{"line":134,"column":67}},"locations":[{"start":{"line":134,"column":20},"end":{"line":134,"column":67}}]},"22":{"type":"branch","line":146,"loc":{"start":{"line":146,"column":20},"end":{"line":146,"column":74}},"locations":[{"start":{"line":146,"column":20},"end":{"line":146,"column":74}}]}},"b":{"0":[37],"1":[3],"2":[3],"3":[34],"4":[20],"5":[20],"6":[2],"7":[5],"8":[4],"9":[4],"10":[4],"11":[1],"12":[4],"13":[1],"14":[3],"15":[2],"16":[1],"17":[0],"18":[3],"19":[5],"20":[5],"21":[5],"22":[5]},"fnMap":{"0":{"name":"RegisterForm","decl":{"start":{"line":15,"column":7},"end":{"line":157,"column":1}},"loc":{"start":{"line":15,"column":7},"end":{"line":157,"column":1}},"line":15},"1":{"name":"updateField","decl":{"start":{"line":25,"column":22},"end":{"line":27,"column":3}},"loc":{"start":{"line":25,"column":22},"end":{"line":27,"column":3}},"line":25},"2":{"name":"resetForm","decl":{"start":{"line":29,"column":20},"end":{"line":31,"column":3}},"loc":{"start":{"line":29,"column":20},"end":{"line":31,"column":3}},"line":29},"3":{"name":"handleSubmit","decl":{"start":{"line":33,"column":23},"end":{"line":58,"column":4}},"loc":{"start":{"line":33,"column":23},"end":{"line":58,"column":4}},"line":33},"4":{"name":"onChange","decl":{"start":{"line":72,"column":20},"end":{"line":72,"column":63}},"loc":{"start":{"line":72,"column":20},"end":{"line":72,"column":63}},"line":72},"5":{"name":"onChange","decl":{"start":{"line":83,"column":20},"end":{"line":83,"column":64}},"loc":{"start":{"line":83,"column":20},"end":{"line":83,"column":64}},"line":83},"6":{"name":"onChange","decl":{"start":{"line":94,"column":20},"end":{"line":94,"column":68}},"loc":{"start":{"line":94,"column":20},"end":{"line":94,"column":68}},"line":94},"7":{"name":"onChange","decl":{"start":{"line":104,"column":20},"end":{"line":104,"column":64}},"loc":{"start":{"line":104,"column":20},"end":{"line":104,"column":64}},"line":104},"8":{"name":"onChange","decl":{"start":{"line":114,"column":20},"end":{"line":114,"column":67}},"loc":{"start":{"line":114,"column":20},"end":{"line":114,"column":67}},"line":114},"9":{"name":"onChange","decl":{"start":{"line":124,"column":20},"end":{"line":124,"column":66}},"loc":{"start":{"line":124,"column":20},"end":{"line":124,"column":66}},"line":124},"10":{"name":"onChange","decl":{"start":{"line":134,"column":20},"end":{"line":134,"column":67}},"loc":{"start":{"line":134,"column":20},"end":{"line":134,"column":67}},"line":134},"11":{"name":"onChange","decl":{"start":{"line":146,"column":20},"end":{"line":146,"column":74}},"loc":{"start":{"line":146,"column":20},"end":{"line":146,"column":74}},"line":146}},"f":{"0":37,"1":20,"2":2,"3":5,"4":5,"5":5,"6":0,"7":0,"8":0,"9":0,"10":5,"11":5}}
,"/app/src/components/RegisterForm/styles.ts": {"path":"/app/src/components/RegisterForm/styles.ts","all":false,"statementMap":{"0":{"start":{"line":1,"column":0},"end":{"line":1,"column":39}},"2":{"start":{"line":3,"column":0},"end":{"line":3,"column":36}},"12":{"start":{"line":13,"column":0},"end":{"line":13,"column":31}},"18":{"start":{"line":19,"column":0},"end":{"line":19,"column":37}},"24":{"start":{"line":25,"column":0},"end":{"line":25,"column":32}},"33":{"start":{"line":34,"column":0},"end":{"line":34,"column":36}},"37":{"start":{"line":38,"column":0},"end":{"line":38,"column":34}},"43":{"start":{"line":44,"column":0},"end":{"line":44,"column":34}},"56":{"start":{"line":57,"column":0},"end":{"line":57,"column":36}},"72":{"start":{"line":73,"column":0},"end":{"line":73,"column":34}}},"s":{"0":1,"2":1,"12":1,"18":1,"24":1,"33":1,"37":1,"43":1,"56":1,"72":1},"branchMap":{},"b":{},"fnMap":{},"f":{}}
,"/app/src/components/Reservation/index.tsx": {"path":"/app/src/components/Reservation/index.tsx","all":false,"statementMap":{"0":{"start":{"line":1,"column":0},"end":{"line":1,"column":26}},"1":{"start":{"line":2,"column":0},"end":{"line":2,"column":58}},"2":{"start":{"line":3,"column":0},"end":{"line":3,"column":91}},"4":{"start":{"line":5,"column":0},"end":{"line":5,"column":46}},"5":{"start":{"line":6,"column":0},"end":{"line":6,"column":10}},"6":{"start":{"line":7,"column":0},"end":{"line":7,"column":15}},"7":{"start":{"line":8,"column":0},"end":{"line":8,"column":36}},"8":{"start":{"line":9,"column":0},"end":{"line":9,"column":23}},"9":{"start":{"line":10,"column":0},"end":{"line":10,"column":47}},"10":{"start":{"line":11,"column":0},"end":{"line":11,"column":48}},"11":{"start":{"line":12,"column":0},"end":{"line":12,"column":40}},"12":{"start":{"line":13,"column":0},"end":{"line":13,"column":67}},"13":{"start":{"line":14,"column":0},"end":{"line":14,"column":67}},"14":{"start":{"line":15,"column":0},"end":{"line":15,"column":69}},"15":{"start":{"line":16,"column":0},"end":{"line":16,"column":87}},"16":{"start":{"line":17,"column":0},"end":{"line":17,"column":28}},"17":{"start":{"line":18,"column":0},"end":{"line":18,"column":11}},"18":{"start":{"line":19,"column":0},"end":{"line":19,"column":24}},"19":{"start":{"line":20,"column":0},"end":{"line":20,"column":16}},"21":{"start":{"line":22,"column":0},"end":{"line":22,"column":2}},"23":{"start":{"line":24,"column":0},"end":{"line":24,"column":36}}},"s":{"0":1,"1":1,"2":1,"4":1,"5":3,"6":3,"7":3,"8":3,"9":3,"10":12,"11":12,"12":12,"13":12,"14":12,"15":12,"16":12,"17":3,"18":3,"19":3,"21":3,"23":1},"branchMap":{"0":{"type":"branch","line":5,"loc":{"start":{"line":5,"column":39},"end":{"line":22,"column":2}},"locations":[{"start":{"line":5,"column":39},"end":{"line":22,"column":2}}]},"1":{"type":"branch","line":10,"loc":{"start":{"line":10,"column":29},"end":{"line":17,"column":28}},"locations":[{"start":{"line":10,"column":29},"end":{"line":17,"column":28}}]}},"b":{"0":[3],"1":[12]},"fnMap":{"0":{"name":"ReservationComponent","decl":{"start":{"line":5,"column":39},"end":{"line":22,"column":2}},"loc":{"start":{"line":5,"column":39},"end":{"line":22,"column":2}},"line":5}},"f":{"0":3}}
,"/app/src/components/Reservation/styles.ts": {"path":"/app/src/components/Reservation/styles.ts","all":false,"statementMap":{"0":{"start":{"line":1,"column":0},"end":{"line":1,"column":39}},"2":{"start":{"line":3,"column":0},"end":{"line":3,"column":36}},"12":{"start":{"line":13,"column":0},"end":{"line":13,"column":31}},"18":{"start":{"line":19,"column":0},"end":{"line":19,"column":42}},"23":{"start":{"line":24,"column":0},"end":{"line":24,"column":42}},"41":{"start":{"line":42,"column":0},"end":{"line":42,"column":59}},"46":{"start":{"line":47,"column":0},"end":{"line":47,"column":37}},"47":{"start":{"line":48,"column":0},"end":{"line":48,"column":42}},"48":{"start":{"line":49,"column":0},"end":{"line":49,"column":41}},"49":{"start":{"line":50,"column":0},"end":{"line":50,"column":53}},"54":{"start":{"line":55,"column":0},"end":{"line":55,"column":43}}},"s":{"0":1,"2":1,"12":1,"18":1,"23":1,"41":1,"46":1,"47":12,"48":6,"49":1,"54":1},"branchMap":{"0":{"type":"branch","line":47,"loc":{"start":{"line":47,"column":22},"end":{"line":50,"column":51}},"locations":[{"start":{"line":47,"column":22},"end":{"line":50,"column":51}}]},"1":{"type":"branch","line":48,"loc":{"start":{"line":48,"column":15},"end":{"line":48,"column":42}},"locations":[{"start":{"line":48,"column":15},"end":{"line":48,"column":42}}]},"2":{"type":"branch","line":48,"loc":{"start":{"line":48,"column":30},"end":{"line":50,"column":51}},"locations":[{"start":{"line":48,"column":30},"end":{"line":50,"column":51}}]},"3":{"type":"branch","line":49,"loc":{"start":{"line":49,"column":15},"end":{"line":49,"column":41}},"locations":[{"start":{"line":49,"column":15},"end":{"line":49,"column":41}}]},"4":{"type":"branch","line":49,"loc":{"start":{"line":49,"column":29},"end":{"line":50,"column":51}},"locations":[{"start":{"line":49,"column":29},"end":{"line":50,"column":51}}]},"5":{"type":"branch","line":50,"loc":{"start":{"line":50,"column":30},"end":{"line":50,"column":51}},"locations":[{"start":{"line":50,"column":30},"end":{"line":50,"column":51}}]}},"b":{"0":[12],"1":[6],"2":[6],"3":[3],"4":[3],"5":[0]},"fnMap":{},"f":{}}
,"/app/src/contexts/AuthContext.tsx": {"path":"/app/src/contexts/AuthContext.tsx","all":false,"statementMap":{"2":{"start":{"line":3,"column":0},"end":{"line":3,"column":86}},"4":{"start":{"line":5,"column":0},"end":{"line":5,"column":45}},"14":{"start":{"line":15,"column":0},"end":{"line":15,"column":59}},"15":{"start":{"line":16,"column":0},"end":{"line":16,"column":20}},"16":{"start":{"line":17,"column":0},"end":{"line":17,"column":18}},"17":{"start":{"line":18,"column":0},"end":{"line":18,"column":25}},"18":{"start":{"line":19,"column":0},"end":{"line":19,"column":28}},"19":{"start":{"line":20,"column":0},"end":{"line":20,"column":20}},"20":{"start":{"line":21,"column":0},"end":{"line":21,"column":2}},"26":{"start":{"line":27,"column":0},"end":{"line":27,"column":66}},"27":{"start":{"line":28,"column":0},"end":{"line":28,"column":72}},"28":{"start":{"line":29,"column":0},"end":{"line":29,"column":50}},"30":{"start":{"line":31,"column":0},"end":{"line":31,"column":19}},"32":{"start":{"line":33,"column":0},"end":{"line":33,"column":58}},"33":{"start":{"line":34,"column":0},"end":{"line":34,"column":21}},"34":{"start":{"line":35,"column":0},"end":{"line":35,"column":44}},"35":{"start":{"line":36,"column":0},"end":{"line":36,"column":5}},"36":{"start":{"line":37,"column":0},"end":{"line":37,"column":23}},"37":{"start":{"line":38,"column":0},"end":{"line":38,"column":8}},"39":{"start":{"line":40,"column":0},"end":{"line":40,"column":60}},"41":{"start":{"line":42,"column":0},"end":{"line":42,"column":51}},"42":{"start":{"line":43,"column":0},"end":{"line":43,"column":24}},"43":{"start":{"line":44,"column":0},"end":{"line":44,"column":88}},"45":{"start":{"line":46,"column":0},"end":{"line":46,"column":19}},"48":{"start":{"line":49,"column":0},"end":{"line":49,"column":59}},"49":{"start":{"line":50,"column":0},"end":{"line":50,"column":45}},"50":{"start":{"line":51,"column":0},"end":{"line":51,"column":82}},"51":{"start":{"line":52,"column":0},"end":{"line":52,"column":19}},"52":{"start":{"line":53,"column":0},"end":{"line":53,"column":16}},"53":{"start":{"line":54,"column":0},"end":{"line":54,"column":56}},"54":{"start":{"line":55,"column":0},"end":{"line":55,"column":9}},"55":{"start":{"line":56,"column":0},"end":{"line":56,"column":13}},"56":{"start":{"line":57,"column":0},"end":{"line":57,"column":6}},"57":{"start":{"line":58,"column":0},"end":{"line":58,"column":3}},"59":{"start":{"line":60,"column":0},"end":{"line":60,"column":77}},"61":{"start":{"line":62,"column":0},"end":{"line":62,"column":51}},"62":{"start":{"line":63,"column":0},"end":{"line":63,"column":24}},"63":{"start":{"line":64,"column":0},"end":{"line":64,"column":69}},"65":{"start":{"line":66,"column":0},"end":{"line":66,"column":27}},"66":{"start":{"line":67,"column":0},"end":{"line":67,"column":51}},"67":{"start":{"line":68,"column":0},"end":{"line":68,"column":16}},"68":{"start":{"line":69,"column":0},"end":{"line":69,"column":38}},"69":{"start":{"line":70,"column":0},"end":{"line":70,"column":37}},"70":{"start":{"line":71,"column":0},"end":{"line":71,"column":17}},"71":{"start":{"line":72,"column":0},"end":{"line":72,"column":18}},"72":{"start":{"line":73,"column":0},"end":{"line":73,"column":21}},"73":{"start":{"line":74,"column":0},"end":{"line":74,"column":25}},"74":{"start":{"line":75,"column":0},"end":{"line":75,"column":11}},"77":{"start":{"line":78,"column":0},"end":{"line":78,"column":33}},"81":{"start":{"line":82,"column":0},"end":{"line":82,"column":65}},"82":{"start":{"line":83,"column":0},"end":{"line":83,"column":45}},"83":{"start":{"line":84,"column":0},"end":{"line":84,"column":82}},"84":{"start":{"line":85,"column":0},"end":{"line":85,"column":19}},"85":{"start":{"line":86,"column":0},"end":{"line":86,"column":9}},"86":{"start":{"line":87,"column":0},"end":{"line":87,"column":13}},"87":{"start":{"line":88,"column":0},"end":{"line":88,"column":6}},"88":{"start":{"line":89,"column":0},"end":{"line":89,"column":3}},"90":{"start":{"line":91,"column":0},"end":{"line":91,"column":24}},"91":{"start":{"line":92,"column":0},"end":{"line":92,"column":24}},"92":{"start":{"line":93,"column":0},"end":{"line":93,"column":42}},"93":{"start":{"line":94,"column":0},"end":{"line":94,"column":3}},"95":{"start":{"line":96,"column":0},"end":{"line":96,"column":10}},"96":{"start":{"line":97,"column":0},"end":{"line":97,"column":25}},"97":{"start":{"line":98,"column":0},"end":{"line":98,"column":14}},"98":{"start":{"line":99,"column":0},"end":{"line":99,"column":20}},"99":{"start":{"line":100,"column":0},"end":{"line":100,"column":18}},"100":{"start":{"line":101,"column":0},"end":{"line":101,"column":14}},"101":{"start":{"line":102,"column":0},"end":{"line":102,"column":17}},"102":{"start":{"line":103,"column":0},"end":{"line":103,"column":15}},"103":{"start":{"line":104,"column":0},"end":{"line":104,"column":8}},"105":{"start":{"line":106,"column":0},"end":{"line":106,"column":16}},"106":{"start":{"line":107,"column":0},"end":{"line":107,"column":27}},"108":{"start":{"line":109,"column":0},"end":{"line":109,"column":1}},"110":{"start":{"line":111,"column":0},"end":{"line":111,"column":27}},"111":{"start":{"line":112,"column":0},"end":{"line":112,"column":42}},"112":{"start":{"line":113,"column":0},"end":{"line":113,"column":17}},"113":{"start":{"line":114,"column":0},"end":{"line":114,"column":63}},"114":{"start":{"line":115,"column":0},"end":{"line":115,"column":3}},"115":{"start":{"line":116,"column":0},"end":{"line":116,"column":17}},"116":{"start":{"line":117,"column":0},"end":{"line":117,"column":1}}},"s":{"2":1,"4":1,"14":1,"15":1,"16":1,"17":1,"18":1,"19":1,"20":1,"26":1,"27":14,"28":14,"30":14,"32":5,"33":5,"34":0,"35":0,"36":5,"37":14,"39":14,"41":1,"42":1,"43":1,"45":1,"48":1,"49":1,"50":1,"51":1,"52":1,"53":0,"54":0,"55":1,"56":1,"57":1,"59":14,"61":2,"62":2,"63":2,"65":2,"66":0,"67":2,"68":2,"69":2,"70":2,"71":2,"72":2,"73":2,"74":2,"77":2,"81":2,"82":2,"83":2,"84":2,"85":2,"86":2,"87":2,"88":2,"90":14,"91":1,"92":1,"93":1,"95":14,"96":14,"97":14,"98":14,"99":14,"100":14,"101":14,"102":14,"103":14,"105":14,"106":14,"108":14,"110":1,"111":0,"112":0,"113":0,"114":0,"115":0,"116":0},"branchMap":{"0":{"type":"branch","line":27,"loc":{"start":{"line":27,"column":28},"end":{"line":109,"column":1}},"locations":[{"start":{"line":27,"column":28},"end":{"line":109,"column":1}}]},"1":{"type":"branch","line":31,"loc":{"start":{"line":31,"column":12},"end":{"line":38,"column":5}},"locations":[{"start":{"line":31,"column":12},"end":{"line":38,"column":5}}]},"2":{"type":"branch","line":34,"loc":{"start":{"line":34,"column":20},"end":{"line":36,"column":5}},"locations":[{"start":{"line":34,"column":20},"end":{"line":36,"column":5}}]},"3":{"type":"branch","line":40,"loc":{"start":{"line":40,"column":16},"end":{"line":58,"column":3}},"locations":[{"start":{"line":40,"column":16},"end":{"line":58,"column":3}}]},"4":{"type":"branch","line":42,"loc":{"start":{"line":42,"column":29},"end":{"line":57,"column":5}},"locations":[{"start":{"line":42,"column":29},"end":{"line":57,"column":5}}]},"5":{"type":"branch","line":43,"loc":{"start":{"line":43,"column":17},"end":{"line":56,"column":9}},"locations":[{"start":{"line":43,"column":17},"end":{"line":56,"column":9}}]},"6":{"type":"branch","line":53,"loc":{"start":{"line":53,"column":8},"end":{"line":55,"column":9}},"locations":[{"start":{"line":53,"column":8},"end":{"line":55,"column":9}}]},"7":{"type":"branch","line":44,"loc":{"start":{"line":44,"column":36},"end":{"line":44,"column":87}},"locations":[{"start":{"line":44,"column":36},"end":{"line":44,"column":87}}]},"8":{"type":"branch","line":60,"loc":{"start":{"line":60,"column":19},"end":{"line":89,"column":3}},"locations":[{"start":{"line":60,"column":19},"end":{"line":89,"column":3}}]},"9":{"type":"branch","line":62,"loc":{"start":{"line":62,"column":29},"end":{"line":88,"column":5}},"locations":[{"start":{"line":62,"column":29},"end":{"line":88,"column":5}}]},"10":{"type":"branch","line":63,"loc":{"start":{"line":63,"column":17},"end":{"line":87,"column":9}},"locations":[{"start":{"line":63,"column":17},"end":{"line":87,"column":9}}]},"11":{"type":"branch","line":66,"loc":{"start":{"line":66,"column":26},"end":{"line":68,"column":15}},"locations":[{"start":{"line":66,"column":26},"end":{"line":68,"column":15}}]},"12":{"type":"branch","line":64,"loc":{"start":{"line":64,"column":44},"end":{"line":64,"column":68}},"locations":[{"start":{"line":64,"column":44},"end":{"line":64,"column":68}}]},"13":{"type":"branch","line":91,"loc":{"start":{"line":91,"column":17},"end":{"line":94,"column":3}},"locations":[{"start":{"line":91,"column":17},"end":{"line":94,"column":3}}]}},"b":{"0":[14],"1":[5],"2":[0],"3":[1],"4":[1],"5":[1],"6":[0],"7":[1],"8":[2],"9":[2],"10":[2],"11":[0],"12":[2],"13":[1]},"fnMap":{"0":{"name":"login","decl":{"start":{"line":18,"column":9},"end":{"line":18,"column":25}},"loc":{"start":{"line":18,"column":9},"end":{"line":18,"column":25}},"line":18},"1":{"name":"register","decl":{"start":{"line":19,"column":12},"end":{"line":19,"column":28}},"loc":{"start":{"line":19,"column":12},"end":{"line":19,"column":28}},"line":19},"2":{"name":"logout","decl":{"start":{"line":20,"column":10},"end":{"line":20,"column":20}},"loc":{"start":{"line":20,"column":10},"end":{"line":20,"column":20}},"line":20},"3":{"name":"AuthProvider","decl":{"start":{"line":27,"column":28},"end":{"line":109,"column":1}},"loc":{"start":{"line":27,"column":28},"end":{"line":109,"column":1}},"line":27},"4":{"name":"login","decl":{"start":{"line":40,"column":16},"end":{"line":58,"column":3}},"loc":{"start":{"line":40,"column":16},"end":{"line":58,"column":3}},"line":40},"5":{"name":"register","decl":{"start":{"line":60,"column":19},"end":{"line":89,"column":3}},"loc":{"start":{"line":60,"column":19},"end":{"line":89,"column":3}},"line":60},"6":{"name":"logout","decl":{"start":{"line":91,"column":17},"end":{"line":94,"column":3}},"loc":{"start":{"line":91,"column":17},"end":{"line":94,"column":3}},"line":91},"7":{"name":"useAuth","decl":{"start":{"line":111,"column":7},"end":{"line":117,"column":1}},"loc":{"start":{"line":111,"column":7},"end":{"line":117,"column":1}},"line":111}},"f":{"0":0,"1":0,"2":0,"3":14,"4":1,"5":2,"6":1,"7":0}}
,"/app/src/contexts/BedroomContext.tsx": {"path":"/app/src/contexts/BedroomContext.tsx","all":false,"statementMap":{"0":{"start":{"line":1,"column":0},"end":{"line":1,"column":75}},"2":{"start":{"line":3,"column":0},"end":{"line":3,"column":62}},"10":{"start":{"line":11,"column":0},"end":{"line":11,"column":65}},"11":{"start":{"line":12,"column":0},"end":{"line":12,"column":14}},"12":{"start":{"line":13,"column":0},"end":{"line":13,"column":18}},"13":{"start":{"line":14,"column":0},"end":{"line":14,"column":33}},"14":{"start":{"line":15,"column":0},"end":{"line":15,"column":3}},"16":{"start":{"line":17,"column":0},"end":{"line":17,"column":75}},"17":{"start":{"line":18,"column":0},"end":{"line":18,"column":61}},"18":{"start":{"line":19,"column":0},"end":{"line":19,"column":51}},"20":{"start":{"line":21,"column":0},"end":{"line":21,"column":19}},"21":{"start":{"line":22,"column":0},"end":{"line":22,"column":22}},"22":{"start":{"line":23,"column":0},"end":{"line":23,"column":30}},"23":{"start":{"line":24,"column":0},"end":{"line":24,"column":26}},"24":{"start":{"line":25,"column":0},"end":{"line":25,"column":12}},"25":{"start":{"line":26,"column":0},"end":{"line":26,"column":9}},"27":{"start":{"line":28,"column":0},"end":{"line":28,"column":41}},"28":{"start":{"line":29,"column":0},"end":{"line":29,"column":63}},"29":{"start":{"line":30,"column":0},"end":{"line":30,"column":4}},"31":{"start":{"line":32,"column":0},"end":{"line":32,"column":10}},"32":{"start":{"line":33,"column":0},"end":{"line":33,"column":75}},"33":{"start":{"line":34,"column":0},"end":{"line":34,"column":16}},"34":{"start":{"line":35,"column":0},"end":{"line":35,"column":30}},"36":{"start":{"line":37,"column":0},"end":{"line":37,"column":2}}},"s":{"0":1,"2":1,"10":1,"11":1,"12":1,"13":1,"14":1,"16":1,"17":8,"18":8,"20":8,"21":4,"22":4,"23":4,"24":4,"25":8,"27":8,"28":7,"29":7,"31":8,"32":8,"33":8,"34":8,"36":8},"branchMap":{"0":{"type":"branch","line":17,"loc":{"start":{"line":17,"column":31},"end":{"line":37,"column":2}},"locations":[{"start":{"line":17,"column":31},"end":{"line":37,"column":2}}]},"1":{"type":"branch","line":21,"loc":{"start":{"line":21,"column":12},"end":{"line":26,"column":5}},"locations":[{"start":{"line":21,"column":12},"end":{"line":26,"column":5}}]},"2":{"type":"branch","line":22,"loc":{"start":{"line":22,"column":15},"end":{"line":25,"column":7}},"locations":[{"start":{"line":22,"column":15},"end":{"line":25,"column":7}}]},"3":{"type":"branch","line":28,"loc":{"start":{"line":28,"column":24},"end":{"line":30,"column":4}},"locations":[{"start":{"line":28,"column":24},"end":{"line":30,"column":4}}]},"4":{"type":"branch","line":29,"loc":{"start":{"line":29,"column":24},"end":{"line":29,"column":61}},"locations":[{"start":{"line":29,"column":24},"end":{"line":29,"column":61}}]}},"b":{"0":[8],"1":[4],"2":[4],"3":[7],"4":[4]},"fnMap":{"0":{"name":"getQuartoById","decl":{"start":{"line":14,"column":17},"end":{"line":14,"column":33}},"loc":{"start":{"line":14,"column":17},"end":{"line":14,"column":33}},"line":14},"1":{"name":"BedroomProvider","decl":{"start":{"line":17,"column":31},"end":{"line":37,"column":2}},"loc":{"start":{"line":17,"column":31},"end":{"line":37,"column":2}},"line":17},"2":{"name":"getQuartoById","decl":{"start":{"line":28,"column":24},"end":{"line":30,"column":4}},"loc":{"start":{"line":28,"column":24},"end":{"line":30,"column":4}},"line":28}},"f":{"0":0,"1":8,"2":7}}
[...]
,"/app/src/pages/Bedroom/styles.ts": {"path":"/app/src/pages/Bedroom/styles.ts","all":false,"statementMap":{"0":{"start":{"line":1,"column":0},"end":{"line":1,"column":39}},"2":{"start":{"line":3,"column":0},"end":{"line":3,"column":37}},"8":{"start":{"line":9,"column":0},"end":{"line":9,"column":34}},"14":{"start":{"line":15,"column":0},"end":{"line":15,"column":31}},"19":{"start":{"line":20,"column":0},"end":{"line":20,"column":36}},"25":{"start":{"line":26,"column":0},"end":{"line":26,"column":30}},"31":{"start":{"line":32,"column":0},"end":{"line":32,"column":32}}},"s":{"0":1,"2":1,"8":1,"14":1,"19":1,"25":1,"31":1},"branchMap":{},"b":{},"fnMap":{},"f":{}}
,"/app/src/pages/Login/index.tsx": {"path":"/app/src/pages/Login/index.tsx","all":false,"statementMap":{"2":{"start":{"line":3,"column":0},"end":{"line":3,"column":37}},"3":{"start":{"line":4,"column":0},"end":{"line":4,"column":67}},"4":{"start":{"line":5,"column":0},"end":{"line":5,"column":45}},"5":{"start":{"line":6,"column":0},"end":{"line":6,"column":51}},"7":{"start":{"line":8,"column":0},"end":{"line":8,"column":33}},"8":{"start":{"line":9,"column":0},"end":{"line":9,"column":10}},"9":{"start":{"line":10,"column":0},"end":{"line":10,"column":6}},"10":{"start":{"line":11,"column":0},"end":{"line":11,"column":25}},"11":{"start":{"line":12,"column":0},"end":{"line":12,"column":17}},"12":{"start":{"line":13,"column":0},"end":{"line":13,"column":21}},"13":{"start":{"line":14,"column":0},"end":{"line":14,"column":18}},"14":{"start":{"line":15,"column":0},"end":{"line":15,"column":16}},"15":{"start":{"line":16,"column":0},"end":{"line":16,"column":7}},"17":{"start":{"line":18,"column":0},"end":{"line":18,"column":1}}},"s":{"2":1,"3":1,"4":1,"5":1,"7":1,"8":1,"9":1,"10":1,"11":1,"12":1,"13":1,"14":1,"15":1,"17":1},"branchMap":{"0":{"type":"branch","line":8,"loc":{"start":{"line":8,"column":0},"end":{"line":18,"column":1}},"locations":[{"start":{"line":8,"column":0},"end":{"line":18,"column":1}}]}},"b":{"0":[1]},"fnMap":{"0":{"name":"Login","decl":{"start":{"line":8,"column":0},"end":{"line":18,"column":1}},"loc":{"start":{"line":8,"column":0},"end":{"line":18,"column":1}},"line":8}},"f":{"0":1}}
,"/app/src/pages/Login/styles.ts": {"path":"/app/src/pages/Login/styles.ts","all":false,"statementMap":{"0":{"start":{"line":1,"column":0},"end":{"line":1,"column":46}}},"s":{"0":1},"branchMap":{},"b":{},"fnMap":{},"f":{}}
,"/app/src/pages/Panel/index.tsx": {"path":"/app/src/pages/Panel/index.tsx","all":false,"statementMap":{"0":{"start":{"line":1,"column":0},"end":{"line":1,"column":26}},"1":{"start":{"line":2,"column":0},"end":{"line":2,"column":47}},"2":{"start":{"line":3,"column":0},"end":{"line":3,"column":51}},"3":{"start":{"line":4,"column":0},"end":{"line":4,"column":64}},"4":{"start":{"line":5,"column":0},"end":{"line":5,"column":45}},"5":{"start":{"line":6,"column":0},"end":{"line":6,"column":79}},"6":{"start":{"line":7,"column":0},"end":{"line":7,"column":64}},"8":{"start":{"line":9,"column":0},"end":{"line":9,"column":35}},"9":{"start":{"line":10,"column":0},"end":{"line":10,"column":33}},"11":{"start":{"line":12,"column":0},"end":{"line":12,"column":32}},"12":{"start":{"line":13,"column":0},"end":{"line":13,"column":27}},"13":{"start":{"line":14,"column":0},"end":{"line":14,"column":4}},"15":{"start":{"line":16,"column":0},"end":{"line":16,"column":10}},"16":{"start":{"line":17,"column":0},"end":{"line":17,"column":15}},"17":{"start":{"line":18,"column":0},"end":{"line":18,"column":25}},"19":{"start":{"line":20,"column":0},"end":{"line":20,"column":18}},"20":{"start":{"line":21,"column":0},"end":{"line":21,"column":35}},"21":{"start":{"line":22,"column":0},"end":{"line":22,"column":90}},"22":{"start":{"line":23,"column":0},"end":{"line":23,"column":37}},"23":{"start":{"line":24,"column":0},"end":{"line":24,"column":49}},"24":{"start":{"line":25,"column":0},"end":{"line":25,"column":56}},"25":{"start":{"line":26,"column":0},"end":{"line":26,"column":16}},"26":{"start":{"line":27,"column":0},"end":{"line":27,"column":14}},"27":{"start":{"line":28,"column":0},"end":{"line":28,"column":40}},"28":{"start":{"line":29,"column":0},"end":{"line":29,"column":19}},"30":{"start":{"line":31,"column":0},"end":{"line":31,"column":15}},"31":{"start":{"line":32,"column":0},"end":{"line":32,"column":23}},"32":{"start":{"line":33,"column":0},"end":{"line":33,"column":45}},"33":{"start":{"line":34,"column":0},"end":{"line":34,"column":71}},"34":{"start":{"line":35,"column":0},"end":{"line":35,"column":14}},"35":{"start":{"line":36,"column":0},"end":{"line":36,"column":16}},"37":{"start":{"line":38,"column":0},"end":{"line":38,"column":16}},"38":{"start":{"line":39,"column":0},"end":{"line":39,"column":16}},"40":{"start":{"line":41,"column":0},"end":{"line":41,"column":2}},"42":{"start":{"line":43,"column":0},"end":{"line":43,"column":25}}},"s":{"0":1,"1":1,"2":1,"3":1,"4":1,"5":1,"6":1,"8":1,"9":2,"11":2,"12":1,"13":1,"15":2,"16":2,"17":2,"19":2,"20":2,"21":2,"22":2,"23":2,"24":2,"25":2,"26":2,"27":2,"28":2,"30":2,"31":2,"32":2,"33":2,"34":2,"35":2,"37":2,"38":2,"40":2,"42":1},"branchMap":{"0":{"type":"branch","line":9,"loc":{"start":{"line":9,"column":28},"end":{"line":41,"column":2}},"locations":[{"start":{"line":9,"column":28},"end":{"line":41,"column":2}}]},"1":{"type":"branch","line":12,"loc":{"start":{"line":12,"column":25},"end":{"line":14,"column":4}},"locations":[{"start":{"line":12,"column":25},"end":{"line":14,"column":4}}]}},"b":{"0":[2],"1":[1]},"fnMap":{"0":{"name":"PanelPage","decl":{"start":{"line":9,"column":28},"end":{"line":41,"column":2}},"loc":{"start":{"line":9,"column":28},"end":{"line":41,"column":2}},"line":9},"1":{"name":"irParaReservas","decl":{"start":{"line":12,"column":25},"end":{"line":14,"column":4}},"loc":{"start":{"line":12,"column":25},"end":{"line":14,"column":4}},"line":12}},"f":{"0":2,"1":1}}
,"/app/src/pages/Panel/styles.ts": {"path":"/app/src/pages/Panel/styles.ts","all":false,"statementMap":{"0":{"start":{"line":1,"column":0},"end":{"line":1,"column":39}},"3":{"start":{"line":4,"column":0},"end":{"line":4,"column":36}},"10":{"start":{"line":11,"column":0},"end":{"line":11,"column":31}},"16":{"start":{"line":17,"column":0},"end":{"line":17,"column":41}},"47":{"start":{"line":48,"column":0},"end":{"line":48,"column":39}},"55":{"start":{"line":56,"column":0},"end":{"line":56,"column":38}},"63":{"start":{"line":64,"column":0},"end":{"line":64,"column":36}},"81":{"start":{"line":82,"column":0},"end":{"line":82,"column":36}}},"s":{"0":1,"3":1,"10":1,"16":1,"47":1,"55":1,"63":1,"81":1},"branchMap":{},"b":{},"fnMap":{},"f":{}}
,"/app/src/pages/Register/index.tsx": {"path":"/app/src/pages/Register/index.tsx","all":false,"statementMap":{"0":{"start":{"line":1,"column":0},"end":{"line":1,"column":71}},"1":{"start":{"line":2,"column":0},"end":{"line":2,"column":49}},"2":{"start":{"line":3,"column":0},"end":{"line":3,"column":48}},"3":{"start":{"line":4,"column":0},"end":{"line":4,"column":61}},"4":{"start":{"line":5,"column":0},"end":{"line":5,"column":40}},"6":{"start":{"line":7,"column":0},"end":{"line":7,"column":28}},"7":{"start":{"line":8,"column":0},"end":{"line":8,"column":10}},"8":{"start":{"line":9,"column":0},"end":{"line":9,"column":6}},"9":{"start":{"line":10,"column":0},"end":{"line":10,"column":25}},"11":{"start":{"line":12,"column":0},"end":{"line":12,"column":17}},"12":{"start":{"line":13,"column":0},"end":{"line":13,"column":24}},"14":{"start":{"line":15,"column":0},"end":{"line":15,"column":19}},"15":{"start":{"line":16,"column":0},"end":{"line":16,"column":61}},"16":{"start":{"line":17,"column":0},"end":{"line":17,"column":20}},"17":{"start":{"line":18,"column":0},"end":{"line":18,"column":18}},"19":{"start":{"line":20,"column":0},"end":{"line":20,"column":16}},"20":{"start":{"line":21,"column":0},"end":{"line":21,"column":7}},"22":{"start":{"line":23,"column":0},"end":{"line":23,"column":1}}},"s":{"0":1,"1":1,"2":1,"3":1,"4":1,"6":1,"7":3,"8":3,"9":3,"11":3,"12":3,"14":3,"15":3,"16":3,"17":3,"19":3,"20":3,"22":3},"branchMap":{"0":{"type":"branch","line":7,"loc":{"start":{"line":7,"column":7},"end":{"line":23,"column":1}},"locations":[{"start":{"line":7,"column":7},"end":{"line":23,"column":1}}]}},"b":{"0":[3]},"fnMap":{"0":{"name":"Register","decl":{"start":{"line":7,"column":7},"end":{"line":23,"column":1}},"loc":{"start":{"line":7,"column":7},"end":{"line":23,"column":1}},"line":7}},"f":{"0":3}}
,"/app/src/pages/Register/styles.ts": {"path":"/app/src/pages/Register/styles.ts","all":false,"statementMap":{"0":{"start":{"line":1,"column":0},"end":{"line":1,"column":49}}},"s":{"0":1},"branchMap":{},"b":{},"fnMap":{},"f":{}}
,"/app/src/pages/Reservations/index.tsx": {"path":"/app/src/pages/Reservations/index.tsx","all":false,"statementMap":{"0":{"start":{"line":1,"column":0},"end":{"line":1,"column":26}},"1":{"start":{"line":2,"column":0},"end":{"line":2,"column":47}},"2":{"start":{"line":3,"column":0},"end":{"line":3,"column":64}},"3":{"start":{"line":4,"column":0},"end":{"line":4,"column":45}},"4":{"start":{"line":5,"column":0},"end":{"line":5,"column":60}},"5":{"start":{"line":6,"column":0},"end":{"line":6,"column":45}},"7":{"start":{"line":8,"column":0},"end":{"line":8,"column":42}},"8":{"start":{"line":9,"column":0},"end":{"line":9,"column":33}},"10":{"start":{"line":11,"column":0},"end":{"line":11,"column":37}},"11":{"start":{"line":12,"column":0},"end":{"line":12,"column":23}},"12":{"start":{"line":13,"column":0},"end":{"line":13,"column":4}},"14":{"start":{"line":15,"column":0},"end":{"line":15,"column":10}},"15":{"start":{"line":16,"column":0},"end":{"line":16,"column":15}},"16":{"start":{"line":17,"column":0},"end":{"line":17,"column":25}},"17":{"start":{"line":18,"column":0},"end":{"line":18,"column":30}},"18":{"start":{"line":19,"column":0},"end":{"line":19,"column":76}},"19":{"start":{"line":20,"column":0},"end":{"line":20,"column":16}},"20":{"start":{"line":21,"column":0},"end":{"line":21,"column":16}},"22":{"start":{"line":23,"column":0},"end":{"line":23,"column":2}},"24":{"start":{"line":25,"column":0},"end":{"line":25,"column":32}}},"s":{"0":1,"1":1,"2":1,"3":1,"4":1,"5":1,"7":1,"8":2,"10":2,"11":1,"12":1,"14":2,"15":2,"16":2,"17":2,"18":2,"19":2,"20":2,"22":2,"24":1},"branchMap":{"0":{"type":"branch","line":8,"loc":{"start":{"line":8,"column":35},"end":{"line":23,"column":2}},"locations":[{"start":{"line":8,"column":35},"end":{"line":23,"column":2}}]},"1":{"type":"branch","line":11,"loc":{"start":{"line":11,"column":30},"end":{"line":13,"column":4}},"locations":[{"start":{"line":11,"column":30},"end":{"line":13,"column":4}}]}},"b":{"0":[2],"1":[1]},"fnMap":{"0":{"name":"ReservationsPage","decl":{"start":{"line":8,"column":35},"end":{"line":23,"column":2}},"loc":{"start":{"line":8,"column":35},"end":{"line":23,"column":2}},"line":8},"1":{"name":"handleAdminRedirect","decl":{"start":{"line":11,"column":30},"end":{"line":13,"column":4}},"loc":{"start":{"line":11,"column":30},"end":{"line":13,"column":4}},"line":11}},"f":{"0":2,"1":1}}
,"/app/src/pages/Reservations/styles.ts": {"path":"/app/src/pages/Reservations/styles.ts","all":false,"statementMap":{"0":{"start":{"line":1,"column":0},"end":{"line":1,"column":39}},"2":{"start":{"line":3,"column":0},"end":{"line":3,"column":36}},"7":{"start":{"line":8,"column":0},"end":{"line":8,"column":36}}},"s":{"0":1,"2":1,"7":1},"branchMap":{},"b":{},"fnMap":{},"f":{}}
,"/app/src/routes/ProtectedRoutes.tsx": {"path":"/app/src/routes/ProtectedRoutes.tsx","all":false,"statementMap":{"0":{"start":{"line":1,"column":0},"end":{"line":1,"column":44}},"1":{"start":{"line":2,"column":0},"end":{"line":2,"column":43}},"7":{"start":{"line":8,"column":0},"end":{"line":8,"column":67}},"8":{"start":{"line":9,"column":0},"end":{"line":9,"column":47}},"11":{"start":{"line":12,"column":0},"end":{"line":12,"column":85}},"12":{"start":{"line":13,"column":0},"end":{"line":13,"column":79}},"14":{"start":{"line":15,"column":0},"end":{"line":15,"column":18}},"15":{"start":{"line":16,"column":0},"end":{"line":16,"column":33}},"16":{"start":{"line":17,"column":0},"end":{"line":17,"column":3}},"19":{"start":{"line":20,"column":0},"end":{"line":20,"column":21}},"20":{"start":{"line":21,"column":0},"end":{"line":21,"column":44}},"21":{"start":{"line":22,"column":0},"end":{"line":22,"column":3}},"23":{"start":{"line":24,"column":0},"end":{"line":24,"column":25}},"24":{"start":{"line":25,"column":0},"end":{"line":25,"column":1}}},"s":{"0":1,"1":1,"7":1,"8":0,"11":0,"12":0,"14":0,"15":0,"16":0,"19":0,"20":0,"21":0,"23":0,"24":0},"branchMap":{},"b":{},"fnMap":{"0":{"name":"ProtectedRoute","decl":{"start":{"line":8,"column":7},"end":{"line":25,"column":1}},"loc":{"start":{"line":8,"column":7},"end":{"line":25,"column":1}},"line":8}},"f":{"0":0}}
,"/app/src/routes/index.tsx": {"path":"/app/src/routes/index.tsx","all":false,"statementMap":{"0":{"start":{"line":1,"column":0},"end":{"line":1,"column":49}},"1":{"start":{"line":2,"column":0},"end":{"line":2,"column":41}},"2":{"start":{"line":3,"column":0},"end":{"line":3,"column":35}},"3":{"start":{"line":4,"column":0},"end":{"line":4,"column":39}},"4":{"start":{"line":5,"column":0},"end":{"line":5,"column":35}},"5":{"start":{"line":6,"column":0},"end":{"line":6,"column":45}},"6":{"start":{"line":7,"column":0},"end":{"line":7,"column":39}},"7":{"start":{"line":8,"column":0},"end":{"line":8,"column":53}},"8":{"start":{"line":9,"column":0},"end":{"line":9,"column":54}},"9":{"start":{"line":10,"column":0},"end":{"line":10,"column":59}},"11":{"start":{"line":12,"column":0},"end":{"line":12,"column":28}},"12":{"start":{"line":13,"column":0},"end":{"line":13,"column":10}},"13":{"start":{"line":14,"column":0},"end":{"line":14,"column":12}},"14":{"start":{"line":15,"column":0},"end":{"line":15,"column":43}},"15":{"start":{"line":16,"column":0},"end":{"line":16,"column":43}},"16":{"start":{"line":17,"column":0},"end":{"line":17,"column":57}},"17":{"start":{"line":18,"column":0},"end":{"line":18,"column":14}},"19":{"start":{"line":20,"column":0},"end":{"line":20,"column":49}},"20":{"start":{"line":21,"column":0},"end":{"line":21,"column":55}},"22":{"start":{"line":23,"column":0},"end":{"line":23,"column":12}},"23":{"start":{"line":24,"column":0},"end":{"line":24,"column":21}},"24":{"start":{"line":25,"column":0},"end":{"line":25,"column":17}},"25":{"start":{"line":26,"column":0},"end":{"line":26,"column":26}},"26":{"start":{"line":27,"column":0},"end":{"line":27,"column":25}},"27":{"start":{"line":28,"column":0},"end":{"line":28,"column":27}},"29":{"start":{"line":30,"column":0},"end":{"line":30,"column":8}},"30":{"start":{"line":31,"column":0},"end":{"line":31,"column":12}},"31":{"start":{"line":32,"column":0},"end":{"line":32,"column":24}},"32":{"start":{"line":33,"column":0},"end":{"line":33,"column":17}},"33":{"start":{"line":34,"column":0},"end":{"line":34,"column":26}},"34":{"start":{"line":35,"column":0},"end":{"line":35,"column":32}},"35":{"start":{"line":36,"column":0},"end":{"line":36,"column":27}},"37":{"start":{"line":38,"column":0},"end":{"line":38,"column":8}},"38":{"start":{"line":39,"column":0},"end":{"line":39,"column":12}},"39":{"start":{"line":40,"column":0},"end":{"line":40,"column":21}},"40":{"start":{"line":41,"column":0},"end":{"line":41,"column":17}},"41":{"start":{"line":42,"column":0},"end":{"line":42,"column":26}},"42":{"start":{"line":43,"column":0},"end":{"line":43,"column":25}},"43":{"start":{"line":44,"column":0},"end":{"line":44,"column":27}},"45":{"start":{"line":46,"column":0},"end":{"line":46,"column":8}},"46":{"start":{"line":47,"column":0},"end":{"line":47,"column":13}},"48":{"start":{"line":49,"column":0},"end":{"line":49,"column":1}}},"s":{"0":1,"1":1,"2":1,"3":1,"4":1,"5":1,"6":1,"7":1,"8":1,"9":1,"11":1,"12":1,"13":1,"14":1,"15":1,"16":1,"17":1,"19":1,"20":1,"22":1,"23":1,"24":1,"25":1,"26":1,"27":1,"29":1,"30":1,"31":1,"32":1,"33":1,"34":1,"35":1,"37":1,"38":1,"39":1,"40":1,"41":1,"42":1,"43":1,"45":1,"46":1,"48":1},"branchMap":{"0":{"type":"branch","line":12,"loc":{"start":{"line":12,"column":7},"end":{"line":49,"column":1}},"locations":[{"start":{"line":12,"column":7},"end":{"line":49,"column":1}}]}},"b":{"0":[1]},"fnMap":{"0":{"name":"RouteWeb","decl":{"start":{"line":12,"column":7},"end":{"line":49,"column":1}},"loc":{"start":{"line":12,"column":7},"end":{"line":49,"column":1}},"line":12}},"f":{"0":1}}
,"/app/src/styles/GlobalStyles.ts": {"path":"/app/src/styles/GlobalStyles.ts","all":true,"statementMap":{"0":{"start":{"line":1,"column":0},"end":{"line":1,"column":54}},"2":{"start":{"line":3,"column":0},"end":{"line":3,"column":45}}},"s":{"0":0,"2":0},"branchMap":{"0":{"type":"branch","line":1,"loc":{"start":{"line":1,"column":780},"end":{"line":51,"column":2}},"locations":[{"start":{"line":1,"column":780},"end":{"line":51,"column":2}}]}},"b":{"0":[0]},"fnMap":{"0":{"name":"(empty-report)","decl":{"start":{"line":1,"column":780},"end":{"line":51,"column":2}},"loc":{"start":{"line":1,"column":780},"end":{"line":51,"column":2}},"line":1}},"f":{"0":0}}
,"/app/src/types/BedroomType.ts": {"path":"/app/src/types/BedroomType.ts","all":true,"statementMap":{},"s":{},"branchMap":{"0":{"type":"branch","line":1,"loc":{"start":{"line":1,"column":216},"end":{"line":14,"column":1}},"locations":[{"start":{"line":1,"column":216},"end":{"line":14,"column":1}}]}},"b":{"0":[1]},"fnMap":{"0":{"name":"(empty-report)","decl":{"start":{"line":1,"column":216},"end":{"line":14,"column":1}},"loc":{"start":{"line":1,"column":216},"end":{"line":14,"column":1}},"line":1}},"f":{"0":1}}
,"/app/src/types/ProfileInfoType.ts": {"path":"/app/src/types/ProfileInfoType.ts","all":false,"statementMap":{},"s":{},"branchMap":{},"b":{},"fnMap":{},"f":{}}
,"/app/src/types/RegisterType.ts": {"path":"/app/src/types/RegisterType.ts","all":true,"statementMap":{},"s":{},"branchMap":{"0":{"type":"branch","line":1,"loc":{"start":{"line":1,"column":194},"end":{"line":10,"column":1}},"locations":[{"start":{"line":1,"column":194},"end":{"line":10,"column":1}}]}},"b":{"0":[1]},"fnMap":{"0":{"name":"(empty-report)","decl":{"start":{"line":1,"column":194},"end":{"line":10,"column":1}},"loc":{"start":{"line":1,"column":194},"end":{"line":10,"column":1}},"line":1}},"f":{"0":1}}
,"/app/src/types/ReservationDetailType.ts": {"path":"/app/src/types/ReservationDetailType.ts","all":true,"statementMap":{},"s":{},"branchMap":{"0":{"type":"branch","line":1,"loc":{"start":{"line":1,"column":149},"end":{"line":8,"column":4}},"locations":[{"start":{"line":1,"column":149},"end":{"line":8,"column":4}}]}},"b":{"0":[1]},"fnMap":{"0":{"name":"(empty-report)","decl":{"start":{"line":1,"column":149},"end":{"line":8,"column":4}},"loc":{"start":{"line":1,"column":149},"end":{"line":8,"column":4}},"line":1}},"f":{"0":1}}
,"/app/src/types/ReservationType.ts": {"path":"/app/src/types/ReservationType.ts","all":false,"statementMap":{"7":{"start":{"line":8,"column":0},"end":{"line":8,"column":4}}},"s":{"7":1},"branchMap":{},"b":{},"fnMap":{},"f":{}}
,"/app/src/types/UserType.ts": {"path":"/app/src/types/UserType.ts","all":true,"statementMap":{},"s":{},"branchMap":{"0":{"type":"branch","line":1,"loc":{"start":{"line":1,"column":124},"end":{"line":7,"column":1}},"locations":[{"start":{"line":1,"column":124},"end":{"line":7,"column":1}}]}},"b":{"0":[1]},"fnMap":{"0":{"name":"(empty-report)","decl":{"start":{"line":1,"column":124},"end":{"line":7,"column":1}},"loc":{"start":{"line":1,"column":124},"end":{"line":7,"column":1}},"line":1}},"f":{"0":1}}
}
