{"/app/src/App.tsx": {"path":"/app/src/App.tsx","all":false,"statementMap":{"0":{"start":{"line":1,"column":0},"end":{"line":1,"column":48}},"1":{"start":{"line":2,"column":0},"end":{"line":2,"column":51}},"2":{"start":{"line":3,"column":0},"end":{"line":3,"column":53}},"3":{"start":{"line":4,"column":0},"end":{"line":4,"column":59}},"4":{"start":{"line":5,"column":0},"end":{"line":5,"column":35}},"6":{"start":{"line":7,"column":0},"end":{"line":7,"column":23}},"7":{"start":{"line":8,"column":0},"end":{"line":8,"column":10}},"8":{"start":{"line":9,"column":0},"end":{"line":9,"column":19}},"9":{"start":{"line":10,"column":0},"end":{"line":10,"column":21}},"10":{"start":{"line":11,"column":0},"end":{"line":11,"column":20}},"11":{"start":{"line":12,"column":0},"end":{"line":12,"column":25}},"12":{"start":{"line":13,"column":0},"end":{"line":13,"column":24}},"13":{"start":{"line":14,"column":0},"end":{"line":14,"column":26}},"14":{"start":{"line":15,"column":0},"end":{"line":15,"column":21}},"15":{"start":{"line":16,"column":0},"end":{"line":16,"column":20}},"17":{"start":{"line":18,"column":0},"end":{"line":18,"column":1}}},"s":{"0":1,"1":1,"2":1,"3":1,"4":1,"6":1,"7":1,"8":1,"9":1,"10":1,"11":1,"12":1,"13":1,"14":1,"15":1,"17":1},"branchMap":{"0":{"type":"branch","line":7,"loc":{"start":{"line":7,"column":7},"end":{"line":18,"column":1}},"locations":[{"start":{"line":7,"column":7},"end":{"line":18,"column":1}}]}},"b":{"0":[1]},"fnMap":{"0":{"name":"App","decl":{"start":{"line":7,"column":7},"end":{"line":18,"column":1}},"loc":{"start":{"line":7,"column":7},"end":{"line":18,"column":1}},"line":7}},"f":{"0":1}}
,"/app/src/main.tsx": {"path":"/app/src/main.tsx","all":false,"statementMap":{"0":{"start":{"line":1,"column":0},"end":{"line":1,"column":26}},"1":{"start":{"line":2,"column":0},"end":{"line":2,"column":40}},"2":{"start":{"line":3,"column":0},"end":{"line":3,"column":28}},"4":{"start":{"line":5,"column":0},"end":{"line":5,"column":61}},"5":{"start":{"line":6,"column":0},"end":{"line":6,"column":20}},"6":{"start":{"line":7,"column":0},"end":{"line":7,"column":11}},"7":{"start":{"line":8,"column":0},"end":{"line":8,"column":21}},"8":{"start":{"line":9,"column":0},"end":{"line":9,"column":2}}},"s":{"0":1,"1":1,"2":1,"4":1,"5":1,"6":1,"7":1,"8":1},"branchMap":{},"b":{},"fnMap":{},"f":{}}
,"/app/src/components/AdminReservationCrud/AdminReservationCrud.tsx": {"path":"/app/src/components/AdminReservationCrud/AdminReservationCrud.tsx","all":false,"statementMap":{"0":{"start":{"line":1,"column":0},"end":{"line":1,"column":40}},"1":{"start":{"line":2,"column":0},"end":{"line":2,"column":65}},"2":{"start":{"line":3,"column":0},"end":{"line":3,"column":166}},"4":{"start":{"line":5,"column":0},"end":{"line":5,"column":46}},"5":{"start":{"line":6,"column":0},"end":{"line":6,"column":68}},"6":{"start":{"line":7,"column":0},"end":{"line":7,"column":44}},"7":{"start":{"line":8,"column":0},"end":{"line":8,"column":11}},"8":{"start":{"line":9,"column":0},"end":{"line":9,"column":14}},"9":{"start":{"line":10,"column":0},"end":{"line":10,"column":16}},"10":{"start":{"line":11,"column":0},"end":{"line":11,"column":16}},"11":{"start":{"line":12,"column":0},"end":{"line":12,"column":17}},"12":{"start":{"line":13,"column":0},"end":{"line":13,"column":70}},"13":{"start":{"line":14,"column":0},"end":{"line":14,"column":23}},"14":{"start":{"line":15,"column":0},"end":{"line":15,"column":19}},"15":{"start":{"line":16,"column":0},"end":{"line":16,"column":18}},"16":{"start":{"line":17,"column":0},"end":{"line":17,"column":29}},"17":{"start":{"line":18,"column":0},"end":{"line":18,"column":22}},"18":{"start":{"line":19,"column":0},"end":{"line":19,"column":14}},"19":{"start":{"line":20,"column":0},"end":{"line":20,"column":19}},"20":{"start":{"line":21,"column":0},"end":{"line":21,"column":19}},"21":{"start":{"line":22,"column":0},"end":{"line":22,"column":19}},"22":{"start":{"line":23,"column":0},"end":{"line":23,"column":16}},"23":{"start":{"line":24,"column":0},"end":{"line":24,"column":6}},"24":{"start":{"line":25,"column":0},"end":{"line":25,"column":5}},"26":{"start":{"line":27,"column":0},"end":{"line":27,"column":38}},"27":{"start":{"line":28,"column":0},"end":{"line":28,"column":21}},"28":{"start":{"line":29,"column":0},"end":{"line":29,"column":22}},"29":{"start":{"line":30,"column":0},"end":{"line":30,"column":7}},"30":{"start":{"line":31,"column":0},"end":{"line":31,"column":20}},"31":{"start":{"line":32,"column":0},"end":{"line":32,"column":41}},"32":{"start":{"line":33,"column":0},"end":{"line":33,"column":48}},"33":{"start":{"line":34,"column":0},"end":{"line":34,"column":59}},"34":{"start":{"line":35,"column":0},"end":{"line":35,"column":23}},"35":{"start":{"line":36,"column":0},"end":{"line":36,"column":72}},"36":{"start":{"line":37,"column":0},"end":{"line":37,"column":66}},"37":{"start":{"line":38,"column":0},"end":{"line":38,"column":10}},"38":{"start":{"line":39,"column":0},"end":{"line":39,"column":8}},"39":{"start":{"line":40,"column":0},"end":{"line":40,"column":7}},"40":{"start":{"line":41,"column":0},"end":{"line":41,"column":17}},"41":{"start":{"line":42,"column":0},"end":{"line":42,"column":13}},"42":{"start":{"line":43,"column":0},"end":{"line":43,"column":16}},"43":{"start":{"line":44,"column":0},"end":{"line":44,"column":18}},"44":{"start":{"line":45,"column":0},"end":{"line":45,"column":18}},"45":{"start":{"line":46,"column":0},"end":{"line":46,"column":19}},"46":{"start":{"line":47,"column":0},"end":{"line":47,"column":27}},"47":{"start":{"line":48,"column":0},"end":{"line":48,"column":25}},"48":{"start":{"line":49,"column":0},"end":{"line":49,"column":21}},"49":{"start":{"line":50,"column":0},"end":{"line":50,"column":20}},"50":{"start":{"line":51,"column":0},"end":{"line":51,"column":31}},"51":{"start":{"line":52,"column":0},"end":{"line":52,"column":24}},"52":{"start":{"line":53,"column":0},"end":{"line":53,"column":16}},"53":{"start":{"line":54,"column":0},"end":{"line":54,"column":21}},"54":{"start":{"line":55,"column":0},"end":{"line":55,"column":21}},"55":{"start":{"line":56,"column":0},"end":{"line":56,"column":21}},"56":{"start":{"line":57,"column":0},"end":{"line":57,"column":18}},"57":{"start":{"line":58,"column":0},"end":{"line":58,"column":8}},"58":{"start":{"line":59,"column":0},"end":{"line":59,"column":7}},"59":{"start":{"line":60,"column":0},"end":{"line":60,"column":4}},"61":{"start":{"line":62,"column":0},"end":{"line":62,"column":51}},"62":{"start":{"line":63,"column":0},"end":{"line":63,"column":65}},"63":{"start":{"line":64,"column":0},"end":{"line":64,"column":4}},"65":{"start":{"line":66,"column":0},"end":{"line":66,"column":49}},"66":{"start":{"line":67,"column":0},"end":{"line":67,"column":66}},"67":{"start":{"line":68,"column":0},"end":{"line":68,"column":22}},"68":{"start":{"line":69,"column":0},"end":{"line":69,"column":31}},"69":{"start":{"line":70,"column":0},"end":{"line":70,"column":5}},"70":{"start":{"line":71,"column":0},"end":{"line":71,"column":4}},"72":{"start":{"line":73,"column":0},"end":{"line":73,"column":41}},"73":{"start":{"line":74,"column":0},"end":{"line":74,"column":20}},"74":{"start":{"line":75,"column":0},"end":{"line":75,"column":74}},"75":{"start":{"line":76,"column":0},"end":{"line":76,"column":6}},"76":{"start":{"line":77,"column":0},"end":{"line":77,"column":17}},"77":{"start":{"line":78,"column":0},"end":{"line":78,"column":13}},"78":{"start":{"line":79,"column":0},"end":{"line":79,"column":16}},"79":{"start":{"line":80,"column":0},"end":{"line":80,"column":18}},"80":{"start":{"line":81,"column":0},"end":{"line":81,"column":18}},"81":{"start":{"line":82,"column":0},"end":{"line":82,"column":19}},"82":{"start":{"line":83,"column":0},"end":{"line":83,"column":27}},"83":{"start":{"line":84,"column":0},"end":{"line":84,"column":25}},"84":{"start":{"line":85,"column":0},"end":{"line":85,"column":21}},"85":{"start":{"line":86,"column":0},"end":{"line":86,"column":20}},"86":{"start":{"line":87,"column":0},"end":{"line":87,"column":31}},"87":{"start":{"line":88,"column":0},"end":{"line":88,"column":24}},"88":{"start":{"line":89,"column":0},"end":{"line":89,"column":16}},"89":{"start":{"line":90,"column":0},"end":{"line":90,"column":21}},"90":{"start":{"line":91,"column":0},"end":{"line":91,"column":21}},"91":{"start":{"line":92,"column":0},"end":{"line":92,"column":21}},"92":{"start":{"line":93,"column":0},"end":{"line":93,"column":18}},"93":{"start":{"line":94,"column":0},"end":{"line":94,"column":8}},"94":{"start":{"line":95,"column":0},"end":{"line":95,"column":7}},"95":{"start":{"line":96,"column":0},"end":{"line":96,"column":4}},"97":{"start":{"line":98,"column":0},"end":{"line":98,"column":10}},"98":{"start":{"line":99,"column":0},"end":{"line":99,"column":15}},"99":{"start":{"line":100,"column":0},"end":{"line":100,"column":82}},"100":{"start":{"line":101,"column":0},"end":{"line":101,"column":46}},"102":{"start":{"line":103,"column":0},"end":{"line":103,"column":21}},"103":{"start":{"line":104,"column":0},"end":{"line":104,"column":14}},"104":{"start":{"line":105,"column":0},"end":{"line":105,"column":21}},"105":{"start":{"line":106,"column":0},"end":{"line":106,"column":30}},"106":{"start":{"line":107,"column":0},"end":{"line":107,"column":32}},"107":{"start":{"line":108,"column":0},"end":{"line":108,"column":79}},"108":{"start":{"line":109,"column":0},"end":{"line":109,"column":10}},"109":{"start":{"line":110,"column":0},"end":{"line":110,"column":14}},"110":{"start":{"line":111,"column":0},"end":{"line":111,"column":21}},"111":{"start":{"line":112,"column":0},"end":{"line":112,"column":32}},"112":{"start":{"line":113,"column":0},"end":{"line":113,"column":34}},"113":{"start":{"line":114,"column":0},"end":{"line":114,"column":26}},"114":{"start":{"line":115,"column":0},"end":{"line":115,"column":65}},"116":{"start":{"line":117,"column":0},"end":{"line":117,"column":10}},"117":{"start":{"line":118,"column":0},"end":{"line":118,"column":14}},"118":{"start":{"line":119,"column":0},"end":{"line":119,"column":21}},"119":{"start":{"line":120,"column":0},"end":{"line":120,"column":32}},"120":{"start":{"line":121,"column":0},"end":{"line":121,"column":34}},"121":{"start":{"line":122,"column":0},"end":{"line":122,"column":26}},"122":{"start":{"line":123,"column":0},"end":{"line":123,"column":65}},"124":{"start":{"line":125,"column":0},"end":{"line":125,"column":10}},"125":{"start":{"line":126,"column":0},"end":{"line":126,"column":14}},"126":{"start":{"line":127,"column":0},"end":{"line":127,"column":21}},"127":{"start":{"line":128,"column":0},"end":{"line":128,"column":33}},"128":{"start":{"line":129,"column":0},"end":{"line":129,"column":35}},"129":{"start":{"line":130,"column":0},"end":{"line":130,"column":26}},"130":{"start":{"line":131,"column":0},"end":{"line":131,"column":66}},"132":{"start":{"line":133,"column":0},"end":{"line":133,"column":10}},"133":{"start":{"line":134,"column":0},"end":{"line":134,"column":15}},"134":{"start":{"line":135,"column":0},"end":{"line":135,"column":33}},"135":{"start":{"line":136,"column":0},"end":{"line":136,"column":26}},"136":{"start":{"line":137,"column":0},"end":{"line":137,"column":109}},"139":{"start":{"line":140,"column":0},"end":{"line":140,"column":56}},"140":{"start":{"line":141,"column":0},"end":{"line":141,"column":54}},"141":{"start":{"line":142,"column":0},"end":{"line":142,"column":56}},"142":{"start":{"line":143,"column":0},"end":{"line":143,"column":17}},"143":{"start":{"line":144,"column":0},"end":{"line":144,"column":14}},"144":{"start":{"line":145,"column":0},"end":{"line":145,"column":21}},"145":{"start":{"line":146,"column":0},"end":{"line":146,"column":29}},"146":{"start":{"line":147,"column":0},"end":{"line":147,"column":32}},"147":{"start":{"line":148,"column":0},"end":{"line":148,"column":26}},"148":{"start":{"line":149,"column":0},"end":{"line":149,"column":63}},"150":{"start":{"line":151,"column":0},"end":{"line":151,"column":10}},"151":{"start":{"line":152,"column":0},"end":{"line":152,"column":14}},"152":{"start":{"line":153,"column":0},"end":{"line":153,"column":21}},"153":{"start":{"line":154,"column":0},"end":{"line":154,"column":38}},"154":{"start":{"line":155,"column":0},"end":{"line":155,"column":37}},"155":{"start":{"line":156,"column":0},"end":{"line":156,"column":26}},"156":{"start":{"line":157,"column":0},"end":{"line":157,"column":68}},"158":{"start":{"line":159,"column":0},"end":{"line":159,"column":10}},"159":{"start":{"line":160,"column":0},"end":{"line":160,"column":14}},"160":{"start":{"line":161,"column":0},"end":{"line":161,"column":21}},"161":{"start":{"line":162,"column":0},"end":{"line":162,"column":41}},"162":{"start":{"line":163,"column":0},"end":{"line":163,"column":48}},"163":{"start":{"line":164,"column":0},"end":{"line":164,"column":26}},"164":{"start":{"line":165,"column":0},"end":{"line":165,"column":25}},"165":{"start":{"line":166,"column":0},"end":{"line":166,"column":26}},"166":{"start":{"line":167,"column":0},"end":{"line":167,"column":83}},"167":{"start":{"line":168,"column":0},"end":{"line":168,"column":14}},"169":{"start":{"line":170,"column":0},"end":{"line":170,"column":10}},"170":{"start":{"line":171,"column":0},"end":{"line":171,"column":14}},"171":{"start":{"line":172,"column":0},"end":{"line":172,"column":22}},"172":{"start":{"line":173,"column":0},"end":{"line":173,"column":39}},"173":{"start":{"line":174,"column":0},"end":{"line":174,"column":45}},"174":{"start":{"line":175,"column":0},"end":{"line":175,"column":26}},"175":{"start":{"line":176,"column":0},"end":{"line":176,"column":25}},"176":{"start":{"line":177,"column":0},"end":{"line":177,"column":26}},"177":{"start":{"line":178,"column":0},"end":{"line":178,"column":80}},"178":{"start":{"line":179,"column":0},"end":{"line":179,"column":14}},"180":{"start":{"line":181,"column":0},"end":{"line":181,"column":10}},"181":{"start":{"line":182,"column":0},"end":{"line":182,"column":87}},"182":{"start":{"line":183,"column":0},"end":{"line":183,"column":51}},"183":{"start":{"line":184,"column":0},"end":{"line":184,"column":17}},"184":{"start":{"line":185,"column":0},"end":{"line":185,"column":22}},"186":{"start":{"line":187,"column":0},"end":{"line":187,"column":23}},"187":{"start":{"line":188,"column":0},"end":{"line":188,"column":44}},"188":{"start":{"line":189,"column":0},"end":{"line":189,"column":48}},"189":{"start":{"line":190,"column":0},"end":{"line":190,"column":40}},"190":{"start":{"line":191,"column":0},"end":{"line":191,"column":67}},"191":{"start":{"line":192,"column":0},"end":{"line":192,"column":67}},"192":{"start":{"line":193,"column":0},"end":{"line":193,"column":69}},"193":{"start":{"line":194,"column":0},"end":{"line":194,"column":53}},"194":{"start":{"line":195,"column":0},"end":{"line":195,"column":34}},"195":{"start":{"line":196,"column":0},"end":{"line":196,"column":26}},"196":{"start":{"line":197,"column":0},"end":{"line":197,"column":29}},"197":{"start":{"line":198,"column":0},"end":{"line":198,"column":83}},"199":{"start":{"line":200,"column":0},"end":{"line":200,"column":30}},"200":{"start":{"line":201,"column":0},"end":{"line":201,"column":84}},"202":{"start":{"line":203,"column":0},"end":{"line":203,"column":29}},"203":{"start":{"line":204,"column":0},"end":{"line":204,"column":30}},"204":{"start":{"line":205,"column":0},"end":{"line":205,"column":28}},"205":{"start":{"line":206,"column":0},"end":{"line":206,"column":11}},"206":{"start":{"line":207,"column":0},"end":{"line":207,"column":24}},"207":{"start":{"line":208,"column":0},"end":{"line":208,"column":16}},"209":{"start":{"line":210,"column":0},"end":{"line":210,"column":2}},"211":{"start":{"line":212,"column":0},"end":{"line":212,"column":36}}},"s":{"0":1,"1":1,"2":1,"4":1,"5":105,"6":105,"7":105,"8":105,"9":105,"10":105,"11":105,"12":105,"13":105,"14":105,"15":105,"16":105,"17":105,"18":105,"19":105,"20":105,"21":105,"22":105,"23":105,"24":105,"26":105,"27":1,"28":1,"29":1,"30":1,"31":1,"32":1,"33":1,"34":1,"35":1,"36":1,"37":1,"38":1,"39":1,"40":1,"41":1,"42":1,"43":1,"44":1,"45":1,"46":1,"47":1,"48":1,"49":1,"50":1,"51":1,"52":1,"53":1,"54":1,"55":1,"56":1,"57":1,"58":1,"59":1,"61":105,"62":1,"63":1,"65":105,"66":1,"67":1,"68":1,"69":1,"70":1,"72":105,"73":1,"74":1,"75":1,"76":1,"77":1,"78":1,"79":1,"80":1,"81":1,"82":1,"83":1,"84":1,"85":1,"86":1,"87":1,"88":1,"89":1,"90":1,"91":1,"92":1,"93":1,"94":1,"95":1,"97":105,"98":105,"99":105,"100":105,"102":105,"103":105,"104":105,"105":105,"106":105,"107":105,"108":105,"109":105,"110":105,"111":105,"112":105,"113":105,"114":10,"116":105,"117":105,"118":105,"119":105,"120":105,"121":105,"122":10,"124":105,"125":105,"126":105,"127":105,"128":105,"129":105,"130":10,"132":105,"133":105,"134":105,"135":105,"136":1,"139":105,"140":105,"141":105,"142":105,"143":105,"144":105,"145":105,"146":105,"147":105,"148":7,"150":105,"151":105,"152":105,"153":105,"154":105,"155":105,"156":6,"158":105,"159":105,"160":105,"161":105,"162":105,"163":105,"164":9,"165":9,"166":9,"167":9,"169":105,"170":105,"171":105,"172":105,"173":105,"174":105,"175":16,"176":16,"177":16,"178":16,"180":105,"181":105,"182":105,"183":105,"184":105,"186":105,"187":105,"188":108,"189":108,"190":108,"191":108,"192":108,"193":108,"194":108,"195":108,"196":108,"197":108,"199":108,"200":108,"202":108,"203":108,"204":108,"205":105,"206":105,"207":105,"209":105,"211":1},"branchMap":{"0":{"type":"branch","line":5,"loc":{"start":{"line":5,"column":39},"end":{"line":210,"column":2}},"locations":[{"start":{"line":5,"column":39},"end":{"line":210,"column":2}}]},"1":{"type":"branch","line":182,"loc":{"start":{"line":182,"column":34},"end":{"line":182,"column":65}},"locations":[{"start":{"line":182,"column":34},"end":{"line":182,"column":65}}]},"2":{"type":"branch","line":182,"loc":{"start":{"line":182,"column":39},"end":{"line":182,"column":87}},"locations":[{"start":{"line":182,"column":39},"end":{"line":182,"column":87}}]},"3":{"type":"branch","line":183,"loc":{"start":{"line":183,"column":20},"end":{"line":183,"column":39}},"locations":[{"start":{"line":183,"column":20},"end":{"line":183,"column":39}}]},"4":{"type":"branch","line":183,"loc":{"start":{"line":183,"column":25},"end":{"line":183,"column":51}},"locations":[{"start":{"line":183,"column":25},"end":{"line":183,"column":51}}]},"5":{"type":"branch","line":27,"loc":{"start":{"line":27,"column":31},"end":{"line":60,"column":4}},"locations":[{"start":{"line":27,"column":31},"end":{"line":60,"column":4}}]},"6":{"type":"branch","line":33,"loc":{"start":{"line":33,"column":24},"end":{"line":33,"column":48}},"locations":[{"start":{"line":33,"column":24},"end":{"line":33,"column":48}}]},"7":{"type":"branch","line":34,"loc":{"start":{"line":34,"column":29},"end":{"line":34,"column":59}},"locations":[{"start":{"line":34,"column":29},"end":{"line":34,"column":59}}]},"8":{"type":"branch","line":36,"loc":{"start":{"line":36,"column":42},"end":{"line":36,"column":72}},"locations":[{"start":{"line":36,"column":42},"end":{"line":36,"column":72}}]},"9":{"type":"branch","line":37,"loc":{"start":{"line":37,"column":39},"end":{"line":37,"column":66}},"locations":[{"start":{"line":37,"column":39},"end":{"line":37,"column":66}}]},"10":{"type":"branch","line":62,"loc":{"start":{"line":62,"column":34},"end":{"line":64,"column":4}},"locations":[{"start":{"line":62,"column":34},"end":{"line":64,"column":4}}]},"11":{"type":"branch","line":63,"loc":{"start":{"line":63,"column":40},"end":{"line":63,"column":62}},"locations":[{"start":{"line":63,"column":40},"end":{"line":63,"column":62}}]},"12":{"type":"branch","line":66,"loc":{"start":{"line":66,"column":32},"end":{"line":71,"column":4}},"locations":[{"start":{"line":66,"column":32},"end":{"line":71,"column":4}}]},"13":{"type":"branch","line":67,"loc":{"start":{"line":67,"column":42},"end":{"line":67,"column":64}},"locations":[{"start":{"line":67,"column":42},"end":{"line":67,"column":64}}]},"14":{"type":"branch","line":73,"loc":{"start":{"line":73,"column":34},"end":{"line":96,"column":4}},"locations":[{"start":{"line":73,"column":34},"end":{"line":96,"column":4}}]},"15":{"type":"branch","line":75,"loc":{"start":{"line":75,"column":23},"end":{"line":75,"column":73}},"locations":[{"start":{"line":75,"column":23},"end":{"line":75,"column":73}}]},"16":{"type":"branch","line":75,"loc":{"start":{"line":75,"column":58},"end":{"line":75,"column":73}},"locations":[{"start":{"line":75,"column":58},"end":{"line":75,"column":73}}]},"17":{"type":"branch","line":108,"loc":{"start":{"line":108,"column":20},"end":{"line":108,"column":79}},"locations":[{"start":{"line":108,"column":20},"end":{"line":108,"column":79}}]},"18":{"type":"branch","line":114,"loc":{"start":{"line":114,"column":20},"end":{"line":115,"column":65}},"locations":[{"start":{"line":114,"column":20},"end":{"line":115,"column":65}}]},"19":{"type":"branch","line":122,"loc":{"start":{"line":122,"column":20},"end":{"line":123,"column":65}},"locations":[{"start":{"line":122,"column":20},"end":{"line":123,"column":65}}]},"20":{"type":"branch","line":130,"loc":{"start":{"line":130,"column":20},"end":{"line":131,"column":66}},"locations":[{"start":{"line":130,"column":20},"end":{"line":131,"column":66}}]},"21":{"type":"branch","line":136,"loc":{"start":{"line":136,"column":20},"end":{"line":137,"column":109}},"locations":[{"start":{"line":136,"column":20},"end":{"line":137,"column":109}}]},"22":{"type":"branch","line":148,"loc":{"start":{"line":148,"column":20},"end":{"line":149,"column":63}},"locations":[{"start":{"line":148,"column":20},"end":{"line":149,"column":63}}]},"23":{"type":"branch","line":156,"loc":{"start":{"line":156,"column":20},"end":{"line":157,"column":68}},"locations":[{"start":{"line":156,"column":20},"end":{"line":157,"column":68}}]},"24":{"type":"branch","line":164,"loc":{"start":{"line":164,"column":20},"end":{"line":168,"column":14}},"locations":[{"start":{"line":164,"column":20},"end":{"line":168,"column":14}}]},"25":{"type":"branch","line":175,"loc":{"start":{"line":175,"column":20},"end":{"line":179,"column":14}},"locations":[{"start":{"line":175,"column":20},"end":{"line":179,"column":14}}]},"26":{"type":"branch","line":188,"loc":{"start":{"line":188,"column":26},"end":{"line":205,"column":28}},"locations":[{"start":{"line":188,"column":26},"end":{"line":205,"column":28}}]},"27":{"type":"branch","line":198,"loc":{"start":{"line":198,"column":38},"end":{"line":198,"column":83}},"locations":[{"start":{"line":198,"column":38},"end":{"line":198,"column":83}}]},"28":{"type":"branch","line":201,"loc":{"start":{"line":201,"column":37},"end":{"line":201,"column":84}},"locations":[{"start":{"line":201,"column":37},"end":{"line":201,"column":84}}]}},"b":{"0":[105],"1":[17],"2":[88],"3":[17],"4":[88],"5":[1],"6":[0],"7":[0],"8":[0],"9":[0],"10":[1],"11":[1],"12":[1],"13":[1],"14":[1],"15":[1],"16":[0],"17":[28],"18":[10],"19":[10],"20":[10],"21":[1],"22":[7],"23":[6],"24":[9],"25":[16],"26":[108],"27":[1],"28":[1]},"fnMap":{"0":{"name":"AdminReservationCrud","decl":{"start":{"line":5,"column":39},"end":{"line":210,"column":2}},"loc":{"start":{"line":5,"column":39},"end":{"line":210,"column":2}},"line":5},"1":{"name":"handleAddReservation","decl":{"start":{"line":27,"column":31},"end":{"line":60,"column":4}},"loc":{"start":{"line":27,"column":31},"end":{"line":60,"column":4}},"line":27},"2":{"name":"handleDeleteReservation","decl":{"start":{"line":62,"column":34},"end":{"line":64,"column":4}},"loc":{"start":{"line":62,"column":34},"end":{"line":64,"column":4}},"line":62},"3":{"name":"handleEditReservation","decl":{"start":{"line":66,"column":32},"end":{"line":71,"column":4}},"loc":{"start":{"line":66,"column":32},"end":{"line":71,"column":4}},"line":66},"4":{"name":"handleUpdateReservation","decl":{"start":{"line":73,"column":34},"end":{"line":96,"column":4}},"loc":{"start":{"line":73,"column":34},"end":{"line":96,"column":4}},"line":73},"5":{"name":"onChange","decl":{"start":{"line":108,"column":20},"end":{"line":108,"column":79}},"loc":{"start":{"line":108,"column":20},"end":{"line":108,"column":79}},"line":108},"6":{"name":"onChange","decl":{"start":{"line":114,"column":20},"end":{"line":115,"column":65}},"loc":{"start":{"line":114,"column":20},"end":{"line":115,"column":65}},"line":114},"7":{"name":"onChange","decl":{"start":{"line":122,"column":20},"end":{"line":123,"column":65}},"loc":{"start":{"line":122,"column":20},"end":{"line":123,"column":65}},"line":122},"8":{"name":"onChange","decl":{"start":{"line":130,"column":20},"end":{"line":131,"column":66}},"loc":{"start":{"line":130,"column":20},"end":{"line":131,"column":66}},"line":130},"9":{"name":"onChange","decl":{"start":{"line":136,"column":20},"end":{"line":137,"column":109}},"loc":{"start":{"line":136,"column":20},"end":{"line":137,"column":109}},"line":136},"10":{"name":"onChange","decl":{"start":{"line":148,"column":20},"end":{"line":149,"column":63}},"loc":{"start":{"line":148,"column":20},"end":{"line":149,"column":63}},"line":148},"11":{"name":"onChange","decl":{"start":{"line":156,"column":20},"end":{"line":157,"column":68}},"loc":{"start":{"line":156,"column":20},"end":{"line":157,"column":68}},"line":156},"12":{"name":"onChange","decl":{"start":{"line":164,"column":20},"end":{"line":168,"column":14}},"loc":{"start":{"line":164,"column":20},"end":{"line":168,"column":14}},"line":164},"13":{"name":"onChange","decl":{"start":{"line":175,"column":20},"end":{"line":179,"column":14}},"loc":{"start":{"line":175,"column":20},"end":{"line":179,"column":14}},"line":175},"14":{"name":"onClick","decl":{"start":{"line":198,"column":38},"end":{"line":198,"column":83}},"loc":{"start":{"line":198,"column":38},"end":{"line":198,"column":83}},"line":198},"15":{"name":"onClick","decl":{"start":{"line":201,"column":37},"end":{"line":201,"column":84}},"loc":{"start":{"line":201,"column":37},"end":{"line":201,"column":84}},"line":201}},"f":{"0":105,"1":1,"2":1,"3":1,"4":1,"5":28,"6":10,"7":10,"8":10,"9":1,"10":7,"11":6,"12":9,"13":16,"14":1,"15":1}}
,"/app/src/components/AdminReservationCrud/styles.ts": {"path":"/app/src/components/AdminReservationCrud/styles.ts","all":false,"statementMap":{"0":{"start":{"line":1,"column":0},"end":{"line":1,"column":39}},"6":{"start":{"line":7,"column":0},"end":{"line":7,"column":36}},"10":{"start":{"line":11,"column":0},"end":{"line":11,"column":38}},"18":{"start":{"line":19,"column":0},"end":{"line":19,"column":31}},"26":{"start":{"line":27,"column":0},"end":{"line":27,"column":40}},"34":{"start":{"line":35,"column":0},"end":{"line":35,"column":34}},"44":{"start":{"line":45,"column":0},"end":{"line":45,"column":36}},"54":{"start":{"line":55,"column":0},"end":{"line":55,"column":41}},"63":{"start":{"line":64,"column":0},"end":{"line":64,"column":41}},"73":{"start":{"line":74,"column":0},"end":{"line":74,"column":57}},"74":{"start":{"line":75,"column":0},"end":{"line":75,"column":37}},"75":{"start":{"line":76,"column":0},"end":{"line":76,"column":27}},"76":{"start":{"line":77,"column":0},"end":{"line":77,"column":15}},"77":{"start":{"line":78,"column":0},"end":{"line":78,"column":30}},"78":{"start":{"line":79,"column":0},"end":{"line":79,"column":13}},"79":{"start":{"line":80,"column":0},"end":{"line":80,"column":16}},"88":{"start":{"line":89,"column":0},"end":{"line":89,"column":45}},"92":{"start":{"line":93,"column":0},"end":{"line":93,"column":41}},"98":{"start":{"line":99,"column":0},"end":{"line":99,"column":43}},"113":{"start":{"line":114,"column":0},"end":{"line":114,"column":42}},"128":{"start":{"line":129,"column":0},"end":{"line":129,"column":42}}},"s":{"0":1,"6":1,"10":1,"18":1,"26":1,"34":1,"44":1,"54":1,"63":1,"73":1,"74":1,"75":108,"76":106,"77":2,"78":1,"79":1,"88":1,"92":1,"98":1,"113":1,"128":1},"branchMap":{"0":{"type":"branch","line":75,"loc":{"start":{"line":75,"column":22},"end":{"line":80,"column":14}},"locations":[{"start":{"line":75,"column":22},"end":{"line":80,"column":14}}]},"1":{"type":"branch","line":76,"loc":{"start":{"line":76,"column":15},"end":{"line":77,"column":15}},"locations":[{"start":{"line":76,"column":15},"end":{"line":77,"column":15}}]},"2":{"type":"branch","line":77,"loc":{"start":{"line":77,"column":8},"end":{"line":80,"column":14}},"locations":[{"start":{"line":77,"column":8},"end":{"line":80,"column":14}}]},"3":{"type":"branch","line":78,"loc":{"start":{"line":78,"column":19},"end":{"line":79,"column":13}},"locations":[{"start":{"line":78,"column":19},"end":{"line":79,"column":13}}]},"4":{"type":"branch","line":79,"loc":{"start":{"line":79,"column":8},"end":{"line":80,"column":14}},"locations":[{"start":{"line":79,"column":8},"end":{"line":80,"column":14}}]}},"b":{"0":[108],"1":[106],"2":[2],"3":[1],"4":[1]},"fnMap":{},"f":{}}
,"/app/src/components/BackButton/index.tsx": {"path":"/app/src/components/BackButton/index.tsx","all":false,"statementMap":{"0":{"start":{"line":1,"column":0},"end":{"line":1,"column":50}},"1":{"start":{"line":2,"column":0},"end":{"line":2,"column":61}},"3":{"start":{"line":4,"column":0},"end":{"line":4,"column":30}},"4":{"start":{"line":5,"column":0},"end":{"line":5,"column":29}},"6":{"start":{"line":7,"column":0},"end":{"line":7,"column":10}},"7":{"start":{"line":8,"column":0},"end":{"line":8,"column":25}},"8":{"start":{"line":9,"column":0},"end":{"line":9,"column":37}},"10":{"start":{"line":11,"column":0},"end":{"line":11,"column":21}},"11":{"start":{"line":12,"column":0},"end":{"line":12,"column":26}},"13":{"start":{"line":14,"column":0},"end":{"line":14,"column":1}}},"s":{"0":1,"1":1,"3":1,"4":4,"6":4,"7":4,"8":4,"10":4,"11":4,"13":4},"branchMap":{"0":{"type":"branch","line":4,"loc":{"start":{"line":4,"column":7},"end":{"line":14,"column":1}},"locations":[{"start":{"line":4,"column":7},"end":{"line":14,"column":1}}]}},"b":{"0":[4]},"fnMap":{"0":{"name":"BackButton","decl":{"start":{"line":4,"column":7},"end":{"line":14,"column":1}},"loc":{"start":{"line":4,"column":7},"end":{"line":14,"column":1}},"line":4}},"f":{"0":4}}
,"/app/src/components/BackButton/styles.ts": {"path":"/app/src/components/BackButton/styles.ts","all":false,"statementMap":{"0":{"start":{"line":1,"column":0},"end":{"line":1,"column":39}},"2":{"start":{"line":3,"column":0},"end":{"line":3,"column":46}},"9":{"start":{"line":10,"column":0},"end":{"line":10,"column":42}}},"s":{"0":1,"2":1,"9":1},"branchMap":{},"b":{},"fnMap":{},"f":{}}
,"/app/src/components/BedroomCard/index.tsx": {"path":"/app/src/components/BedroomCard/index.tsx","all":false,"statementMap":{"0":{"start":{"line":1,"column":0},"end":{"line":1,"column":40}},"1":{"start":{"line":2,"column":0},"end":{"line":2,"column":48}},"2":{"start":{"line":3,"column":0},"end":{"line":3,"column":53}},"4":{"start":{"line":5,"column":0},"end":{"line":5,"column":31}},"5":{"start":{"line":6,"column":0},"end":{"line":6,"column":10}},"6":{"start":{"line":7,"column":0},"end":{"line":7,"column":19}},"7":{"start":{"line":8,"column":0},"end":{"line":8,"column":39}},"8":{"start":{"line":9,"column":0},"end":{"line":9,"column":27}},"9":{"start":{"line":10,"column":0},"end":{"line":10,"column":40}},"10":{"start":{"line":11,"column":0},"end":{"line":11,"column":21}},"11":{"start":{"line":12,"column":0},"end":{"line":12,"column":74}},"12":{"start":{"line":13,"column":0},"end":{"line":13,"column":37}},"13":{"start":{"line":14,"column":0},"end":{"line":14,"column":41}},"14":{"start":{"line":15,"column":0},"end":{"line":15,"column":22}},"15":{"start":{"line":16,"column":0},"end":{"line":16,"column":17}},"16":{"start":{"line":17,"column":0},"end":{"line":17,"column":16}},"17":{"start":{"line":18,"column":0},"end":{"line":18,"column":9}},"18":{"start":{"line":19,"column":0},"end":{"line":19,"column":20}},"20":{"start":{"line":21,"column":0},"end":{"line":21,"column":1}}},"s":{"0":1,"1":1,"2":1,"4":1,"5":1,"6":1,"7":1,"8":6,"9":6,"10":6,"11":6,"12":6,"13":6,"14":6,"15":6,"16":6,"17":1,"18":1,"20":1},"branchMap":{"0":{"type":"branch","line":5,"loc":{"start":{"line":5,"column":7},"end":{"line":21,"column":1}},"locations":[{"start":{"line":5,"column":7},"end":{"line":21,"column":1}}]},"1":{"type":"branch","line":8,"loc":{"start":{"line":8,"column":19},"end":{"line":17,"column":16}},"locations":[{"start":{"line":8,"column":19},"end":{"line":17,"column":16}}]}},"b":{"0":[1],"1":[6]},"fnMap":{"0":{"name":"BedroomCard","decl":{"start":{"line":5,"column":7},"end":{"line":21,"column":1}},"loc":{"start":{"line":5,"column":7},"end":{"line":21,"column":1}},"line":5}},"f":{"0":1}}
,"/app/src/components/BedroomCard/styles.ts": {"path":"/app/src/components/BedroomCard/styles.ts","all":false,"statementMap":{"0":{"start":{"line":1,"column":0},"end":{"line":1,"column":39}},"2":{"start":{"line":3,"column":0},"end":{"line":3,"column":39}},"16":{"start":{"line":17,"column":0},"end":{"line":17,"column":31}}},"s":{"0":1,"2":1,"16":1},"branchMap":{},"b":{},"fnMap":{},"f":{}}
,"/app/src/components/Footer/index.tsx": {"path":"/app/src/components/Footer/index.tsx","all":false,"statementMap":{"0":{"start":{"line":1,"column":0},"end":{"line":1,"column":35}},"2":{"start":{"line":3,"column":0},"end":{"line":3,"column":26}},"3":{"start":{"line":4,"column":0},"end":{"line":4,"column":10}},"4":{"start":{"line":5,"column":0},"end":{"line":5,"column":13}},"5":{"start":{"line":6,"column":0},"end":{"line":6,"column":30}},"6":{"start":{"line":7,"column":0},"end":{"line":7,"column":58}},"7":{"start":{"line":8,"column":0},"end":{"line":8,"column":14}},"9":{"start":{"line":10,"column":0},"end":{"line":10,"column":1}}},"s":{"0":1,"2":1,"3":7,"4":7,"5":7,"6":7,"7":7,"9":7},"branchMap":{"0":{"type":"branch","line":3,"loc":{"start":{"line":3,"column":7},"end":{"line":10,"column":1}},"locations":[{"start":{"line":3,"column":7},"end":{"line":10,"column":1}}]}},"b":{"0":[7]},"fnMap":{"0":{"name":"Footer","decl":{"start":{"line":3,"column":7},"end":{"line":10,"column":1}},"loc":{"start":{"line":3,"column":7},"end":{"line":10,"column":1}},"line":3}},"f":{"0":7}}
,"/app/src/components/Footer/styles.ts": {"path":"/app/src/components/Footer/styles.ts","all":false,"statementMap":{"0":{"start":{"line":1,"column":0},"end":{"line":1,"column":39}},"2":{"start":{"line":3,"column":0},"end":{"line":3,"column":37}}},"s":{"0":1,"2":1},"branchMap":{},"b":{},"fnMap":{},"f":{}}
,"/app/src/components/LoginForm/index.tsx": {"path":"/app/src/components/LoginForm/index.tsx","all":false,"statementMap":{"2":{"start":{"line":3,"column":0},"end":{"line":3,"column":49}},"3":{"start":{"line":4,"column":0},"end":{"line":4,"column":53}},"4":{"start":{"line":5,"column":0},"end":{"line":5,"column":49}},"5":{"start":{"line":6,"column":0},"end":{"line":6,"column":8}},"16":{"start":{"line":17,"column":0},"end":{"line":17,"column":29}},"17":{"start":{"line":18,"column":0},"end":{"line":18,"column":41}},"18":{"start":{"line":19,"column":0},"end":{"line":19,"column":47}},"19":{"start":{"line":20,"column":0},"end":{"line":20,"column":41}},"20":{"start":{"line":21,"column":0},"end":{"line":21,"column":52}},"22":{"start":{"line":23,"column":0},"end":{"line":23,"column":30}},"23":{"start":{"line":24,"column":0},"end":{"line":24,"column":33}},"25":{"start":{"line":26,"column":0},"end":{"line":26,"column":48}},"26":{"start":{"line":27,"column":0},"end":{"line":27,"column":23}},"28":{"start":{"line":29,"column":0},"end":{"line":29,"column":36}},"30":{"start":{"line":31,"column":0},"end":{"line":31,"column":23}},"31":{"start":{"line":32,"column":0},"end":{"line":32,"column":17}},"33":{"start":{"line":34,"column":0},"end":{"line":34,"column":9}},"34":{"start":{"line":35,"column":0},"end":{"line":35,"column":35}},"35":{"start":{"line":36,"column":0},"end":{"line":36,"column":25}},"36":{"start":{"line":37,"column":0},"end":{"line":37,"column":19}},"37":{"start":{"line":38,"column":0},"end":{"line":38,"column":70}},"38":{"start":{"line":39,"column":0},"end":{"line":39,"column":15}},"39":{"start":{"line":40,"column":0},"end":{"line":40,"column":26}},"40":{"start":{"line":41,"column":0},"end":{"line":41,"column":5}},"41":{"start":{"line":42,"column":0},"end":{"line":42,"column":4}},"43":{"start":{"line":44,"column":0},"end":{"line":44,"column":10}},"44":{"start":{"line":45,"column":0},"end":{"line":45,"column":34}},"45":{"start":{"line":46,"column":0},"end":{"line":46,"column":27}},"47":{"start":{"line":48,"column":0},"end":{"line":48,"column":53}},"49":{"start":{"line":50,"column":0},"end":{"line":50,"column":17}},"50":{"start":{"line":51,"column":0},"end":{"line":51,"column":45}},"51":{"start":{"line":52,"column":0},"end":{"line":52,"column":14}},"52":{"start":{"line":53,"column":0},"end":{"line":53,"column":20}},"53":{"start":{"line":54,"column":0},"end":{"line":54,"column":22}},"54":{"start":{"line":55,"column":0},"end":{"line":55,"column":23}},"55":{"start":{"line":56,"column":0},"end":{"line":56,"column":52}},"56":{"start":{"line":57,"column":0},"end":{"line":57,"column":18}},"57":{"start":{"line":58,"column":0},"end":{"line":58,"column":10}},"58":{"start":{"line":59,"column":0},"end":{"line":59,"column":18}},"60":{"start":{"line":61,"column":0},"end":{"line":61,"column":17}},"61":{"start":{"line":62,"column":0},"end":{"line":62,"column":47}},"62":{"start":{"line":63,"column":0},"end":{"line":63,"column":14}},"63":{"start":{"line":64,"column":0},"end":{"line":64,"column":23}},"64":{"start":{"line":65,"column":0},"end":{"line":65,"column":25}},"65":{"start":{"line":66,"column":0},"end":{"line":66,"column":26}},"66":{"start":{"line":67,"column":0},"end":{"line":67,"column":55}},"67":{"start":{"line":68,"column":0},"end":{"line":68,"column":18}},"68":{"start":{"line":69,"column":0},"end":{"line":69,"column":10}},"69":{"start":{"line":70,"column":0},"end":{"line":70,"column":18}},"71":{"start":{"line":72,"column":0},"end":{"line":72,"column":49}},"72":{"start":{"line":73,"column":0},"end":{"line":73,"column":46}},"73":{"start":{"line":74,"column":0},"end":{"line":74,"column":15}},"75":{"start":{"line":76,"column":0},"end":{"line":76,"column":20}},"76":{"start":{"line":77,"column":0},"end":{"line":77,"column":73}},"77":{"start":{"line":78,"column":0},"end":{"line":78,"column":21}},"78":{"start":{"line":79,"column":0},"end":{"line":79,"column":11}},"80":{"start":{"line":81,"column":0},"end":{"line":81,"column":1}}},"s":{"2":1,"3":1,"4":1,"5":1,"16":1,"17":6,"18":6,"19":6,"20":6,"22":6,"23":6,"25":6,"26":1,"28":1,"30":1,"31":1,"33":1,"34":1,"35":1,"36":1,"37":0,"38":1,"39":1,"40":1,"41":1,"43":6,"44":6,"45":6,"47":6,"49":6,"50":6,"51":6,"52":6,"53":6,"54":6,"55":6,"56":6,"57":6,"58":6,"60":6,"61":6,"62":6,"63":6,"64":6,"65":6,"66":6,"67":6,"68":6,"69":6,"71":6,"72":6,"73":6,"75":6,"76":6,"77":6,"78":6,"80":6},"branchMap":{"0":{"type":"branch","line":17,"loc":{"start":{"line":17,"column":7},"end":{"line":81,"column":1}},"locations":[{"start":{"line":17,"column":7},"end":{"line":81,"column":1}}]},"1":{"type":"branch","line":48,"loc":{"start":{"line":48,"column":7},"end":{"line":48,"column":53}},"locations":[{"start":{"line":48,"column":7},"end":{"line":48,"column":53}}]},"2":{"type":"branch","line":73,"loc":{"start":{"line":73,"column":9},"end":{"line":73,"column":37}},"locations":[{"start":{"line":73,"column":9},"end":{"line":73,"column":37}}]},"3":{"type":"branch","line":73,"loc":{"start":{"line":73,"column":21},"end":{"line":73,"column":46}},"locations":[{"start":{"line":73,"column":21},"end":{"line":73,"column":46}}]},"4":{"type":"branch","line":26,"loc":{"start":{"line":26,"column":23},"end":{"line":42,"column":4}},"locations":[{"start":{"line":26,"column":23},"end":{"line":42,"column":4}}]},"5":{"type":"branch","line":29,"loc":{"start":{"line":29,"column":29},"end":{"line":29,"column":36}},"locations":[{"start":{"line":29,"column":29},"end":{"line":29,"column":36}}]},"6":{"type":"branch","line":37,"loc":{"start":{"line":37,"column":4},"end":{"line":39,"column":6}},"locations":[{"start":{"line":37,"column":4},"end":{"line":39,"column":6}}]},"7":{"type":"branch","line":56,"loc":{"start":{"line":56,"column":20},"end":{"line":56,"column":52}},"locations":[{"start":{"line":56,"column":20},"end":{"line":56,"column":52}}]},"8":{"type":"branch","line":67,"loc":{"start":{"line":67,"column":20},"end":{"line":67,"column":55}},"locations":[{"start":{"line":67,"column":20},"end":{"line":67,"column":55}}]}},"b":{"0":[6],"1":[0],"2":[1],"3":[5],"4":[1],"5":[0],"6":[0],"7":[1],"8":[1]},"fnMap":{"0":{"name":"LoginForm","decl":{"start":{"line":17,"column":7},"end":{"line":81,"column":1}},"loc":{"start":{"line":17,"column":7},"end":{"line":81,"column":1}},"line":17},"1":{"name":"handleSubmit","decl":{"start":{"line":26,"column":23},"end":{"line":42,"column":4}},"loc":{"start":{"line":26,"column":23},"end":{"line":42,"column":4}},"line":26},"2":{"name":"onChange","decl":{"start":{"line":56,"column":20},"end":{"line":56,"column":52}},"loc":{"start":{"line":56,"column":20},"end":{"line":56,"column":52}},"line":56},"3":{"name":"onChange","decl":{"start":{"line":67,"column":20},"end":{"line":67,"column":55}},"loc":{"start":{"line":67,"column":20},"end":{"line":67,"column":55}},"line":67}},"f":{"0":6,"1":1,"2":1,"3":1}}
,"/app/src/components/LoginForm/styles.tsx": {"path":"/app/src/components/LoginForm/styles.tsx","all":false,"statementMap":{"0":{"start":{"line":1,"column":0},"end":{"line":1,"column":39}},"2":{"start":{"line":3,"column":0},"end":{"line":3,"column":36}},"12":{"start":{"line":13,"column":0},"end":{"line":13,"column":31}},"20":{"start":{"line":21,"column":0},"end":{"line":21,"column":37}},"27":{"start":{"line":28,"column":0},"end":{"line":28,"column":32}},"40":{"start":{"line":41,"column":0},"end":{"line":41,"column":36}},"46":{"start":{"line":47,"column":0},"end":{"line":47,"column":34}},"51":{"start":{"line":52,"column":0},"end":{"line":52,"column":34}},"59":{"start":{"line":60,"column":0},"end":{"line":60,"column":36}},"80":{"start":{"line":81,"column":0},"end":{"line":81,"column":37}}},"s":{"0":1,"2":1,"12":1,"20":1,"27":1,"40":1,"46":1,"51":1,"59":1,"80":1},"branchMap":{},"b":{},"fnMap":{},"f":{}}
,"/app/src/components/NavbarWithAvatar/index.tsx": {"path":"/app/src/components/NavbarWithAvatar/index.tsx","all":false,"statementMap":{"0":{"start":{"line":1,"column":0},"end":{"line":1,"column":35}},"1":{"start":{"line":2,"column":0},"end":{"line":2,"column":51}},"2":{"start":{"line":3,"column":0},"end":{"line":3,"column":72}},"3":{"start":{"line":4,"column":0},"end":{"line":4,"column":40}},"6":{"start":{"line":7,"column":0},"end":{"line":7,"column":35}},"7":{"start":{"line":8,"column":0},"end":{"line":8,"column":10}},"8":{"start":{"line":9,"column":0},"end":{"line":9,"column":13}},"9":{"start":{"line":10,"column":0},"end":{"line":10,"column":11}},"10":{"start":{"line":11,"column":0},"end":{"line":11,"column":12}},"11":{"start":{"line":12,"column":0},"end":{"line":12,"column":23}},"12":{"start":{"line":13,"column":0},"end":{"line":13,"column":39}},"13":{"start":{"line":14,"column":0},"end":{"line":14,"column":17}},"15":{"start":{"line":16,"column":0},"end":{"line":16,"column":14}},"16":{"start":{"line":17,"column":0},"end":{"line":17,"column":65}},"17":{"start":{"line":18,"column":0},"end":{"line":18,"column":45}},"18":{"start":{"line":19,"column":0},"end":{"line":19,"column":49}},"19":{"start":{"line":20,"column":0},"end":{"line":20,"column":20}},"21":{"start":{"line":22,"column":0},"end":{"line":22,"column":42}},"22":{"start":{"line":23,"column":0},"end":{"line":23,"column":66}},"23":{"start":{"line":24,"column":0},"end":{"line":24,"column":43}},"24":{"start":{"line":25,"column":0},"end":{"line":25,"column":17}},"25":{"start":{"line":26,"column":0},"end":{"line":26,"column":15}},"26":{"start":{"line":27,"column":0},"end":{"line":27,"column":13}},"27":{"start":{"line":28,"column":0},"end":{"line":28,"column":12}},"28":{"start":{"line":29,"column":0},"end":{"line":29,"column":14}},"30":{"start":{"line":31,"column":0},"end":{"line":31,"column":1}}},"s":{"0":1,"1":1,"2":1,"3":1,"6":1,"7":8,"8":8,"9":8,"10":8,"11":8,"12":8,"13":8,"15":8,"16":8,"17":8,"18":8,"19":8,"21":8,"22":8,"23":8,"24":8,"25":8,"26":8,"27":8,"28":8,"30":8},"branchMap":{"0":{"type":"branch","line":7,"loc":{"start":{"line":7,"column":7},"end":{"line":31,"column":1}},"locations":[{"start":{"line":7,"column":7},"end":{"line":31,"column":1}}]}},"b":{"0":[8]},"fnMap":{"0":{"name":"NavbarComAvatar","decl":{"start":{"line":7,"column":7},"end":{"line":31,"column":1}},"loc":{"start":{"line":7,"column":7},"end":{"line":31,"column":1}},"line":7}},"f":{"0":8}}
,"/app/src/components/NavbarWithAvatar/styles.ts": {"path":"/app/src/components/NavbarWithAvatar/styles.ts","all":false,"statementMap":{"0":{"start":{"line":1,"column":0},"end":{"line":1,"column":39}},"2":{"start":{"line":3,"column":0},"end":{"line":3,"column":37}}},"s":{"0":1,"2":1},"branchMap":{},"b":{},"fnMap":{},"f":{}}
,"/app/src/components/NavbarWithoutAvatar/index.tsx": {"path":"/app/src/components/NavbarWithoutAvatar/index.tsx","all":false,"statementMap":{"0":{"start":{"line":1,"column":0},"end":{"line":1,"column":35}},"1":{"start":{"line":2,"column":0},"end":{"line":2,"column":51}},"2":{"start":{"line":3,"column":0},"end":{"line":3,"column":78}},"3":{"start":{"line":4,"column":0},"end":{"line":4,"column":40}},"5":{"start":{"line":6,"column":0},"end":{"line":6,"column":35}},"6":{"start":{"line":7,"column":0},"end":{"line":7,"column":10}},"7":{"start":{"line":8,"column":0},"end":{"line":8,"column":13}},"8":{"start":{"line":9,"column":0},"end":{"line":9,"column":11}},"9":{"start":{"line":10,"column":0},"end":{"line":10,"column":12}},"10":{"start":{"line":11,"column":0},"end":{"line":11,"column":14}},"11":{"start":{"line":12,"column":0},"end":{"line":12,"column":25}},"12":{"start":{"line":13,"column":0},"end":{"line":13,"column":43}},"13":{"start":{"line":14,"column":0},"end":{"line":14,"column":19}},"14":{"start":{"line":15,"column":0},"end":{"line":15,"column":15}},"16":{"start":{"line":17,"column":0},"end":{"line":17,"column":14}},"17":{"start":{"line":18,"column":0},"end":{"line":18,"column":65}},"18":{"start":{"line":19,"column":0},"end":{"line":19,"column":45}},"19":{"start":{"line":20,"column":0},"end":{"line":20,"column":52}},"20":{"start":{"line":21,"column":0},"end":{"line":21,"column":20}},"22":{"start":{"line":23,"column":0},"end":{"line":23,"column":42}},"23":{"start":{"line":24,"column":0},"end":{"line":24,"column":18}},"24":{"start":{"line":25,"column":0},"end":{"line":25,"column":47}},"25":{"start":{"line":26,"column":0},"end":{"line":26,"column":19}},"26":{"start":{"line":27,"column":0},"end":{"line":27,"column":18}},"27":{"start":{"line":28,"column":0},"end":{"line":28,"column":53}},"28":{"start":{"line":29,"column":0},"end":{"line":29,"column":19}},"29":{"start":{"line":30,"column":0},"end":{"line":30,"column":17}},"30":{"start":{"line":31,"column":0},"end":{"line":31,"column":15}},"31":{"start":{"line":32,"column":0},"end":{"line":32,"column":13}},"32":{"start":{"line":33,"column":0},"end":{"line":33,"column":12}},"33":{"start":{"line":34,"column":0},"end":{"line":34,"column":14}},"35":{"start":{"line":36,"column":0},"end":{"line":36,"column":1}}},"s":{"0":1,"1":1,"2":1,"3":1,"5":1,"6":4,"7":4,"8":4,"9":4,"10":4,"11":4,"12":4,"13":4,"14":4,"16":4,"17":4,"18":4,"19":4,"20":4,"22":4,"23":4,"24":4,"25":4,"26":4,"27":4,"28":4,"29":4,"30":4,"31":4,"32":4,"33":4,"35":4},"branchMap":{"0":{"type":"branch","line":6,"loc":{"start":{"line":6,"column":7},"end":{"line":36,"column":1}},"locations":[{"start":{"line":6,"column":7},"end":{"line":36,"column":1}}]}},"b":{"0":[4]},"fnMap":{"0":{"name":"NavbarSemAvatar","decl":{"start":{"line":6,"column":7},"end":{"line":36,"column":1}},"loc":{"start":{"line":6,"column":7},"end":{"line":36,"column":1}},"line":6}},"f":{"0":4}}
,"/app/src/components/NavbarWithoutAvatar/styles.ts": {"path":"/app/src/components/NavbarWithoutAvatar/styles.ts","all":false,"statementMap":{"0":{"start":{"line":1,"column":0},"end":{"line":1,"column":39}},"2":{"start":{"line":3,"column":0},"end":{"line":3,"column":37}}},"s":{"0":1,"2":1},"branchMap":{},"b":{},"fnMap":{},"f":{}}
,"/app/src/components/ProfileInfo/index.tsx": {"path":"/app/src/components/ProfileInfo/index.tsx","all":false,"statementMap":{"0":{"start":{"line":1,"column":0},"end":{"line":1,"column":26}},"1":{"start":{"line":2,"column":0},"end":{"line":2,"column":65}},"5":{"start":{"line":6,"column":0},"end":{"line":6,"column":37}},"6":{"start":{"line":7,"column":0},"end":{"line":7,"column":34}},"8":{"start":{"line":9,"column":0},"end":{"line":9,"column":10}},"11":{"start":{"line":12,"column":0},"end":{"line":12,"column":39}},"12":{"start":{"line":13,"column":0},"end":{"line":13,"column":12}},"13":{"start":{"line":14,"column":0},"end":{"line":14,"column":14}},"14":{"start":{"line":15,"column":0},"end":{"line":15,"column":62}},"15":{"start":{"line":16,"column":0},"end":{"line":16,"column":15}},"16":{"start":{"line":17,"column":0},"end":{"line":17,"column":14}},"17":{"start":{"line":18,"column":0},"end":{"line":18,"column":52}},"18":{"start":{"line":19,"column":0},"end":{"line":19,"column":15}},"19":{"start":{"line":20,"column":0},"end":{"line":20,"column":14}},"20":{"start":{"line":21,"column":0},"end":{"line":21,"column":68}},"21":{"start":{"line":22,"column":0},"end":{"line":22,"column":15}},"22":{"start":{"line":23,"column":0},"end":{"line":23,"column":14}},"23":{"start":{"line":24,"column":0},"end":{"line":24,"column":54}},"24":{"start":{"line":25,"column":0},"end":{"line":25,"column":15}},"25":{"start":{"line":26,"column":0},"end":{"line":26,"column":14}},"26":{"start":{"line":27,"column":0},"end":{"line":27,"column":58}},"27":{"start":{"line":28,"column":0},"end":{"line":28,"column":15}},"28":{"start":{"line":29,"column":0},"end":{"line":29,"column":14}},"29":{"start":{"line":30,"column":0},"end":{"line":30,"column":56}},"30":{"start":{"line":31,"column":0},"end":{"line":31,"column":15}},"31":{"start":{"line":32,"column":0},"end":{"line":32,"column":13}},"32":{"start":{"line":33,"column":0},"end":{"line":33,"column":12}},"35":{"start":{"line":36,"column":0},"end":{"line":36,"column":2}},"37":{"start":{"line":38,"column":0},"end":{"line":38,"column":27}}},"s":{"0":1,"1":1,"5":1,"6":3,"8":3,"11":3,"12":3,"13":3,"14":3,"15":3,"16":3,"17":3,"18":3,"19":3,"20":3,"21":3,"22":3,"23":3,"24":3,"25":3,"26":3,"27":3,"28":3,"29":3,"30":3,"31":3,"32":3,"35":3,"37":1},"branchMap":{"0":{"type":"branch","line":6,"loc":{"start":{"line":6,"column":30},"end":{"line":36,"column":2}},"locations":[{"start":{"line":6,"column":30},"end":{"line":36,"column":2}}]}},"b":{"0":[3]},"fnMap":{"0":{"name":"ProfileInfo","decl":{"start":{"line":6,"column":30},"end":{"line":36,"column":2}},"loc":{"start":{"line":6,"column":30},"end":{"line":36,"column":2}},"line":6}},"f":{"0":3}}
,"/app/src/components/RegisterForm/index.tsx": {"path":"/app/src/components/RegisterForm/index.tsx","all":false,"statementMap":{"0":{"start":{"line":1,"column":0},"end":{"line":1,"column":61}},"1":{"start":{"line":2,"column":0},"end":{"line":2,"column":47}},"2":{"start":{"line":3,"column":0},"end":{"line":3,"column":46}},"3":{"start":{"line":4,"column":0},"end":{"line":4,"column":65}},"4":{"start":{"line":5,"column":0},"end":{"line":5,"column":8}},"14":{"start":{"line":15,"column":0},"end":{"line":15,"column":32}},"15":{"start":{"line":16,"column":0},"end":{"line":16,"column":54}},"17":{"start":{"line":18,"column":0},"end":{"line":18,"column":25}},"18":{"start":{"line":19,"column":0},"end":{"line":19,"column":75}},"19":{"start":{"line":20,"column":0},"end":{"line":20,"column":3}},"21":{"start":{"line":22,"column":0},"end":{"line":22,"column":63}},"23":{"start":{"line":24,"column":0},"end":{"line":24,"column":41}},"24":{"start":{"line":25,"column":0},"end":{"line":25,"column":52}},"26":{"start":{"line":27,"column":0},"end":{"line":27,"column":33}},"27":{"start":{"line":28,"column":0},"end":{"line":28,"column":33}},"29":{"start":{"line":30,"column":0},"end":{"line":30,"column":48}},"30":{"start":{"line":31,"column":0},"end":{"line":31,"column":23}},"32":{"start":{"line":33,"column":0},"end":{"line":33,"column":95}},"33":{"start":{"line":34,"column":0},"end":{"line":34,"column":57}},"34":{"start":{"line":35,"column":0},"end":{"line":35,"column":13}},"35":{"start":{"line":36,"column":0},"end":{"line":36,"column":5}},"37":{"start":{"line":38,"column":0},"end":{"line":38,"column":57}},"38":{"start":{"line":39,"column":0},"end":{"line":39,"column":43}},"39":{"start":{"line":40,"column":0},"end":{"line":40,"column":13}},"40":{"start":{"line":41,"column":0},"end":{"line":41,"column":5}},"42":{"start":{"line":43,"column":0},"end":{"line":43,"column":23}},"43":{"start":{"line":44,"column":0},"end":{"line":44,"column":17}},"45":{"start":{"line":46,"column":0},"end":{"line":46,"column":9}},"46":{"start":{"line":47,"column":0},"end":{"line":47,"column":71}},"47":{"start":{"line":48,"column":0},"end":{"line":48,"column":25}},"48":{"start":{"line":49,"column":0},"end":{"line":49,"column":18}},"49":{"start":{"line":50,"column":0},"end":{"line":50,"column":19}},"50":{"start":{"line":51,"column":0},"end":{"line":51,"column":74}},"51":{"start":{"line":52,"column":0},"end":{"line":52,"column":15}},"52":{"start":{"line":53,"column":0},"end":{"line":53,"column":26}},"53":{"start":{"line":54,"column":0},"end":{"line":54,"column":5}},"54":{"start":{"line":55,"column":0},"end":{"line":55,"column":4}},"56":{"start":{"line":57,"column":0},"end":{"line":57,"column":10}},"57":{"start":{"line":58,"column":0},"end":{"line":58,"column":34}},"58":{"start":{"line":59,"column":0},"end":{"line":59,"column":29}},"60":{"start":{"line":61,"column":0},"end":{"line":61,"column":53}},"62":{"start":{"line":63,"column":0},"end":{"line":63,"column":17}},"63":{"start":{"line":64,"column":0},"end":{"line":64,"column":51}},"64":{"start":{"line":65,"column":0},"end":{"line":65,"column":14}},"65":{"start":{"line":66,"column":0},"end":{"line":66,"column":19}},"66":{"start":{"line":67,"column":0},"end":{"line":67,"column":21}},"67":{"start":{"line":68,"column":0},"end":{"line":68,"column":31}},"68":{"start":{"line":69,"column":0},"end":{"line":69,"column":63}},"69":{"start":{"line":70,"column":0},"end":{"line":70,"column":18}},"70":{"start":{"line":71,"column":0},"end":{"line":71,"column":10}},"71":{"start":{"line":72,"column":0},"end":{"line":72,"column":18}},"73":{"start":{"line":74,"column":0},"end":{"line":74,"column":17}},"74":{"start":{"line":75,"column":0},"end":{"line":75,"column":45}},"75":{"start":{"line":76,"column":0},"end":{"line":76,"column":14}},"76":{"start":{"line":77,"column":0},"end":{"line":77,"column":20}},"77":{"start":{"line":78,"column":0},"end":{"line":78,"column":22}},"78":{"start":{"line":79,"column":0},"end":{"line":79,"column":32}},"79":{"start":{"line":80,"column":0},"end":{"line":80,"column":64}},"80":{"start":{"line":81,"column":0},"end":{"line":81,"column":18}},"81":{"start":{"line":82,"column":0},"end":{"line":82,"column":10}},"82":{"start":{"line":83,"column":0},"end":{"line":83,"column":18}},"84":{"start":{"line":85,"column":0},"end":{"line":85,"column":17}},"85":{"start":{"line":86,"column":0},"end":{"line":86,"column":61}},"86":{"start":{"line":87,"column":0},"end":{"line":87,"column":14}},"87":{"start":{"line":88,"column":0},"end":{"line":88,"column":24}},"88":{"start":{"line":89,"column":0},"end":{"line":89,"column":21}},"89":{"start":{"line":90,"column":0},"end":{"line":90,"column":36}},"90":{"start":{"line":91,"column":0},"end":{"line":91,"column":68}},"91":{"start":{"line":92,"column":0},"end":{"line":92,"column":10}},"92":{"start":{"line":93,"column":0},"end":{"line":93,"column":18}},"94":{"start":{"line":95,"column":0},"end":{"line":95,"column":17}},"95":{"start":{"line":96,"column":0},"end":{"line":96,"column":47}},"96":{"start":{"line":97,"column":0},"end":{"line":97,"column":14}},"97":{"start":{"line":98,"column":0},"end":{"line":98,"column":20}},"98":{"start":{"line":99,"column":0},"end":{"line":99,"column":20}},"99":{"start":{"line":100,"column":0},"end":{"line":100,"column":32}},"100":{"start":{"line":101,"column":0},"end":{"line":101,"column":64}},"101":{"start":{"line":102,"column":0},"end":{"line":102,"column":10}},"102":{"start":{"line":103,"column":0},"end":{"line":103,"column":18}},"104":{"start":{"line":105,"column":0},"end":{"line":105,"column":17}},"105":{"start":{"line":106,"column":0},"end":{"line":106,"column":51}},"106":{"start":{"line":107,"column":0},"end":{"line":107,"column":14}},"107":{"start":{"line":108,"column":0},"end":{"line":108,"column":23}},"108":{"start":{"line":109,"column":0},"end":{"line":109,"column":21}},"109":{"start":{"line":110,"column":0},"end":{"line":110,"column":35}},"110":{"start":{"line":111,"column":0},"end":{"line":111,"column":67}},"111":{"start":{"line":112,"column":0},"end":{"line":112,"column":10}},"112":{"start":{"line":113,"column":0},"end":{"line":113,"column":18}},"114":{"start":{"line":115,"column":0},"end":{"line":115,"column":17}},"115":{"start":{"line":116,"column":0},"end":{"line":116,"column":49}},"116":{"start":{"line":117,"column":0},"end":{"line":117,"column":14}},"117":{"start":{"line":118,"column":0},"end":{"line":118,"column":22}},"118":{"start":{"line":119,"column":0},"end":{"line":119,"column":21}},"119":{"start":{"line":120,"column":0},"end":{"line":120,"column":34}},"120":{"start":{"line":121,"column":0},"end":{"line":121,"column":66}},"121":{"start":{"line":122,"column":0},"end":{"line":122,"column":10}},"122":{"start":{"line":123,"column":0},"end":{"line":123,"column":18}},"124":{"start":{"line":125,"column":0},"end":{"line":125,"column":17}},"125":{"start":{"line":126,"column":0},"end":{"line":126,"column":47}},"126":{"start":{"line":127,"column":0},"end":{"line":127,"column":14}},"127":{"start":{"line":128,"column":0},"end":{"line":128,"column":23}},"128":{"start":{"line":129,"column":0},"end":{"line":129,"column":25}},"129":{"start":{"line":130,"column":0},"end":{"line":130,"column":35}},"130":{"start":{"line":131,"column":0},"end":{"line":131,"column":67}},"131":{"start":{"line":132,"column":0},"end":{"line":132,"column":18}},"132":{"start":{"line":133,"column":0},"end":{"line":133,"column":28}},"133":{"start":{"line":134,"column":0},"end":{"line":134,"column":10}},"134":{"start":{"line":135,"column":0},"end":{"line":135,"column":18}},"136":{"start":{"line":137,"column":0},"end":{"line":137,"column":17}},"137":{"start":{"line":138,"column":0},"end":{"line":138,"column":64}},"138":{"start":{"line":139,"column":0},"end":{"line":139,"column":14}},"139":{"start":{"line":140,"column":0},"end":{"line":140,"column":30}},"140":{"start":{"line":141,"column":0},"end":{"line":141,"column":25}},"141":{"start":{"line":142,"column":0},"end":{"line":142,"column":42}},"142":{"start":{"line":143,"column":0},"end":{"line":143,"column":74}},"143":{"start":{"line":144,"column":0},"end":{"line":144,"column":18}},"144":{"start":{"line":145,"column":0},"end":{"line":145,"column":38}},"145":{"start":{"line":146,"column":0},"end":{"line":146,"column":10}},"146":{"start":{"line":147,"column":0},"end":{"line":147,"column":18}},"148":{"start":{"line":149,"column":0},"end":{"line":149,"column":49}},"149":{"start":{"line":150,"column":0},"end":{"line":150,"column":52}},"150":{"start":{"line":151,"column":0},"end":{"line":151,"column":15}},"151":{"start":{"line":152,"column":0},"end":{"line":152,"column":11}},"153":{"start":{"line":154,"column":0},"end":{"line":154,"column":1}}},"s":{"0":1,"1":1,"2":1,"3":1,"4":1,"14":1,"15":25,"17":25,"18":0,"19":0,"21":25,"23":25,"24":25,"26":25,"27":25,"29":25,"30":5,"32":5,"33":1,"34":1,"35":1,"37":5,"38":1,"39":1,"40":1,"42":3,"43":3,"45":3,"46":3,"47":2,"48":2,"49":2,"50":1,"51":5,"52":3,"53":3,"54":5,"56":25,"57":25,"58":25,"60":25,"62":25,"63":25,"64":25,"65":25,"66":25,"67":25,"68":25,"69":25,"70":25,"71":25,"73":25,"74":25,"75":25,"76":25,"77":25,"78":25,"79":25,"80":25,"81":25,"82":25,"84":25,"85":25,"86":25,"87":25,"88":25,"89":25,"90":25,"91":25,"92":25,"94":25,"95":25,"96":25,"97":25,"98":25,"99":25,"100":25,"101":25,"102":25,"104":25,"105":25,"106":25,"107":25,"108":25,"109":25,"110":25,"111":25,"112":25,"114":25,"115":25,"116":25,"117":25,"118":25,"119":25,"120":25,"121":25,"122":25,"124":25,"125":25,"126":25,"127":25,"128":25,"129":25,"130":25,"131":25,"132":25,"133":25,"134":25,"136":25,"137":25,"138":25,"139":25,"140":25,"141":25,"142":25,"143":25,"144":25,"145":25,"146":25,"148":25,"149":25,"150":25,"151":25,"153":25},"branchMap":{"0":{"type":"branch","line":15,"loc":{"start":{"line":15,"column":7},"end":{"line":154,"column":1}},"locations":[{"start":{"line":15,"column":7},"end":{"line":154,"column":1}}]},"1":{"type":"branch","line":18,"loc":{"start":{"line":18,"column":24},"end":{"line":20,"column":3}},"locations":[{"start":{"line":18,"column":24},"end":{"line":20,"column":3}}]},"2":{"type":"branch","line":61,"loc":{"start":{"line":61,"column":7},"end":{"line":61,"column":53}},"locations":[{"start":{"line":61,"column":7},"end":{"line":61,"column":53}}]},"3":{"type":"branch","line":150,"loc":{"start":{"line":150,"column":9},"end":{"line":150,"column":40}},"locations":[{"start":{"line":150,"column":9},"end":{"line":150,"column":40}}]},"4":{"type":"branch","line":150,"loc":{"start":{"line":150,"column":21},"end":{"line":150,"column":52}},"locations":[{"start":{"line":150,"column":21},"end":{"line":150,"column":52}}]},"5":{"type":"branch","line":30,"loc":{"start":{"line":30,"column":23},"end":{"line":55,"column":4}},"locations":[{"start":{"line":30,"column":23},"end":{"line":55,"column":4}}]},"6":{"type":"branch","line":33,"loc":{"start":{"line":33,"column":18},"end":{"line":33,"column":45}},"locations":[{"start":{"line":33,"column":18},"end":{"line":33,"column":45}}]},"7":{"type":"branch","line":33,"loc":{"start":{"line":33,"column":36},"end":{"line":33,"column":67}},"locations":[{"start":{"line":33,"column":36},"end":{"line":33,"column":67}}]},"8":{"type":"branch","line":33,"loc":{"start":{"line":33,"column":55},"end":{"line":33,"column":94}},"locations":[{"start":{"line":33,"column":55},"end":{"line":33,"column":94}}]},"9":{"type":"branch","line":33,"loc":{"start":{"line":33,"column":94},"end":{"line":36,"column":5}},"locations":[{"start":{"line":33,"column":94},"end":{"line":36,"column":5}}]},"10":{"type":"branch","line":36,"loc":{"start":{"line":36,"column":4},"end":{"line":38,"column":56}},"locations":[{"start":{"line":36,"column":4},"end":{"line":38,"column":56}}]},"11":{"type":"branch","line":38,"loc":{"start":{"line":38,"column":56},"end":{"line":41,"column":5}},"locations":[{"start":{"line":38,"column":56},"end":{"line":41,"column":5}}]},"12":{"type":"branch","line":41,"loc":{"start":{"line":41,"column":4},"end":{"line":47,"column":71}},"locations":[{"start":{"line":41,"column":4},"end":{"line":47,"column":71}}]},"13":{"type":"branch","line":47,"loc":{"start":{"line":47,"column":69},"end":{"line":52,"column":6}},"locations":[{"start":{"line":47,"column":69},"end":{"line":52,"column":6}}]},"14":{"type":"branch","line":50,"loc":{"start":{"line":50,"column":4},"end":{"line":52,"column":6}},"locations":[{"start":{"line":50,"column":4},"end":{"line":52,"column":6}}]},"15":{"type":"branch","line":51,"loc":{"start":{"line":51,"column":42},"end":{"line":51,"column":72}},"locations":[{"start":{"line":51,"column":42},"end":{"line":51,"column":72}}]},"16":{"type":"branch","line":52,"loc":{"start":{"line":52,"column":4},"end":{"line":54,"column":5}},"locations":[{"start":{"line":52,"column":4},"end":{"line":54,"column":5}}]},"17":{"type":"branch","line":69,"loc":{"start":{"line":69,"column":20},"end":{"line":69,"column":63}},"locations":[{"start":{"line":69,"column":20},"end":{"line":69,"column":63}}]},"18":{"type":"branch","line":80,"loc":{"start":{"line":80,"column":20},"end":{"line":80,"column":64}},"locations":[{"start":{"line":80,"column":20},"end":{"line":80,"column":64}}]},"19":{"type":"branch","line":131,"loc":{"start":{"line":131,"column":20},"end":{"line":131,"column":67}},"locations":[{"start":{"line":131,"column":20},"end":{"line":131,"column":67}}]},"20":{"type":"branch","line":143,"loc":{"start":{"line":143,"column":20},"end":{"line":143,"column":74}},"locations":[{"start":{"line":143,"column":20},"end":{"line":143,"column":74}}]}},"b":{"0":[25],"1":[0],"2":[3],"3":[3],"4":[22],"5":[5],"6":[4],"7":[4],"8":[4],"9":[1],"10":[4],"11":[1],"12":[3],"13":[2],"14":[1],"15":[0],"16":[3],"17":[2],"18":[2],"19":[2],"20":[2]},"fnMap":{"0":{"name":"RegisterForm","decl":{"start":{"line":15,"column":7},"end":{"line":154,"column":1}},"loc":{"start":{"line":15,"column":7},"end":{"line":154,"column":1}},"line":15},"1":{"name":"handleSubmit","decl":{"start":{"line":30,"column":23},"end":{"line":55,"column":4}},"loc":{"start":{"line":30,"column":23},"end":{"line":55,"column":4}},"line":30},"2":{"name":"onChange","decl":{"start":{"line":69,"column":20},"end":{"line":69,"column":63}},"loc":{"start":{"line":69,"column":20},"end":{"line":69,"column":63}},"line":69},"3":{"name":"onChange","decl":{"start":{"line":80,"column":20},"end":{"line":80,"column":64}},"loc":{"start":{"line":80,"column":20},"end":{"line":80,"column":64}},"line":80},"4":{"name":"onChange","decl":{"start":{"line":91,"column":20},"end":{"line":91,"column":68}},"loc":{"start":{"line":91,"column":20},"end":{"line":91,"column":68}},"line":91},"5":{"name":"onChange","decl":{"start":{"line":101,"column":20},"end":{"line":101,"column":64}},"loc":{"start":{"line":101,"column":20},"end":{"line":101,"column":64}},"line":101},"6":{"name":"onChange","decl":{"start":{"line":111,"column":20},"end":{"line":111,"column":67}},"loc":{"start":{"line":111,"column":20},"end":{"line":111,"column":67}},"line":111},"7":{"name":"onChange","decl":{"start":{"line":121,"column":20},"end":{"line":121,"column":66}},"loc":{"start":{"line":121,"column":20},"end":{"line":121,"column":66}},"line":121},"8":{"name":"onChange","decl":{"start":{"line":131,"column":20},"end":{"line":131,"column":67}},"loc":{"start":{"line":131,"column":20},"end":{"line":131,"column":67}},"line":131},"9":{"name":"onChange","decl":{"start":{"line":143,"column":20},"end":{"line":143,"column":74}},"loc":{"start":{"line":143,"column":20},"end":{"line":143,"column":74}},"line":143}},"f":{"0":25,"1":5,"2":2,"3":2,"4":0,"5":0,"6":0,"7":0,"8":2,"9":2}}
,"/app/src/components/RegisterForm/styles.ts": {"path":"/app/src/components/RegisterForm/styles.ts","all":false,"statementMap":{"0":{"start":{"line":1,"column":0},"end":{"line":1,"column":39}},"2":{"start":{"line":3,"column":0},"end":{"line":3,"column":36}},"12":{"start":{"line":13,"column":0},"end":{"line":13,"column":31}},"18":{"start":{"line":19,"column":0},"end":{"line":19,"column":37}},"24":{"start":{"line":25,"column":0},"end":{"line":25,"column":32}},"33":{"start":{"line":34,"column":0},"end":{"line":34,"column":36}},"37":{"start":{"line":38,"column":0},"end":{"line":38,"column":34}},"43":{"start":{"line":44,"column":0},"end":{"line":44,"column":34}},"56":{"start":{"line":57,"column":0},"end":{"line":57,"column":36}},"72":{"start":{"line":73,"column":0},"end":{"line":73,"column":34}}},"s":{"0":1,"2":1,"12":1,"18":1,"24":1,"33":1,"37":1,"43":1,"56":1,"72":1},"branchMap":{},"b":{},"fnMap":{},"f":{}}
,"/app/src/components/Reservation/index.tsx": {"path":"/app/src/components/Reservation/index.tsx","all":false,"statementMap":{"0":{"start":{"line":1,"column":0},"end":{"line":1,"column":26}},"1":{"start":{"line":2,"column":0},"end":{"line":2,"column":65}},"2":{"start":{"line":3,"column":0},"end":{"line":3,"column":91}},"4":{"start":{"line":5,"column":0},"end":{"line":5,"column":46}},"5":{"start":{"line":6,"column":0},"end":{"line":6,"column":10}},"6":{"start":{"line":7,"column":0},"end":{"line":7,"column":15}},"7":{"start":{"line":8,"column":0},"end":{"line":8,"column":36}},"8":{"start":{"line":9,"column":0},"end":{"line":9,"column":23}},"9":{"start":{"line":10,"column":0},"end":{"line":10,"column":47}},"10":{"start":{"line":11,"column":0},"end":{"line":11,"column":48}},"11":{"start":{"line":12,"column":0},"end":{"line":12,"column":40}},"12":{"start":{"line":13,"column":0},"end":{"line":13,"column":67}},"13":{"start":{"line":14,"column":0},"end":{"line":14,"column":67}},"14":{"start":{"line":15,"column":0},"end":{"line":15,"column":69}},"15":{"start":{"line":16,"column":0},"end":{"line":16,"column":87}},"16":{"start":{"line":17,"column":0},"end":{"line":17,"column":28}},"17":{"start":{"line":18,"column":0},"end":{"line":18,"column":11}},"18":{"start":{"line":19,"column":0},"end":{"line":19,"column":24}},"19":{"start":{"line":20,"column":0},"end":{"line":20,"column":16}},"21":{"start":{"line":22,"column":0},"end":{"line":22,"column":2}},"23":{"start":{"line":24,"column":0},"end":{"line":24,"column":36}}},"s":{"0":1,"1":1,"2":1,"4":1,"5":3,"6":3,"7":3,"8":3,"9":3,"10":12,"11":12,"12":12,"13":12,"14":12,"15":12,"16":12,"17":3,"18":3,"19":3,"21":3,"23":1},"branchMap":{"0":{"type":"branch","line":5,"loc":{"start":{"line":5,"column":39},"end":{"line":22,"column":2}},"locations":[{"start":{"line":5,"column":39},"end":{"line":22,"column":2}}]},"1":{"type":"branch","line":10,"loc":{"start":{"line":10,"column":29},"end":{"line":17,"column":28}},"locations":[{"start":{"line":10,"column":29},"end":{"line":17,"column":28}}]}},"b":{"0":[3],"1":[12]},"fnMap":{"0":{"name":"ReservationComponent","decl":{"start":{"line":5,"column":39},"end":{"line":22,"column":2}},"loc":{"start":{"line":5,"column":39},"end":{"line":22,"column":2}},"line":5}},"f":{"0":3}}
,"/app/src/components/Reservation/styles.ts": {"path":"/app/src/components/Reservation/styles.ts","all":false,"statementMap":{"0":{"start":{"line":1,"column":0},"end":{"line":1,"column":39}},"2":{"start":{"line":3,"column":0},"end":{"line":3,"column":36}},"12":{"start":{"line":13,"column":0},"end":{"line":13,"column":31}},"18":{"start":{"line":19,"column":0},"end":{"line":19,"column":42}},"23":{"start":{"line":24,"column":0},"end":{"line":24,"column":42}},"41":{"start":{"line":42,"column":0},"end":{"line":42,"column":59}},"46":{"start":{"line":47,"column":0},"end":{"line":47,"column":37}},"47":{"start":{"line":48,"column":0},"end":{"line":48,"column":42}},"48":{"start":{"line":49,"column":0},"end":{"line":49,"column":41}},"49":{"start":{"line":50,"column":0},"end":{"line":50,"column":53}},"54":{"start":{"line":55,"column":0},"end":{"line":55,"column":43}}},"s":{"0":1,"2":1,"12":1,"18":1,"23":1,"41":1,"46":1,"47":12,"48":6,"49":1,"54":1},"branchMap":{"0":{"type":"branch","line":47,"loc":{"start":{"line":47,"column":22},"end":{"line":50,"column":51}},"locations":[{"start":{"line":47,"column":22},"end":{"line":50,"column":51}}]},"1":{"type":"branch","line":48,"loc":{"start":{"line":48,"column":15},"end":{"line":48,"column":42}},"locations":[{"start":{"line":48,"column":15},"end":{"line":48,"column":42}}]},"2":{"type":"branch","line":48,"loc":{"start":{"line":48,"column":30},"end":{"line":50,"column":51}},"locations":[{"start":{"line":48,"column":30},"end":{"line":50,"column":51}}]},"3":{"type":"branch","line":49,"loc":{"start":{"line":49,"column":15},"end":{"line":49,"column":41}},"locations":[{"start":{"line":49,"column":15},"end":{"line":49,"column":41}}]},"4":{"type":"branch","line":49,"loc":{"start":{"line":49,"column":29},"end":{"line":50,"column":51}},"locations":[{"start":{"line":49,"column":29},"end":{"line":50,"column":51}}]},"5":{"type":"branch","line":50,"loc":{"start":{"line":50,"column":30},"end":{"line":50,"column":51}},"locations":[{"start":{"line":50,"column":30},"end":{"line":50,"column":51}}]}},"b":{"0":[12],"1":[6],"2":[6],"3":[3],"4":[3],"5":[0]},"fnMap":{},"f":{}}
,"/app/src/contexts/AuthContext.tsx": {"path":"/app/src/contexts/AuthContext.tsx","all":false,"statementMap":{"2":{"start":{"line":3,"column":0},"end":{"line":3,"column":86}},"4":{"start":{"line":5,"column":0},"end":{"line":5,"column":45}},"14":{"start":{"line":15,"column":0},"end":{"line":15,"column":59}},"15":{"start":{"line":16,"column":0},"end":{"line":16,"column":20}},"16":{"start":{"line":17,"column":0},"end":{"line":17,"column":18}},"17":{"start":{"line":18,"column":0},"end":{"line":18,"column":25}},"18":{"start":{"line":19,"column":0},"end":{"line":19,"column":28}},"19":{"start":{"line":20,"column":0},"end":{"line":20,"column":20}},"20":{"start":{"line":21,"column":0},"end":{"line":21,"column":2}},"26":{"start":{"line":27,"column":0},"end":{"line":27,"column":66}},"27":{"start":{"line":28,"column":0},"end":{"line":28,"column":72}},"28":{"start":{"line":29,"column":0},"end":{"line":29,"column":50}},"30":{"start":{"line":31,"column":0},"end":{"line":31,"column":19}},"32":{"start":{"line":33,"column":0},"end":{"line":33,"column":58}},"33":{"start":{"line":34,"column":0},"end":{"line":34,"column":21}},"34":{"start":{"line":35,"column":0},"end":{"line":35,"column":44}},"35":{"start":{"line":36,"column":0},"end":{"line":36,"column":5}},"36":{"start":{"line":37,"column":0},"end":{"line":37,"column":23}},"37":{"start":{"line":38,"column":0},"end":{"line":38,"column":8}},"39":{"start":{"line":40,"column":0},"end":{"line":40,"column":60}},"41":{"start":{"line":42,"column":0},"end":{"line":42,"column":51}},"42":{"start":{"line":43,"column":0},"end":{"line":43,"column":24}},"43":{"start":{"line":44,"column":0},"end":{"line":44,"column":88}},"45":{"start":{"line":46,"column":0},"end":{"line":46,"column":19}},"48":{"start":{"line":49,"column":0},"end":{"line":49,"column":59}},"49":{"start":{"line":50,"column":0},"end":{"line":50,"column":45}},"50":{"start":{"line":51,"column":0},"end":{"line":51,"column":82}},"51":{"start":{"line":52,"column":0},"end":{"line":52,"column":19}},"52":{"start":{"line":53,"column":0},"end":{"line":53,"column":16}},"53":{"start":{"line":54,"column":0},"end":{"line":54,"column":56}},"54":{"start":{"line":55,"column":0},"end":{"line":55,"column":9}},"55":{"start":{"line":56,"column":0},"end":{"line":56,"column":13}},"56":{"start":{"line":57,"column":0},"end":{"line":57,"column":6}},"57":{"start":{"line":58,"column":0},"end":{"line":58,"column":3}},"59":{"start":{"line":60,"column":0},"end":{"line":60,"column":77}},"61":{"start":{"line":62,"column":0},"end":{"line":62,"column":51}},"62":{"start":{"line":63,"column":0},"end":{"line":63,"column":24}},"63":{"start":{"line":64,"column":0},"end":{"line":64,"column":69}},"65":{"start":{"line":66,"column":0},"end":{"line":66,"column":27}},"66":{"start":{"line":67,"column":0},"end":{"line":67,"column":51}},"67":{"start":{"line":68,"column":0},"end":{"line":68,"column":16}},"68":{"start":{"line":69,"column":0},"end":{"line":69,"column":38}},"69":{"start":{"line":70,"column":0},"end":{"line":70,"column":37}},"70":{"start":{"line":71,"column":0},"end":{"line":71,"column":17}},"71":{"start":{"line":72,"column":0},"end":{"line":72,"column":18}},"72":{"start":{"line":73,"column":0},"end":{"line":73,"column":21}},"73":{"start":{"line":74,"column":0},"end":{"line":74,"column":25}},"74":{"start":{"line":75,"column":0},"end":{"line":75,"column":11}},"77":{"start":{"line":78,"column":0},"end":{"line":78,"column":33}},"81":{"start":{"line":82,"column":0},"end":{"line":82,"column":65}},"82":{"start":{"line":83,"column":0},"end":{"line":83,"column":45}},"83":{"start":{"line":84,"column":0},"end":{"line":84,"column":82}},"84":{"start":{"line":85,"column":0},"end":{"line":85,"column":19}},"85":{"start":{"line":86,"column":0},"end":{"line":86,"column":9}},"86":{"start":{"line":87,"column":0},"end":{"line":87,"column":13}},"87":{"start":{"line":88,"column":0},"end":{"line":88,"column":6}},"88":{"start":{"line":89,"column":0},"end":{"line":89,"column":3}},"90":{"start":{"line":91,"column":0},"end":{"line":91,"column":24}},"91":{"start":{"line":92,"column":0},"end":{"line":92,"column":24}},"92":{"start":{"line":93,"column":0},"end":{"line":93,"column":42}},"93":{"start":{"line":94,"column":0},"end":{"line":94,"column":3}},"95":{"start":{"line":96,"column":0},"end":{"line":96,"column":10}},"96":{"start":{"line":97,"column":0},"end":{"line":97,"column":25}},"97":{"start":{"line":98,"column":0},"end":{"line":98,"column":14}},"98":{"start":{"line":99,"column":0},"end":{"line":99,"column":20}},"99":{"start":{"line":100,"column":0},"end":{"line":100,"column":18}},"100":{"start":{"line":101,"column":0},"end":{"line":101,"column":14}},"101":{"start":{"line":102,"column":0},"end":{"line":102,"column":17}},"102":{"start":{"line":103,"column":0},"end":{"line":103,"column":15}},"103":{"start":{"line":104,"column":0},"end":{"line":104,"column":8}},"105":{"start":{"line":106,"column":0},"end":{"line":106,"column":16}},"106":{"start":{"line":107,"column":0},"end":{"line":107,"column":27}},"108":{"start":{"line":109,"column":0},"end":{"line":109,"column":1}},"110":{"start":{"line":111,"column":0},"end":{"line":111,"column":27}},"111":{"start":{"line":112,"column":0},"end":{"line":112,"column":42}},"112":{"start":{"line":113,"column":0},"end":{"line":113,"column":17}},"113":{"start":{"line":114,"column":0},"end":{"line":114,"column":63}},"114":{"start":{"line":115,"column":0},"end":{"line":115,"column":3}},"115":{"start":{"line":116,"column":0},"end":{"line":116,"column":17}},"116":{"start":{"line":117,"column":0},"end":{"line":117,"column":1}}},"s":{"2":1,"4":1,"14":1,"15":1,"16":1,"17":1,"18":1,"19":1,"20":1,"26":1,"27":14,"28":14,"30":14,"32":5,"33":5,"34":0,"35":0,"36":5,"37":14,"39":14,"41":1,"42":1,"43":1,"45":1,"48":1,"49":1,"50":1,"51":1,"52":1,"53":0,"54":0,"55":1,"56":1,"57":1,"59":14,"61":2,"62":2,"63":2,"65":2,"66":0,"67":2,"68":2,"69":2,"70":2,"71":2,"72":2,"73":2,"74":2,"77":2,"81":2,"82":2,"83":2,"84":2,"85":2,"86":2,"87":2,"88":2,"90":14,"91":1,"92":1,"93":1,"95":14,"96":14,"97":14,"98":14,"99":14,"100":14,"101":14,"102":14,"103":14,"105":14,"106":14,"108":14,"110":1,"111":0,"112":0,"113":0,"114":0,"115":0,"116":0},"branchMap":{"0":{"type":"branch","line":27,"loc":{"start":{"line":27,"column":28},"end":{"line":109,"column":1}},"locations":[{"start":{"line":27,"column":28},"end":{"line":109,"column":1}}]},"1":{"type":"branch","line":31,"loc":{"start":{"line":31,"column":12},"end":{"line":38,"column":5}},"locations":[{"start":{"line":31,"column":12},"end":{"line":38,"column":5}}]},"2":{"type":"branch","line":34,"loc":{"start":{"line":34,"column":20},"end":{"line":36,"column":5}},"locations":[{"start":{"line":34,"column":20},"end":{"line":36,"column":5}}]},"3":{"type":"branch","line":40,"loc":{"start":{"line":40,"column":16},"end":{"line":58,"column":3}},"locations":[{"start":{"line":40,"column":16},"end":{"line":58,"column":3}}]},"4":{"type":"branch","line":42,"loc":{"start":{"line":42,"column":29},"end":{"line":57,"column":5}},"locations":[{"start":{"line":42,"column":29},"end":{"line":57,"column":5}}]},"5":{"type":"branch","line":43,"loc":{"start":{"line":43,"column":17},"end":{"line":56,"column":9}},"locations":[{"start":{"line":43,"column":17},"end":{"line":56,"column":9}}]},"6":{"type":"branch","line":53,"loc":{"start":{"line":53,"column":8},"end":{"line":55,"column":9}},"locations":[{"start":{"line":53,"column":8},"end":{"line":55,"column":9}}]},"7":{"type":"branch","line":44,"loc":{"start":{"line":44,"column":36},"end":{"line":44,"column":87}},"locations":[{"start":{"line":44,"column":36},"end":{"line":44,"column":87}}]},"8":{"type":"branch","line":60,"loc":{"start":{"line":60,"column":19},"end":{"line":89,"column":3}},"locations":[{"start":{"line":60,"column":19},"end":{"line":89,"column":3}}]},"9":{"type":"branch","line":62,"loc":{"start":{"line":62,"column":29},"end":{"line":88,"column":5}},"locations":[{"start":{"line":62,"column":29},"end":{"line":88,"column":5}}]},"10":{"type":"branch","line":63,"loc":{"start":{"line":63,"column":17},"end":{"line":87,"column":9}},"locations":[{"start":{"line":63,"column":17},"end":{"line":87,"column":9}}]},"11":{"type":"branch","line":66,"loc":{"start":{"line":66,"column":26},"end":{"line":68,"column":15}},"locations":[{"start":{"line":66,"column":26},"end":{"line":68,"column":15}}]},"12":{"type":"branch","line":64,"loc":{"start":{"line":64,"column":44},"end":{"line":64,"column":68}},"locat
[...]
,"/app/src/pages/Bedroom/styles.ts": {"path":"/app/src/pages/Bedroom/styles.ts","all":false,"statementMap":{"0":{"start":{"line":1,"column":0},"end":{"line":1,"column":39}},"2":{"start":{"line":3,"column":0},"end":{"line":3,"column":37}},"8":{"start":{"line":9,"column":0},"end":{"line":9,"column":34}},"14":{"start":{"line":15,"column":0},"end":{"line":15,"column":31}},"19":{"start":{"line":20,"column":0},"end":{"line":20,"column":36}},"25":{"start":{"line":26,"column":0},"end":{"line":26,"column":30}},"31":{"start":{"line":32,"column":0},"end":{"line":32,"column":32}}},"s":{"0":1,"2":1,"8":1,"14":1,"19":1,"25":1,"31":1},"branchMap":{},"b":{},"fnMap":{},"f":{}}
,"/app/src/pages/Login/index.tsx": {"path":"/app/src/pages/Login/index.tsx","all":false,"statementMap":{"2":{"start":{"line":3,"column":0},"end":{"line":3,"column":37}},"3":{"start":{"line":4,"column":0},"end":{"line":4,"column":74}},"4":{"start":{"line":5,"column":0},"end":{"line":5,"column":52}},"5":{"start":{"line":6,"column":0},"end":{"line":6,"column":58}},"7":{"start":{"line":8,"column":0},"end":{"line":8,"column":33}},"8":{"start":{"line":9,"column":0},"end":{"line":9,"column":10}},"9":{"start":{"line":10,"column":0},"end":{"line":10,"column":6}},"10":{"start":{"line":11,"column":0},"end":{"line":11,"column":25}},"11":{"start":{"line":12,"column":0},"end":{"line":12,"column":17}},"12":{"start":{"line":13,"column":0},"end":{"line":13,"column":21}},"13":{"start":{"line":14,"column":0},"end":{"line":14,"column":18}},"14":{"start":{"line":15,"column":0},"end":{"line":15,"column":16}},"15":{"start":{"line":16,"column":0},"end":{"line":16,"column":7}},"17":{"start":{"line":18,"column":0},"end":{"line":18,"column":1}}},"s":{"2":1,"3":1,"4":1,"5":1,"7":1,"8":1,"9":1,"10":1,"11":1,"12":1,"13":1,"14":1,"15":1,"17":1},"branchMap":{"0":{"type":"branch","line":8,"loc":{"start":{"line":8,"column":0},"end":{"line":18,"column":1}},"locations":[{"start":{"line":8,"column":0},"end":{"line":18,"column":1}}]}},"b":{"0":[1]},"fnMap":{"0":{"name":"Login","decl":{"start":{"line":8,"column":0},"end":{"line":18,"column":1}},"loc":{"start":{"line":8,"column":0},"end":{"line":18,"column":1}},"line":8}},"f":{"0":1}}
,"/app/src/pages/Login/styles.ts": {"path":"/app/src/pages/Login/styles.ts","all":false,"statementMap":{"0":{"start":{"line":1,"column":0},"end":{"line":1,"column":53}}},"s":{"0":1},"branchMap":{},"b":{},"fnMap":{},"f":{}}
,"/app/src/pages/Panel/index.tsx": {"path":"/app/src/pages/Panel/index.tsx","all":false,"statementMap":{"0":{"start":{"line":1,"column":0},"end":{"line":1,"column":26}},"1":{"start":{"line":2,"column":0},"end":{"line":2,"column":47}},"2":{"start":{"line":3,"column":0},"end":{"line":3,"column":58}},"3":{"start":{"line":4,"column":0},"end":{"line":4,"column":71}},"4":{"start":{"line":5,"column":0},"end":{"line":5,"column":52}},"5":{"start":{"line":6,"column":0},"end":{"line":6,"column":79}},"6":{"start":{"line":7,"column":0},"end":{"line":7,"column":71}},"8":{"start":{"line":9,"column":0},"end":{"line":9,"column":35}},"9":{"start":{"line":10,"column":0},"end":{"line":10,"column":33}},"11":{"start":{"line":12,"column":0},"end":{"line":12,"column":32}},"12":{"start":{"line":13,"column":0},"end":{"line":13,"column":27}},"13":{"start":{"line":14,"column":0},"end":{"line":14,"column":4}},"15":{"start":{"line":16,"column":0},"end":{"line":16,"column":10}},"16":{"start":{"line":17,"column":0},"end":{"line":17,"column":15}},"17":{"start":{"line":18,"column":0},"end":{"line":18,"column":25}},"19":{"start":{"line":20,"column":0},"end":{"line":20,"column":18}},"20":{"start":{"line":21,"column":0},"end":{"line":21,"column":35}},"21":{"start":{"line":22,"column":0},"end":{"line":22,"column":90}},"22":{"start":{"line":23,"column":0},"end":{"line":23,"column":37}},"23":{"start":{"line":24,"column":0},"end":{"line":24,"column":49}},"24":{"start":{"line":25,"column":0},"end":{"line":25,"column":56}},"25":{"start":{"line":26,"column":0},"end":{"line":26,"column":16}},"26":{"start":{"line":27,"column":0},"end":{"line":27,"column":14}},"27":{"start":{"line":28,"column":0},"end":{"line":28,"column":40}},"28":{"start":{"line":29,"column":0},"end":{"line":29,"column":19}},"30":{"start":{"line":31,"column":0},"end":{"line":31,"column":15}},"31":{"start":{"line":32,"column":0},"end":{"line":32,"column":23}},"32":{"start":{"line":33,"column":0},"end":{"line":33,"column":45}},"33":{"start":{"line":34,"column":0},"end":{"line":34,"column":71}},"34":{"start":{"line":35,"column":0},"end":{"line":35,"column":14}},"35":{"start":{"line":36,"column":0},"end":{"line":36,"column":16}},"37":{"start":{"line":38,"column":0},"end":{"line":38,"column":16}},"38":{"start":{"line":39,"column":0},"end":{"line":39,"column":16}},"40":{"start":{"line":41,"column":0},"end":{"line":41,"column":2}},"42":{"start":{"line":43,"column":0},"end":{"line":43,"column":25}}},"s":{"0":1,"1":1,"2":1,"3":1,"4":1,"5":1,"6":1,"8":1,"9":2,"11":2,"12":1,"13":1,"15":2,"16":2,"17":2,"19":2,"20":2,"21":2,"22":2,"23":2,"24":2,"25":2,"26":2,"27":2,"28":2,"30":2,"31":2,"32":2,"33":2,"34":2,"35":2,"37":2,"38":2,"40":2,"42":1},"branchMap":{"0":{"type":"branch","line":9,"loc":{"start":{"line":9,"column":28},"end":{"line":41,"column":2}},"locations":[{"start":{"line":9,"column":28},"end":{"line":41,"column":2}}]},"1":{"type":"branch","line":12,"loc":{"start":{"line":12,"column":25},"end":{"line":14,"column":4}},"locations":[{"start":{"line":12,"column":25},"end":{"line":14,"column":4}}]}},"b":{"0":[2],"1":[1]},"fnMap":{"0":{"name":"PanelPage","decl":{"start":{"line":9,"column":28},"end":{"line":41,"column":2}},"loc":{"start":{"line":9,"column":28},"end":{"line":41,"column":2}},"line":9},"1":{"name":"irParaReservas","decl":{"start":{"line":12,"column":25},"end":{"line":14,"column":4}},"loc":{"start":{"line":12,"column":25},"end":{"line":14,"column":4}},"line":12}},"f":{"0":2,"1":1}}
,"/app/src/pages/Panel/styles.ts": {"path":"/app/src/pages/Panel/styles.ts","all":false,"statementMap":{"0":{"start":{"line":1,"column":0},"end":{"line":1,"column":39}},"3":{"start":{"line":4,"column":0},"end":{"line":4,"column":36}},"10":{"start":{"line":11,"column":0},"end":{"line":11,"column":31}},"16":{"start":{"line":17,"column":0},"end":{"line":17,"column":41}},"47":{"start":{"line":48,"column":0},"end":{"line":48,"column":39}},"55":{"start":{"line":56,"column":0},"end":{"line":56,"column":38}},"63":{"start":{"line":64,"column":0},"end":{"line":64,"column":36}},"81":{"start":{"line":82,"column":0},"end":{"line":82,"column":36}}},"s":{"0":1,"3":1,"10":1,"16":1,"47":1,"55":1,"63":1,"81":1},"branchMap":{},"b":{},"fnMap":{},"f":{}}
,"/app/src/pages/Register/index.tsx": {"path":"/app/src/pages/Register/index.tsx","all":false,"statementMap":{"0":{"start":{"line":1,"column":0},"end":{"line":1,"column":71}},"1":{"start":{"line":2,"column":0},"end":{"line":2,"column":49}},"2":{"start":{"line":3,"column":0},"end":{"line":3,"column":48}},"3":{"start":{"line":4,"column":0},"end":{"line":4,"column":61}},"4":{"start":{"line":5,"column":0},"end":{"line":5,"column":40}},"6":{"start":{"line":7,"column":0},"end":{"line":7,"column":28}},"7":{"start":{"line":8,"column":0},"end":{"line":8,"column":10}},"8":{"start":{"line":9,"column":0},"end":{"line":9,"column":6}},"9":{"start":{"line":10,"column":0},"end":{"line":10,"column":25}},"11":{"start":{"line":12,"column":0},"end":{"line":12,"column":17}},"12":{"start":{"line":13,"column":0},"end":{"line":13,"column":24}},"14":{"start":{"line":15,"column":0},"end":{"line":15,"column":19}},"15":{"start":{"line":16,"column":0},"end":{"line":16,"column":61}},"16":{"start":{"line":17,"column":0},"end":{"line":17,"column":20}},"17":{"start":{"line":18,"column":0},"end":{"line":18,"column":18}},"19":{"start":{"line":20,"column":0},"end":{"line":20,"column":16}},"20":{"start":{"line":21,"column":0},"end":{"line":21,"column":7}},"22":{"start":{"line":23,"column":0},"end":{"line":23,"column":1}}},"s":{"0":1,"1":1,"2":1,"3":1,"4":1,"6":1,"7":3,"8":3,"9":3,"11":3,"12":3,"14":3,"15":3,"16":3,"17":3,"19":3,"20":3,"22":3},"branchMap":{"0":{"type":"branch","line":7,"loc":{"start":{"line":7,"column":7},"end":{"line":23,"column":1}},"locations":[{"start":{"line":7,"column":7},"end":{"line":23,"column":1}}]}},"b":{"0":[3]},"fnMap":{"0":{"name":"Register","decl":{"start":{"line":7,"column":7},"end":{"line":23,"column":1}},"loc":{"start":{"line":7,"column":7},"end":{"line":23,"column":1}},"line":7}},"f":{"0":3}}
,"/app/src/pages/Register/styles.ts": {"path":"/app/src/pages/Register/styles.ts","all":false,"statementMap":{"0":{"start":{"line":1,"column":0},"end":{"line":1,"column":56}}},"s":{"0":1},"branchMap":{},"b":{},"fnMap":{},"f":{}}
,"/app/src/pages/Reservations/index.tsx": {"path":"/app/src/pages/Reservations/index.tsx","all":false,"statementMap":{"0":{"start":{"line":1,"column":0},"end":{"line":1,"column":26}},"1":{"start":{"line":2,"column":0},"end":{"line":2,"column":47}},"2":{"start":{"line":3,"column":0},"end":{"line":3,"column":71}},"3":{"start":{"line":4,"column":0},"end":{"line":4,"column":52}},"4":{"start":{"line":5,"column":0},"end":{"line":5,"column":67}},"5":{"start":{"line":6,"column":0},"end":{"line":6,"column":45}},"7":{"start":{"line":8,"column":0},"end":{"line":8,"column":42}},"8":{"start":{"line":9,"column":0},"end":{"line":9,"column":33}},"10":{"start":{"line":11,"column":0},"end":{"line":11,"column":37}},"11":{"start":{"line":12,"column":0},"end":{"line":12,"column":23}},"12":{"start":{"line":13,"column":0},"end":{"line":13,"column":4}},"14":{"start":{"line":15,"column":0},"end":{"line":15,"column":10}},"15":{"start":{"line":16,"column":0},"end":{"line":16,"column":15}},"16":{"start":{"line":17,"column":0},"end":{"line":17,"column":25}},"17":{"start":{"line":18,"column":0},"end":{"line":18,"column":30}},"18":{"start":{"line":19,"column":0},"end":{"line":19,"column":76}},"19":{"start":{"line":20,"column":0},"end":{"line":20,"column":16}},"20":{"start":{"line":21,"column":0},"end":{"line":21,"column":16}},"22":{"start":{"line":23,"column":0},"end":{"line":23,"column":2}},"24":{"start":{"line":25,"column":0},"end":{"line":25,"column":32}}},"s":{"0":1,"1":1,"2":1,"3":1,"4":1,"5":1,"7":1,"8":2,"10":2,"11":1,"12":1,"14":2,"15":2,"16":2,"17":2,"18":2,"19":2,"20":2,"22":2,"24":1},"branchMap":{"0":{"type":"branch","line":8,"loc":{"start":{"line":8,"column":35},"end":{"line":23,"column":2}},"locations":[{"start":{"line":8,"column":35},"end":{"line":23,"column":2}}]},"1":{"type":"branch","line":11,"loc":{"start":{"line":11,"column":30},"end":{"line":13,"column":4}},"locations":[{"start":{"line":11,"column":30},"end":{"line":13,"column":4}}]}},"b":{"0":[2],"1":[1]},"fnMap":{"0":{"name":"ReservationsPage","decl":{"start":{"line":8,"column":35},"end":{"line":23,"column":2}},"loc":{"start":{"line":8,"column":35},"end":{"line":23,"column":2}},"line":8},"1":{"name":"handleAdminRedirect","decl":{"start":{"line":11,"column":30},"end":{"line":13,"column":4}},"loc":{"start":{"line":11,"column":30},"end":{"line":13,"column":4}},"line":11}},"f":{"0":2,"1":1}}
,"/app/src/pages/Reservations/styles.ts": {"path":"/app/src/pages/Reservations/styles.ts","all":false,"statementMap":{"0":{"start":{"line":1,"column":0},"end":{"line":1,"column":39}},"2":{"start":{"line":3,"column":0},"end":{"line":3,"column":36}},"7":{"start":{"line":8,"column":0},"end":{"line":8,"column":36}}},"s":{"0":1,"2":1,"7":1},"branchMap":{},"b":{},"fnMap":{},"f":{}}
,"/app/src/routes/ProtectedRoutes.tsx": {"path":"/app/src/routes/ProtectedRoutes.tsx","all":true,"statementMap":{"0":{"start":{"line":1,"column":0},"end":{"line":1,"column":44}},"1":{"start":{"line":2,"column":0},"end":{"line":2,"column":43}},"8":{"start":{"line":9,"column":0},"end":{"line":9,"column":89}},"9":{"start":{"line":10,"column":0},"end":{"line":10,"column":47}},"11":{"start":{"line":12,"column":0},"end":{"line":12,"column":18}},"12":{"start":{"line":13,"column":0},"end":{"line":13,"column":33}},"13":{"start":{"line":14,"column":0},"end":{"line":14,"column":3}},"15":{"start":{"line":16,"column":0},"end":{"line":16,"column":21}},"16":{"start":{"line":17,"column":0},"end":{"line":17,"column":44}},"17":{"start":{"line":18,"column":0},"end":{"line":18,"column":3}},"19":{"start":{"line":20,"column":0},"end":{"line":20,"column":53}},"20":{"start":{"line":21,"column":0},"end":{"line":21,"column":39}},"21":{"start":{"line":22,"column":0},"end":{"line":22,"column":3}},"23":{"start":{"line":24,"column":0},"end":{"line":24,"column":25}},"24":{"start":{"line":25,"column":0},"end":{"line":25,"column":1}}},"s":{"0":0,"1":0,"8":0,"9":0,"11":0,"12":0,"13":0,"15":0,"16":0,"17":0,"19":0,"20":0,"21":0,"23":0,"24":0},"branchMap":{"0":{"type":"branch","line":1,"loc":{"start":{"line":1,"column":575},"end":{"line":25,"column":1}},"locations":[{"start":{"line":1,"column":575},"end":{"line":25,"column":1}}]}},"b":{"0":[0]},"fnMap":{"0":{"name":"(empty-report)","decl":{"start":{"line":1,"column":575},"end":{"line":25,"column":1}},"loc":{"start":{"line":1,"column":575},"end":{"line":25,"column":1}},"line":1}},"f":{"0":0}}
,"/app/src/routes/index.tsx": {"path":"/app/src/routes/index.tsx","all":true,"statementMap":{"0":{"start":{"line":1,"column":0},"end":{"line":1,"column":49}},"1":{"start":{"line":2,"column":0},"end":{"line":2,"column":41}},"2":{"start":{"line":3,"column":0},"end":{"line":3,"column":35}},"3":{"start":{"line":4,"column":0},"end":{"line":4,"column":39}},"4":{"start":{"line":5,"column":0},"end":{"line":5,"column":35}},"5":{"start":{"line":6,"column":0},"end":{"line":6,"column":45}},"6":{"start":{"line":7,"column":0},"end":{"line":7,"column":39}},"7":{"start":{"line":8,"column":0},"end":{"line":8,"column":53}},"8":{"start":{"line":9,"column":0},"end":{"line":9,"column":54}},"10":{"start":{"line":11,"column":0},"end":{"line":11,"column":28}},"11":{"start":{"line":12,"column":0},"end":{"line":12,"column":10}},"12":{"start":{"line":13,"column":0},"end":{"line":13,"column":12}},"13":{"start":{"line":14,"column":0},"end":{"line":14,"column":43}},"14":{"start":{"line":15,"column":0},"end":{"line":15,"column":43}},"15":{"start":{"line":16,"column":0},"end":{"line":16,"column":57}},"16":{"start":{"line":17,"column":0},"end":{"line":17,"column":14}},"18":{"start":{"line":19,"column":0},"end":{"line":19,"column":49}},"19":{"start":{"line":20,"column":0},"end":{"line":20,"column":55}},"20":{"start":{"line":21,"column":0},"end":{"line":21,"column":53}},"21":{"start":{"line":22,"column":0},"end":{"line":22,"column":63}},"22":{"start":{"line":23,"column":0},"end":{"line":23,"column":53}},"23":{"start":{"line":24,"column":0},"end":{"line":24,"column":13}},"25":{"start":{"line":26,"column":0},"end":{"line":26,"column":1}}},"s":{"0":0,"1":0,"2":0,"3":0,"4":0,"5":0,"6":0,"7":0,"8":0,"10":0,"11":0,"12":0,"13":0,"14":0,"15":0,"16":0,"18":0,"19":0,"20":0,"21":0,"22":0,"23":0,"25":0},"branchMap":{"0":{"type":"branch","line":1,"loc":{"start":{"line":1,"column":913},"end":{"line":26,"column":1}},"locations":[{"start":{"line":1,"column":913},"end":{"line":26,"column":1}}]}},"b":{"0":[0]},"fnMap":{"0":{"name":"(empty-report)","decl":{"start":{"line":1,"column":913},"end":{"line":26,"column":1}},"loc":{"start":{"line":1,"column":913},"end":{"line":26,"column":1}},"line":1}},"f":{"0":0}}
,"/app/src/styles/GlobalStyles.ts": {"path":"/app/src/styles/GlobalStyles.ts","all":true,"statementMap":{"0":{"start":{"line":1,"column":0},"end":{"line":1,"column":54}},"2":{"start":{"line":3,"column":0},"end":{"line":3,"column":45}}},"s":{"0":0,"2":0},"branchMap":{"0":{"type":"branch","line":1,"loc":{"start":{"line":1,"column":780},"end":{"line":51,"column":2}},"locations":[{"start":{"line":1,"column":780},"end":{"line":51,"column":2}}]}},"b":{"0":[0]},"fnMap":{"0":{"name":"(empty-report)","decl":{"start":{"line":1,"column":780},"end":{"line":51,"column":2}},"loc":{"start":{"line":1,"column":780},"end":{"line":51,"column":2}},"line":1}},"f":{"0":0}}
,"/app/src/types/BedroomType.ts": {"path":"/app/src/types/BedroomType.ts","all":true,"statementMap":{},"s":{},"branchMap":{"0":{"type":"branch","line":1,"loc":{"start":{"line":1,"column":216},"end":{"line":14,"column":1}},"locations":[{"start":{"line":1,"column":216},"end":{"line":14,"column":1}}]}},"b":{"0":[1]},"fnMap":{"0":{"name":"(empty-report)","decl":{"start":{"line":1,"column":216},"end":{"line":14,"column":1}},"loc":{"start":{"line":1,"column":216},"end":{"line":14,"column":1}},"line":1}},"f":{"0":1}}
,"/app/src/types/ProfileInfoType.ts": {"path":"/app/src/types/ProfileInfoType.ts","all":false,"statementMap":{},"s":{},"branchMap":{},"b":{},"fnMap":{},"f":{}}
,"/app/src/types/RegisterType.ts": {"path":"/app/src/types/RegisterType.ts","all":true,"statementMap":{},"s":{},"branchMap":{"0":{"type":"branch","line":1,"loc":{"start":{"line":1,"column":194},"end":{"line":10,"column":1}},"locations":[{"start":{"line":1,"column":194},"end":{"line":10,"column":1}}]}},"b":{"0":[1]},"fnMap":{"0":{"name":"(empty-report)","decl":{"start":{"line":1,"column":194},"end":{"line":10,"column":1}},"loc":{"start":{"line":1,"column":194},"end":{"line":10,"column":1}},"line":1}},"f":{"0":1}}
,"/app/src/types/ReservationDetailType.ts": {"path":"/app/src/types/ReservationDetailType.ts","all":true,"statementMap":{},"s":{},"branchMap":{"0":{"type":"branch","line":1,"loc":{"start":{"line":1,"column":376},"end":{"line":19,"column":2}},"locations":[{"start":{"line":1,"column":376},"end":{"line":19,"column":2}}]}},"b":{"0":[1]},"fnMap":{"0":{"name":"(empty-report)","decl":{"start":{"line":1,"column":376},"end":{"line":19,"column":2}},"loc":{"start":{"line":1,"column":376},"end":{"line":19,"column":2}},"line":1}},"f":{"0":1}}
,"/app/src/types/ReservationType.ts": {"path":"/app/src/types/ReservationType.ts","all":false,"statementMap":{},"s":{},"branchMap":{},"b":{},"fnMap":{},"f":{}}
,"/app/src/types/UserType.ts": {"path":"/app/src/types/UserType.ts","all":true,"statementMap":{},"s":{},"branchMap":{"0":{"type":"branch","line":1,"loc":{"start":{"line":1,"column":124},"end":{"line":7,"column":1}},"locations":[{"start":{"line":1,"column":124},"end":{"line":7,"column":1}}]}},"b":{"0":[1]},"fnMap":{"0":{"name":"(empty-report)","decl":{"start":{"line":1,"column":124},"end":{"line":7,"column":1}},"loc":{"start":{"line":1,"column":124},"end":{"line":7,"column":1}},"line":1}},"f":{"0":1}}
}
